Start testing: Apr 21 12:02 CEST
----------------------------------------------------------
1/6 Testing: cppcheck
1/6 Test: cppcheck
Command: "/usr/bin/python3.10" "-u" "/opt/ros/humble/share/ament_cmake_test/cmake/run_test.py" "/home/daniel/ros2_ws/src/edu_robocub_rescue_stack/build/test_results/edu_robocup_rescue_stack/cppcheck.xunit.xml" "--package-name" "edu_robocup_rescue_stack" "--output-file" "/home/daniel/ros2_ws/src/edu_robocub_rescue_stack/build/ament_cppcheck/cppcheck.txt" "--command" "/opt/ros/humble/bin/ament_cppcheck" "--xunit-file" "/home/daniel/ros2_ws/src/edu_robocub_rescue_stack/build/test_results/edu_robocup_rescue_stack/cppcheck.xunit.xml" "--include_dirs" "/home/daniel/ros2_ws/src/edu_robocub_rescue_stack/include"
Directory: /home/daniel/ros2_ws/src/edu_robocub_rescue_stack
"cppcheck" start time: Apr 21 12:02 CEST
Output:
----------------------------------------------------------
-- run_test.py: invoking following command in '/home/daniel/ros2_ws/src/edu_robocub_rescue_stack':
 - /opt/ros/humble/bin/ament_cppcheck --xunit-file /home/daniel/ros2_ws/src/edu_robocub_rescue_stack/build/test_results/edu_robocup_rescue_stack/cppcheck.xunit.xml --include_dirs /home/daniel/ros2_ws/src/edu_robocub_rescue_stack/include
cppcheck 2.7 has known performance issues and therefore will not be used, set the AMENT_CPPCHECK_ALLOW_SLOW_VERSIONS environment variable to override this.
-- run_test.py: return code 0
-- run_test.py: verify result file '/home/daniel/ros2_ws/src/edu_robocub_rescue_stack/build/test_results/edu_robocup_rescue_stack/cppcheck.xunit.xml'
<end of output>
Test time =   0.34 sec
----------------------------------------------------------
Test Passed.
"cppcheck" end time: Apr 21 12:02 CEST
"cppcheck" time elapsed: 00:00:00
----------------------------------------------------------

3/6 Testing: lint_cmake
3/6 Test: lint_cmake
Command: "/usr/bin/python3.10" "-u" "/opt/ros/humble/share/ament_cmake_test/cmake/run_test.py" "/home/daniel/ros2_ws/src/edu_robocub_rescue_stack/build/test_results/edu_robocup_rescue_stack/lint_cmake.xunit.xml" "--package-name" "edu_robocup_rescue_stack" "--output-file" "/home/daniel/ros2_ws/src/edu_robocub_rescue_stack/build/ament_lint_cmake/lint_cmake.txt" "--command" "/opt/ros/humble/bin/ament_lint_cmake" "--xunit-file" "/home/daniel/ros2_ws/src/edu_robocub_rescue_stack/build/test_results/edu_robocup_rescue_stack/lint_cmake.xunit.xml"
Directory: /home/daniel/ros2_ws/src/edu_robocub_rescue_stack
"lint_cmake" start time: Apr 21 12:02 CEST
Output:
----------------------------------------------------------
-- run_test.py: invoking following command in '/home/daniel/ros2_ws/src/edu_robocub_rescue_stack':
 - /opt/ros/humble/bin/ament_lint_cmake --xunit-file /home/daniel/ros2_ws/src/edu_robocub_rescue_stack/build/test_results/edu_robocup_rescue_stack/lint_cmake.xunit.xml
CMakeLists.txt:24: Lines should be <= 140 characters long [linelength]
CMakeLists.txt:26: Lines should be <= 140 characters long [linelength]
CMakeLists.txt:31: Line ends in whitespace [whitespace/eol]

build/CTestTestfile.cmake:1: Line ends in whitespace [whitespace/eol]
build/CTestTestfile.cmake:4: Line ends in whitespace [whitespace/eol]
build/CTestTestfile.cmake:5: Line ends in whitespace [whitespace/eol]
build/CTestTestfile.cmake:7: Lines should be <= 140 characters long [linelength]
build/CTestTestfile.cmake:8: Lines should be <= 140 characters long [linelength]
build/CTestTestfile.cmake:9: Lines should be <= 140 characters long [linelength]
build/CTestTestfile.cmake:10: Lines should be <= 140 characters long [linelength]
build/CTestTestfile.cmake:11: Lines should be <= 140 characters long [linelength]
build/CTestTestfile.cmake:12: Lines should be <= 140 characters long [linelength]
build/CTestTestfile.cmake:13: Lines should be <= 140 characters long [linelength]
build/CTestTestfile.cmake:14: Lines should be <= 140 characters long [linelength]
build/CTestTestfile.cmake:15: Lines should be <= 140 characters long [linelength]
build/CTestTestfile.cmake:16: Lines should be <= 140 characters long [linelength]
build/CTestTestfile.cmake:17: Lines should be <= 140 characters long [linelength]
build/CTestTestfile.cmake:18: Lines should be <= 140 characters long [linelength]

build/cmake_install.cmake:13: Weird indentation; use 2 spaces [whitespace/indent]
build/cmake_install.cmake:47: Weird indentation; use 2 spaces [whitespace/indent]
build/cmake_install.cmake:49: Weird indentation; use 2 spaces [whitespace/indent]
build/cmake_install.cmake:50: Weird indentation; use 2 spaces [whitespace/indent]
build/cmake_install.cmake:52: Lines should be <= 140 characters long [linelength]
build/cmake_install.cmake:54: Weird indentation; use 2 spaces [whitespace/indent]
build/cmake_install.cmake:56: Weird indentation; use 2 spaces [whitespace/indent]
build/cmake_install.cmake:57: Weird indentation; use 2 spaces [whitespace/indent]
build/cmake_install.cmake:58: Weird indentation; use 2 spaces [whitespace/indent]
build/cmake_install.cmake:60: Lines should be <= 140 characters long [linelength]
build/cmake_install.cmake:66: Mismatching spaces inside () after command [whitespace/mismatch]
build/cmake_install.cmake:75: Lines should be <= 140 characters long [linelength]
build/cmake_install.cmake:79: Lines should be <= 140 characters long [linelength]
build/cmake_install.cmake:83: Lines should be <= 140 characters long [linelength]
build/cmake_install.cmake:87: Lines should be <= 140 characters long [linelength]
build/cmake_install.cmake:91: Lines should be <= 140 characters long [linelength]
build/cmake_install.cmake:95: Lines should be <= 140 characters long [linelength]
build/cmake_install.cmake:99: Lines should be <= 140 characters long [linelength]
build/cmake_install.cmake:103: Lines should be <= 140 characters long [linelength]
build/cmake_install.cmake:107: Lines should be <= 140 characters long [linelength]
build/cmake_install.cmake:111: Lines should be <= 140 characters long [linelength]
build/cmake_install.cmake:115: Lines should be <= 140 characters long [linelength]
build/cmake_install.cmake:119: Lines should be <= 140 characters long [linelength]
build/cmake_install.cmake:123: Lines should be <= 140 characters long [linelength]
build/cmake_install.cmake:127: Mismatching spaces inside () after command [whitespace/mismatch]
build/cmake_install.cmake:134: Lines should be <= 140 characters long [linelength]
build/cmake_install.cmake:144: Weird indentation; use 2 spaces [whitespace/indent]
build/cmake_install.cmake:146: Weird indentation; use 2 spaces [whitespace/indent]

build/CMakeFiles/Makefile.cmake:8: Mismatching spaces inside () after command [whitespace/mismatch]
build/CMakeFiles/Makefile.cmake:1105: Mismatching spaces inside () after command [whitespace/mismatch]
build/CMakeFiles/Makefile.cmake:1111: Mismatching spaces inside () after command [whitespace/mismatch]
build/CMakeFiles/Makefile.cmake:1133: Mismatching spaces inside () after command [whitespace/mismatch]

build/CMakeFiles/3.22.1/CMakeCCompiler.cmake:9: Lines should be <= 140 characters long [linelength]
build/CMakeFiles/3.22.1/CMakeCCompiler.cmake:69: Lines should be <= 140 characters long [linelength]

build/CMakeFiles/3.22.1/CMakeCXXCompiler.cmake:9: Lines should be <= 140 characters long [linelength]
build/CMakeFiles/3.22.1/CMakeCXXCompiler.cmake:11: Lines should be <= 140 characters long [linelength]
build/CMakeFiles/3.22.1/CMakeCXXCompiler.cmake:12: Lines should be <= 140 characters long [linelength]
build/CMakeFiles/3.22.1/CMakeCXXCompiler.cmake:42: Extra spaces between 'foreach' and its () [whitespace/extra]
build/CMakeFiles/3.22.1/CMakeCXXCompiler.cmake:43: Extra spaces between 'if' and its () [whitespace/extra]
build/CMakeFiles/3.22.1/CMakeCXXCompiler.cmake:80: Lines should be <= 140 characters long [linelength]

build/CMakeFiles/edu_robocup_rescue_stack_node.dir/DependInfo.cmake:6: Mismatching spaces inside () after command [whitespace/mismatch]
build/CMakeFiles/edu_robocup_rescue_stack_node.dir/DependInfo.cmake:10: Mismatching spaces inside () after command [whitespace/mismatch]
build/CMakeFiles/edu_robocup_rescue_stack_node.dir/DependInfo.cmake:20: Mismatching spaces inside () after command [whitespace/mismatch]

build/CMakeFiles/edu_robocup_rescue_stack_uninstall.dir/DependInfo.cmake:6: Mismatching spaces inside () after command [whitespace/mismatch]
build/CMakeFiles/edu_robocup_rescue_stack_uninstall.dir/DependInfo.cmake:10: Mismatching spaces inside () after command [whitespace/mismatch]
build/CMakeFiles/edu_robocup_rescue_stack_uninstall.dir/DependInfo.cmake:14: Mismatching spaces inside () after command [whitespace/mismatch]

build/CMakeFiles/edu_robocup_rescue_stack_uninstall.dir/cmake_clean.cmake:6: Mismatching spaces inside () after command [whitespace/mismatch]

build/CMakeFiles/uninstall.dir/DependInfo.cmake:6: Mismatching spaces inside () after command [whitespace/mismatch]
build/CMakeFiles/uninstall.dir/DependInfo.cmake:10: Mismatching spaces inside () after command [whitespace/mismatch]
build/CMakeFiles/uninstall.dir/DependInfo.cmake:14: Mismatching spaces inside () after command [whitespace/mismatch]

build/CMakeFiles/uninstall.dir/cmake_clean.cmake:3: Mismatching spaces inside () after command [whitespace/mismatch]

build/ament_cmake_core/package.cmake:4: Mismatching spaces inside () after command [whitespace/mismatch]
build/ament_cmake_core/package.cmake:6: Mismatching spaces inside () after command [whitespace/mismatch]
build/ament_cmake_core/package.cmake:7: Mismatching spaces inside () after command [whitespace/mismatch]
build/ament_cmake_core/package.cmake:8: Mismatching spaces inside () after command [whitespace/mismatch]
build/ament_cmake_core/package.cmake:10: Mismatching spaces inside () after command [whitespace/mismatch]
build/ament_cmake_core/package.cmake:11: Mismatching spaces inside () after command [whitespace/mismatch]

build/ament_cmake_package_templates/templates.cmake:1: Lines should be <= 140 characters long [linelength]
build/ament_cmake_package_templates/templates.cmake:2: Lines should be <= 140 characters long [linelength]
build/ament_cmake_package_templates/templates.cmake:4: Lines should be <= 140 characters long [linelength]
build/ament_cmake_package_templates/templates.cmake:5: Lines should be <= 140 characters long [linelength]
build/ament_cmake_package_templates/templates.cmake:6: Lines should be <= 140 characters long [linelength]
build/ament_cmake_package_templates/templates.cmake:8: Lines should be <= 140 characters long [linelength]
build/ament_cmake_package_templates/templates.cmake:9: Lines should be <= 140 characters long [linelength]
build/ament_cmake_package_templates/templates.cmake:10: Lines should be <= 140 characters long [linelength]
build/ament_cmake_package_templates/templates.cmake:11: Lines should be <= 140 characters long [linelength]
build/ament_cmake_package_templates/templates.cmake:12: Lines should be <= 140 characters long [linelength]
build/ament_cmake_package_templates/templates.cmake:13: Lines should be <= 140 characters long [linelength]
build/ament_cmake_package_templates/templates.cmake:14: Lines should be <= 140 characters long [linelength]

build/edu_robocup_rescue_stack/CTestTestfile.cmake:1: Line ends in whitespace [whitespace/eol]
build/edu_robocup_rescue_stack/CTestTestfile.cmake:4: Line ends in whitespace [whitespace/eol]
build/edu_robocup_rescue_stack/CTestTestfile.cmake:5: Line ends in whitespace [whitespace/eol]
build/edu_robocup_rescue_stack/CTestTestfile.cmake:7: Lines should be <= 140 characters long [linelength]
build/edu_robocup_rescue_stack/CTestTestfile.cmake:8: Lines should be <= 140 characters long [linelength]
build/edu_robocup_rescue_stack/CTestTestfile.cmake:9: Lines should be <= 140 characters long [linelength]
build/edu_robocup_rescue_stack/CTestTestfile.cmake:10: Lines should be <= 140 characters long [linelength]
build/edu_robocup_rescue_stack/CTestTestfile.cmake:11: Lines should be <= 140 characters long [linelength]
build/edu_robocup_rescue_stack/CTestTestfile.cmake:12: Lines should be <= 140 characters long [linelength]
build/edu_robocup_rescue_stack/CTestTestfile.cmake:13: Lines should be <= 140 characters long [linelength]
build/edu_robocup_rescue_stack/CTestTestfile.cmake:14: Lines should be <= 140 characters long [linelength]
build/edu_robocup_rescue_stack/CTestTestfile.cmake:15: Lines should be <= 140 characters long [linelength]
build/edu_robocup_rescue_stack/CTestTestfile.cmake:16: Lines should be <= 140 characters long [linelength]
build/edu_robocup_rescue_stack/CTestTestfile.cmake:17: Lines should be <= 140 characters long [linelength]
build/edu_robocup_rescue_stack/CTestTestfile.cmake:18: Lines should be <= 140 characters long [linelength]

build/edu_robocup_rescue_stack/cmake_install.cmake:13: Weird indentation; use 2 spaces [whitespace/indent]
build/edu_robocup_rescue_stack/cmake_install.cmake:47: Weird indentation; use 2 spaces [whitespace/indent]
build/edu_robocup_rescue_stack/cmake_install.cmake:49: Weird indentation; use 2 spaces [whitespace/indent]
build/edu_robocup_rescue_stack/cmake_install.cmake:50: Weird indentation; use 2 spaces [whitespace/indent]
build/edu_robocup_rescue_stack/cmake_install.cmake:52: Lines should be <= 140 characters long [linelength]
build/edu_robocup_rescue_stack/cmake_install.cmake:54: Weird indentation; use 2 spaces [whitespace/indent]
build/edu_robocup_rescue_stack/cmake_install.cmake:56: Weird indentation; use 2 spaces [whitespace/indent]
build/edu_robocup_rescue_stack/cmake_install.cmake:57: Weird indentation; use 2 spaces [whitespace/indent]
build/edu_robocup_rescue_stack/cmake_install.cmake:58: Weird indentation; use 2 spaces [whitespace/indent]
build/edu_robocup_rescue_stack/cmake_install.cmake:60: Lines should be <= 140 characters long [linelength]
build/edu_robocup_rescue_stack/cmake_install.cmake:66: Mismatching spaces inside () after command [whitespace/mismatch]
build/edu_robocup_rescue_stack/cmake_install.cmake:75: Lines should be <= 140 characters long [linelength]
build/edu_robocup_rescue_stack/cmake_install.cmake:79: Lines should be <= 140 characters long [linelength]
build/edu_robocup_rescue_stack/cmake_install.cmake:83: Lines should be <= 140 characters long [linelength]
build/edu_robocup_rescue_stack/cmake_install.cmake:87: Lines should be <= 140 characters long [linelength]
build/edu_robocup_rescue_stack/cmake_install.cmake:91: Lines should be <= 140 characters long [linelength]
build/edu_robocup_rescue_stack/cmake_install.cmake:95: Lines should be <= 140 characters long [linelength]
build/edu_robocup_rescue_stack/cmake_install.cmake:99: Lines should be <= 140 characters long [linelength]
build/edu_robocup_rescue_stack/cmake_install.cmake:103: Lines should be <= 140 characters long [linelength]
build/edu_robocup_rescue_stack/cmake_install.cmake:107: Lines should be <= 140 characters long [linelength]
build/edu_robocup_rescue_stack/cmake_install.cmake:111: Lines should be <= 140 characters long [linelength]
build/edu_robocup_rescue_stack/cmake_install.cmake:115: Lines should be <= 140 characters long [linelength]
build/edu_robocup_rescue_stack/cmake_install.cmake:119: Lines should be <= 140 characters long [linelength]
build/edu_robocup_rescue_stack/cmake_install.cmake:123: Lines should be <= 140 characters long [linelength]
build/edu_robocup_rescue_stack/cmake_install.cmake:127: Mismatching spaces inside () after command [whitespace/mismatch]
build/edu_robocup_rescue_stack/cmake_install.cmake:134: Lines should be <= 140 characters long [linelength]
build/edu_robocup_rescue_stack/cmake_install.cmake:144: Weird indentation; use 2 spaces [whitespace/indent]
build/edu_robocup_rescue_stack/cmake_install.cmake:146: Weird indentation; use 2 spaces [whitespace/indent]

build/edu_robocup_rescue_stack/CMakeFiles/Makefile.cmake:8: Mismatching spaces inside () after command [whitespace/mismatch]
build/edu_robocup_rescue_stack/CMakeFiles/Makefile.cmake:1105: Mismatching spaces inside () after command [whitespace/mismatch]
build/edu_robocup_rescue_stack/CMakeFiles/Makefile.cmake:1111: Mismatching spaces inside () after command [whitespace/mismatch]
build/edu_robocup_rescue_stack/CMakeFiles/Makefile.cmake:1133: Mismatching spaces inside () after command [whitespace/mismatch]

build/edu_robocup_rescue_stack/CMakeFiles/3.22.1/CMakeCCompiler.cmake:9: Lines should be <= 140 characters long [linelength]
build/edu_robocup_rescue_stack/CMakeFiles/3.22.1/CMakeCCompiler.cmake:69: Lines should be <= 140 characters long [linelength]

build/edu_robocup_rescue_stack/CMakeFiles/3.22.1/CMakeCXXCompiler.cmake:9: Lines should be <= 140 characters long [linelength]
build/edu_robocup_rescue_stack/CMakeFiles/3.22.1/CMakeCXXCompiler.cmake:11: Lines should be <= 140 characters long [linelength]
build/edu_robocup_rescue_stack/CMakeFiles/3.22.1/CMakeCXXCompiler.cmake:12: Lines should be <= 140 characters long [linelength]
build/edu_robocup_rescue_stack/CMakeFiles/3.22.1/CMakeCXXCompiler.cmake:42: Extra spaces between 'foreach' and its () [whitespace/extra]
build/edu_robocup_rescue_stack/CMakeFiles/3.22.1/CMakeCXXCompiler.cmake:43: Extra spaces between 'if' and its () [whitespace/extra]
build/edu_robocup_rescue_stack/CMakeFiles/3.22.1/CMakeCXXCompiler.cmake:80: Lines should be <= 140 characters long [linelength]

build/edu_robocup_rescue_stack/CMakeFiles/edu_robocup_rescue_stack_node.dir/DependInfo.cmake:6: Mismatching spaces inside () after command [whitespace/mismatch]
build/edu_robocup_rescue_stack/CMakeFiles/edu_robocup_rescue_stack_node.dir/DependInfo.cmake:10: Mismatching spaces inside () after command [whitespace/mismatch]
build/edu_robocup_rescue_stack/CMakeFiles/edu_robocup_rescue_stack_node.dir/DependInfo.cmake:20: Mismatching spaces inside () after command [whitespace/mismatch]

build/edu_robocup_rescue_stack/CMakeFiles/edu_robocup_rescue_stack_uninstall.dir/DependInfo.cmake:6: Mismatching spaces inside () after command [whitespace/mismatch]
build/edu_robocup_rescue_stack/CMakeFiles/edu_robocup_rescue_stack_uninstall.dir/DependInfo.cmake:10: Mismatching spaces inside () after command [whitespace/mismatch]
build/edu_robocup_rescue_stack/CMakeFiles/edu_robocup_rescue_stack_uninstall.dir/DependInfo.cmake:14: Mismatching spaces inside () after command [whitespace/mismatch]

build/edu_robocup_rescue_stack/CMakeFiles/edu_robocup_rescue_stack_uninstall.dir/cmake_clean.cmake:6: Mismatching spaces inside () after command [whitespace/mismatch]

build/edu_robocup_rescue_stack/CMakeFiles/uninstall.dir/DependInfo.cmake:6: Mismatching spaces inside () after command [whitespace/mismatch]
build/edu_robocup_rescue_stack/CMakeFiles/uninstall.dir/DependInfo.cmake:10: Mismatching spaces inside () after command [whitespace/mismatch]
build/edu_robocup_rescue_stack/CMakeFiles/uninstall.dir/DependInfo.cmake:14: Mismatching spaces inside () after command [whitespace/mismatch]

build/edu_robocup_rescue_stack/CMakeFiles/uninstall.dir/cmake_clean.cmake:3: Mismatching spaces inside () after command [whitespace/mismatch]

build/edu_robocup_rescue_stack/ament_cmake_core/package.cmake:4: Mismatching spaces inside () after command [whitespace/mismatch]
build/edu_robocup_rescue_stack/ament_cmake_core/package.cmake:6: Mismatching spaces inside () after command [whitespace/mismatch]
build/edu_robocup_rescue_stack/ament_cmake_core/package.cmake:7: Mismatching spaces inside () after command [whitespace/mismatch]
build/edu_robocup_rescue_stack/ament_cmake_core/package.cmake:8: Mismatching spaces inside () after command [whitespace/mismatch]
build/edu_robocup_rescue_stack/ament_cmake_core/package.cmake:10: Mismatching spaces inside () after command [whitespace/mismatch]
build/edu_robocup_rescue_stack/ament_cmake_core/package.cmake:11: Mismatching spaces inside () after command [whitespace/mismatch]

build/edu_robocup_rescue_stack/ament_cmake_package_templates/templates.cmake:1: Lines should be <= 140 characters long [linelength]
build/edu_robocup_rescue_stack/ament_cmake_package_templates/templates.cmake:2: Lines should be <= 140 characters long [linelength]
build/edu_robocup_rescue_stack/ament_cmake_package_templates/templates.cmake:4: Lines should be <= 140 characters long [linelength]
build/edu_robocup_rescue_stack/ament_cmake_package_templates/templates.cmake:5: Lines should be <= 140 characters long [linelength]
build/edu_robocup_rescue_stack/ament_cmake_package_templates/templates.cmake:6: Lines should be <= 140 characters long [linelength]
build/edu_robocup_rescue_stack/ament_cmake_package_templates/templates.cmake:8: Lines should be <= 140 characters long [linelength]
build/edu_robocup_rescue_stack/ament_cmake_package_templates/templates.cmake:9: Lines should be <= 140 characters long [linelength]
build/edu_robocup_rescue_stack/ament_cmake_package_templates/templates.cmake:10: Lines should be <= 140 characters long [linelength]
build/edu_robocup_rescue_stack/ament_cmake_package_templates/templates.cmake:11: Lines should be <= 140 characters long [linelength]
build/edu_robocup_rescue_stack/ament_cmake_package_templates/templates.cmake:12: Lines should be <= 140 characters long [linelength]
build/edu_robocup_rescue_stack/ament_cmake_package_templates/templates.cmake:13: Lines should be <= 140 characters long [linelength]
build/edu_robocup_rescue_stack/ament_cmake_package_templates/templates.cmake:14: Lines should be <= 140 characters long [linelength]


171 errors
-- run_test.py: return code 1
-- run_test.py: verify result file '/home/daniel/ros2_ws/src/edu_robocub_rescue_stack/build/test_results/edu_robocup_rescue_stack/lint_cmake.xunit.xml'
<end of output>
Test time =   0.37 sec
----------------------------------------------------------
Test Failed.
"lint_cmake" end time: Apr 21 12:02 CEST
"lint_cmake" time elapsed: 00:00:00
----------------------------------------------------------

5/6 Testing: uncrustify
5/6 Test: uncrustify
Command: "/usr/bin/python3.10" "-u" "/opt/ros/humble/share/ament_cmake_test/cmake/run_test.py" "/home/daniel/ros2_ws/src/edu_robocub_rescue_stack/build/test_results/edu_robocup_rescue_stack/uncrustify.xunit.xml" "--package-name" "edu_robocup_rescue_stack" "--output-file" "/home/daniel/ros2_ws/src/edu_robocub_rescue_stack/build/ament_uncrustify/uncrustify.txt" "--command" "/opt/ros/humble/bin/ament_uncrustify" "--xunit-file" "/home/daniel/ros2_ws/src/edu_robocub_rescue_stack/build/test_results/edu_robocup_rescue_stack/uncrustify.xunit.xml"
Directory: /home/daniel/ros2_ws/src/edu_robocub_rescue_stack
"uncrustify" start time: Apr 21 12:02 CEST
Output:
----------------------------------------------------------
-- run_test.py: invoking following command in '/home/daniel/ros2_ws/src/edu_robocub_rescue_stack':
 - /opt/ros/humble/bin/ament_uncrustify --xunit-file /home/daniel/ros2_ws/src/edu_robocub_rescue_stack/build/test_results/edu_robocup_rescue_stack/uncrustify.xunit.xml
Code style divergence in file 'build/CMakeFiles/3.22.1/CompilerIdC/CMakeCCompilerId.c':

--- build/CMakeFiles/3.22.1/CompilerIdC/CMakeCCompilerId.c
+++ build/CMakeFiles/3.22.1/CompilerIdC/CMakeCCompilerId.c.uncrustify
@@ -32 +32 @@
-  /* __INTEL_COMPILER = VRP prior to 2021, and then VVVV for 2021 and later,
+/* __INTEL_COMPILER = VRP prior to 2021, and then VVVV for 2021 and later,
@@ -35,2 +35,2 @@
-#  define COMPILER_VERSION_MAJOR DEC(__INTEL_COMPILER/100)
-#  define COMPILER_VERSION_MINOR DEC(__INTEL_COMPILER/10 % 10)
+#  define COMPILER_VERSION_MAJOR DEC(__INTEL_COMPILER / 100)
+#  define COMPILER_VERSION_MINOR DEC(__INTEL_COMPILER / 10 % 10)
@@ -40 +40 @@
-#   define COMPILER_VERSION_PATCH DEC(__INTEL_COMPILER   % 10)
+#   define COMPILER_VERSION_PATCH DEC(__INTEL_COMPILER % 10)
@@ -45 +45 @@
-   /* The third version component from --version is an update index,
+/* The third version component from --version is an update index,
@@ -50 +50 @@
-   /* __INTEL_COMPILER_BUILD_DATE = YYYYMMDD */
+/* __INTEL_COMPILER_BUILD_DATE = YYYYMMDD */
@@ -54 +54 @@
-   /* _MSC_VER = VVRR */
+/* _MSC_VER = VVRR */
@@ -83,3 +83,3 @@
-# define COMPILER_VERSION_MAJOR DEC(__INTEL_LLVM_COMPILER/100)
-# define COMPILER_VERSION_MINOR DEC(__INTEL_LLVM_COMPILER/10 % 10)
-# define COMPILER_VERSION_PATCH DEC(__INTEL_LLVM_COMPILER    % 10)
+# define COMPILER_VERSION_MAJOR DEC(__INTEL_LLVM_COMPILER / 100)
+# define COMPILER_VERSION_MINOR DEC(__INTEL_LLVM_COMPILER / 10 % 10)
+# define COMPILER_VERSION_PATCH DEC(__INTEL_LLVM_COMPILER % 10)
@@ -87,3 +87,3 @@
-# define COMPILER_VERSION_MAJOR DEC(__INTEL_LLVM_COMPILER/10000)
-# define COMPILER_VERSION_MINOR DEC(__INTEL_LLVM_COMPILER/100 % 100)
-# define COMPILER_VERSION_PATCH DEC(__INTEL_LLVM_COMPILER     % 100)
+# define COMPILER_VERSION_MAJOR DEC(__INTEL_LLVM_COMPILER / 10000)
+# define COMPILER_VERSION_MINOR DEC(__INTEL_LLVM_COMPILER / 100 % 100)
+# define COMPILER_VERSION_PATCH DEC(__INTEL_LLVM_COMPILER % 100)
@@ -92 +92 @@
-  /* _MSC_VER = VVRR */
+/* _MSC_VER = VVRR */
@@ -118,3 +118,3 @@
-# define COMPILER_VERSION_MAJOR HEX(__CODEGEARC_VERSION__>>24 & 0x00FF)
-# define COMPILER_VERSION_MINOR HEX(__CODEGEARC_VERSION__>>16 & 0x00FF)
-# define COMPILER_VERSION_PATCH DEC(__CODEGEARC_VERSION__     & 0xFFFF)
+# define COMPILER_VERSION_MAJOR HEX(__CODEGEARC_VERSION__ >> 24 & 0x00FF)
+# define COMPILER_VERSION_MINOR HEX(__CODEGEARC_VERSION__ >> 16 & 0x00FF)
+# define COMPILER_VERSION_PATCH DEC(__CODEGEARC_VERSION__ & 0xFFFF)
@@ -124,2 +124,2 @@
-  /* __BORLANDC__ = 0xVRR */
-# define COMPILER_VERSION_MAJOR HEX(__BORLANDC__>>8)
+/* __BORLANDC__ = 0xVRR */
+# define COMPILER_VERSION_MAJOR HEX(__BORLANDC__ >> 8)
@@ -130 +130 @@
-   /* __WATCOMC__ = VVRR */
+/* __WATCOMC__ = VVRR */
@@ -139 +139 @@
-   /* __WATCOMC__ = VVRP + 1100 */
+/* __WATCOMC__ = VVRP + 1100 */
@@ -149,4 +149,4 @@
-   /* __SUNPRO_C = 0xVRRP */
-#  define COMPILER_VERSION_MAJOR HEX(__SUNPRO_C>>12)
-#  define COMPILER_VERSION_MINOR HEX(__SUNPRO_C>>4 & 0xFF)
-#  define COMPILER_VERSION_PATCH HEX(__SUNPRO_C    & 0xF)
+/* __SUNPRO_C = 0xVRRP */
+#  define COMPILER_VERSION_MAJOR HEX(__SUNPRO_C >> 12)
+#  define COMPILER_VERSION_MINOR HEX(__SUNPRO_C >> 4 & 0xFF)
+#  define COMPILER_VERSION_PATCH HEX(__SUNPRO_C & 0xF)
@@ -154,4 +154,4 @@
-   /* __SUNPRO_CC = 0xVRP */
-#  define COMPILER_VERSION_MAJOR HEX(__SUNPRO_C>>8)
-#  define COMPILER_VERSION_MINOR HEX(__SUNPRO_C>>4 & 0xF)
-#  define COMPILER_VERSION_PATCH HEX(__SUNPRO_C    & 0xF)
+/* __SUNPRO_CC = 0xVRP */
+#  define COMPILER_VERSION_MAJOR HEX(__SUNPRO_C >> 8)
+#  define COMPILER_VERSION_MINOR HEX(__SUNPRO_C >> 4 & 0xF)
+#  define COMPILER_VERSION_PATCH HEX(__SUNPRO_C & 0xF)
@@ -162,4 +162,4 @@
-  /* __HP_cc = VVRRPP */
-# define COMPILER_VERSION_MAJOR DEC(__HP_cc/10000)
-# define COMPILER_VERSION_MINOR DEC(__HP_cc/100 % 100)
-# define COMPILER_VERSION_PATCH DEC(__HP_cc     % 100)
+/* __HP_cc = VVRRPP */
+# define COMPILER_VERSION_MAJOR DEC(__HP_cc / 10000)
+# define COMPILER_VERSION_MINOR DEC(__HP_cc / 100 % 100)
+# define COMPILER_VERSION_PATCH DEC(__HP_cc % 100)
@@ -169,4 +169,4 @@
-  /* __DECC_VER = VVRRTPPPP */
-# define COMPILER_VERSION_MAJOR DEC(__DECC_VER/10000000)
-# define COMPILER_VERSION_MINOR DEC(__DECC_VER/100000  % 100)
-# define COMPILER_VERSION_PATCH DEC(__DECC_VER         % 10000)
+/* __DECC_VER = VVRRTPPPP */
+# define COMPILER_VERSION_MAJOR DEC(__DECC_VER / 10000000)
+# define COMPILER_VERSION_MINOR DEC(__DECC_VER / 100000 % 100)
+# define COMPILER_VERSION_PATCH DEC(__DECC_VER % 10000)
@@ -176,4 +176,4 @@
-  /* __IBMC__ = VRP */
-# define COMPILER_VERSION_MAJOR DEC(__IBMC__/100)
-# define COMPILER_VERSION_MINOR DEC(__IBMC__/10 % 10)
-# define COMPILER_VERSION_PATCH DEC(__IBMC__    % 10)
+/* __IBMC__ = VRP */
+# define COMPILER_VERSION_MAJOR DEC(__IBMC__ / 100)
+# define COMPILER_VERSION_MINOR DEC(__IBMC__ / 10 % 10)
+# define COMPILER_VERSION_PATCH DEC(__IBMC__ % 10)
@@ -191,4 +191,4 @@
-  /* __IBMC__ = VRP */
-# define COMPILER_VERSION_MAJOR DEC(__IBMC__/100)
-# define COMPILER_VERSION_MINOR DEC(__IBMC__/10 % 10)
-# define COMPILER_VERSION_PATCH DEC(__IBMC__    % 10)
+/* __IBMC__ = VRP */
+# define COMPILER_VERSION_MAJOR DEC(__IBMC__ / 100)
+# define COMPILER_VERSION_MINOR DEC(__IBMC__ / 10 % 10)
+# define COMPILER_VERSION_PATCH DEC(__IBMC__ % 10)
@@ -198,4 +198,4 @@
-  /* __IBMC__ = VRP */
-# define COMPILER_VERSION_MAJOR DEC(__IBMC__/100)
-# define COMPILER_VERSION_MINOR DEC(__IBMC__/10 % 10)
-# define COMPILER_VERSION_PATCH DEC(__IBMC__    % 10)
+/* __IBMC__ = VRP */
+# define COMPILER_VERSION_MAJOR DEC(__IBMC__ / 100)
+# define COMPILER_VERSION_MINOR DEC(__IBMC__ / 10 % 10)
+# define COMPILER_VERSION_PATCH DEC(__IBMC__ % 10)
@@ -226,4 +226,4 @@
-  /* __TI_COMPILER_VERSION__ = VVVRRRPPP */
-# define COMPILER_VERSION_MAJOR DEC(__TI_COMPILER_VERSION__/1000000)
-# define COMPILER_VERSION_MINOR DEC(__TI_COMPILER_VERSION__/1000   % 1000)
-# define COMPILER_VERSION_PATCH DEC(__TI_COMPILER_VERSION__        % 1000)
+/* __TI_COMPILER_VERSION__ = VVVRRRPPP */
+# define COMPILER_VERSION_MAJOR DEC(__TI_COMPILER_VERSION__ / 1000000)
+# define COMPILER_VERSION_MINOR DEC(__TI_COMPILER_VERSION__ / 1000 % 1000)
+# define COMPILER_VERSION_PATCH DEC(__TI_COMPILER_VERSION__ % 1000)
@@ -261 +261 @@
-# define COMPILER_VERSION_PATCH DEC(__GHS_VERSION_NUMBER      % 10)
+# define COMPILER_VERSION_PATCH DEC(__GHS_VERSION_NUMBER % 10)
@@ -276,4 +276,4 @@
-  /* __ARMCC_VERSION = VRRPPPP */
-  # define COMPILER_VERSION_MAJOR DEC(__ARMCC_VERSION/1000000)
-  # define COMPILER_VERSION_MINOR DEC(__ARMCC_VERSION/10000 % 100)
-  # define COMPILER_VERSION_PATCH DEC(__ARMCC_VERSION     % 10000)
+/* __ARMCC_VERSION = VRRPPPP */
+  # define COMPILER_VERSION_MAJOR DEC(__ARMCC_VERSION / 1000000)
+  # define COMPILER_VERSION_MINOR DEC(__ARMCC_VERSION / 10000 % 100)
+  # define COMPILER_VERSION_PATCH DEC(__ARMCC_VERSION % 10000)
@@ -281,4 +281,4 @@
-  /* __ARMCC_VERSION = VRPPPP */
-  # define COMPILER_VERSION_MAJOR DEC(__ARMCC_VERSION/100000)
-  # define COMPILER_VERSION_MINOR DEC(__ARMCC_VERSION/10000 % 10)
-  # define COMPILER_VERSION_PATCH DEC(__ARMCC_VERSION    % 10000)
+/* __ARMCC_VERSION = VRPPPP */
+  # define COMPILER_VERSION_MAJOR DEC(__ARMCC_VERSION / 100000)
+  # define COMPILER_VERSION_MINOR DEC(__ARMCC_VERSION / 10000 % 10)
+  # define COMPILER_VERSION_PATCH DEC(__ARMCC_VERSION % 10000)
@@ -297 +297 @@
-   /* _MSC_VER = VVRR */
+/* _MSC_VER = VVRR */
@@ -305,3 +305,3 @@
-  # define COMPILER_VERSION_MAJOR DEC(__ARMCOMPILER_VERSION/1000000)
-  # define COMPILER_VERSION_MINOR DEC(__ARMCOMPILER_VERSION/10000 % 100)
-  # define COMPILER_VERSION_PATCH DEC(__ARMCOMPILER_VERSION     % 10000)
+  # define COMPILER_VERSION_MAJOR DEC(__ARMCOMPILER_VERSION / 1000000)
+  # define COMPILER_VERSION_MINOR DEC(__ARMCOMPILER_VERSION / 10000 % 100)
+  # define COMPILER_VERSION_PATCH DEC(__ARMCOMPILER_VERSION % 10000)
@@ -319 +319 @@
-   /* _MSC_VER = VVRR */
+/* _MSC_VER = VVRR */
@@ -336 +336 @@
-  /* _MSC_VER = VVRR */
+/* _MSC_VER = VVRR */
@@ -341 +341 @@
-    /* _MSC_FULL_VER = VVRRPPPPP */
+/* _MSC_FULL_VER = VVRRPPPPP */
@@ -344 +344 @@
-    /* _MSC_FULL_VER = VVRRPPPP */
+/* _MSC_FULL_VER = VVRRPPPP */
@@ -352 +352,2 @@
-#elif defined(__VISUALDSPVERSION__) || defined(__ADSPBLACKFIN__) || defined(__ADSPTS__) || defined(__ADSP21000__)
+#elif defined(__VISUALDSPVERSION__) || defined(__ADSPBLACKFIN__) || defined(__ADSPTS__) || \
+  defined(__ADSP21000__)
@@ -355,4 +356,4 @@
-  /* __VISUALDSPVERSION__ = 0xVVRRPP00 */
-# define COMPILER_VERSION_MAJOR HEX(__VISUALDSPVERSION__>>24)
-# define COMPILER_VERSION_MINOR HEX(__VISUALDSPVERSION__>>16 & 0xFF)
-# define COMPILER_VERSION_PATCH HEX(__VISUALDSPVERSION__>>8  & 0xFF)
+/* __VISUALDSPVERSION__ = 0xVVRRPP00 */
+# define COMPILER_VERSION_MAJOR HEX(__VISUALDSPVERSION__ >> 24)
+# define COMPILER_VERSION_MINOR HEX(__VISUALDSPVERSION__ >> 16 & 0xFF)
+# define COMPILER_VERSION_PATCH HEX(__VISUALDSPVERSION__ >> 8 & 0xFF)
@@ -368 +369,3 @@
-# elif defined(__VER__) && (defined(__ICCAVR__) || defined(__ICCRX__) || defined(__ICCRH850__) || defined(__ICCRL78__) || defined(__ICC430__) || defined(__ICCRISCV__) || defined(__ICCV850__) || defined(__ICC8051__) || defined(__ICCSTM8__))
+# elif defined(__VER__) && (defined(__ICCAVR__) || defined(__ICCRX__) || defined(__ICCRH850__) || \
+  defined(__ICCRL78__) || defined(__ICC430__) || defined(__ICCRISCV__) || defined(__ICCV850__) || \
+  defined(__ICC8051__) || defined(__ICCSTM8__))
@@ -370 +373 @@
-#  define COMPILER_VERSION_MINOR DEC((__VER__) - (((__VER__) / 100)*100))
+#  define COMPILER_VERSION_MINOR DEC((__VER__) -(((__VER__) / 100) * 100))
@@ -382,4 +385,4 @@
-  /* SDCC = VRP */
-#  define COMPILER_VERSION_MAJOR DEC(SDCC/100)
-#  define COMPILER_VERSION_MINOR DEC(SDCC/10 % 10)
-#  define COMPILER_VERSION_PATCH DEC(SDCC    % 10)
+/* SDCC = VRP */
+#  define COMPILER_VERSION_MAJOR DEC(SDCC / 100)
+#  define COMPILER_VERSION_MINOR DEC(SDCC / 10 % 10)
+#  define COMPILER_VERSION_PATCH DEC(SDCC % 10)
@@ -403 +406 @@
-char const* info_compiler = "INFO" ":" "compiler[" COMPILER_ID "]";
+char const * info_compiler = "INFO" ":" "compiler[" COMPILER_ID "]";
@@ -405 +408 @@
-char const* info_simulate = "INFO" ":" "simulate[" SIMULATE_ID "]";
+char const * info_simulate = "INFO" ":" "simulate[" SIMULATE_ID "]";
@@ -409 +412 @@
-char const* qnxnto = "INFO" ":" "qnxnto[]";
+char const * qnxnto = "INFO" ":" "qnxnto[]";
@@ -413 +416 @@
-char const *info_cray = "INFO" ":" "compiler_wrapper[CrayPrgEnv]";
+char const * info_cray = "INFO" ":" "compiler_wrapper[CrayPrgEnv]";
@@ -656,9 +659,9 @@
-#define DEC(n)                   \
-  ('0' + (((n) / 10000000)%10)), \
-  ('0' + (((n) / 1000000)%10)),  \
-  ('0' + (((n) / 100000)%10)),   \
-  ('0' + (((n) / 10000)%10)),    \
-  ('0' + (((n) / 1000)%10)),     \
-  ('0' + (((n) / 100)%10)),      \
-  ('0' + (((n) / 10)%10)),       \
-  ('0' +  ((n) % 10))
+#define DEC(n) \
+  ('0' + (((n) / 10000000) % 10)), \
+  ('0' + (((n) / 1000000) % 10)), \
+  ('0' + (((n) / 100000) % 10)), \
+  ('0' + (((n) / 10000) % 10)), \
+  ('0' + (((n) / 1000) % 10)), \
+  ('0' + (((n) / 100) % 10)), \
+  ('0' + (((n) / 10) % 10)), \
+  ('0' + ((n) % 10))
@@ -667,9 +670,9 @@
-#define HEX(n)             \
-  ('0' + ((n)>>28 & 0xF)), \
-  ('0' + ((n)>>24 & 0xF)), \
-  ('0' + ((n)>>20 & 0xF)), \
-  ('0' + ((n)>>16 & 0xF)), \
-  ('0' + ((n)>>12 & 0xF)), \
-  ('0' + ((n)>>8  & 0xF)), \
-  ('0' + ((n)>>4  & 0xF)), \
-  ('0' + ((n)     & 0xF))
+#define HEX(n) \
+  ('0' + ((n) >> 28 & 0xF)), \
+  ('0' + ((n) >> 24 & 0xF)), \
+  ('0' + ((n) >> 20 & 0xF)), \
+  ('0' + ((n) >> 16 & 0xF)), \
+  ('0' + ((n) >> 12 & 0xF)), \
+  ('0' + ((n) >> 8 & 0xF)), \
+  ('0' + ((n) >> 4 & 0xF)), \
+  ('0' + ((n) & 0xF))
@@ -679 +682 @@
-char const* info_version = "INFO" ":" "compiler_version[" COMPILER_VERSION "]";
+char const * info_version = "INFO" ":" "compiler_version[" COMPILER_VERSION "]";
@@ -685 +688 @@
-  'c','o','m','p','i','l','e','r','_','v','e','r','s','i','o','n','[',
+  'c', 'o', 'm', 'p', 'i', 'l', 'e', 'r', '_', 'v', 'e', 'r', 's', 'i', 'o', 'n', '[',
@@ -690 +693 @@
-   '.', COMPILER_VERSION_PATCH,
+  '.', COMPILER_VERSION_PATCH,
@@ -692 +695 @@
-    '.', COMPILER_VERSION_TWEAK,
+  '.', COMPILER_VERSION_TWEAK,
@@ -696 +699,2 @@
-  ']','\0'};
+  ']', '\0'
+};
@@ -703,3 +707,4 @@
-  'c','o','m','p','i','l','e','r','_','v','e','r','s','i','o','n','_',
-  'i','n','t','e','r','n','a','l','[',
-  COMPILER_VERSION_INTERNAL,']','\0'};
+  'c', 'o', 'm', 'p', 'i', 'l', 'e', 'r', '_', 'v', 'e', 'r', 's', 'i', 'o', 'n', '_',
+  'i', 'n', 't', 'e', 'r', 'n', 'a', 'l', '[',
+  COMPILER_VERSION_INTERNAL, ']', '\0'
+};
@@ -707 +712,2 @@
-char const* info_version_internal = "INFO" ":" "compiler_version_internal[" COMPILER_VERSION_INTERNAL_STR "]";
+char const * info_version_internal =
+  "INFO" ":" "compiler_version_internal[" COMPILER_VERSION_INTERNAL_STR "]";
@@ -714 +720 @@
-  's','i','m','u','l','a','t','e','_','v','e','r','s','i','o','n','[',
+  's', 'i', 'm', 'u', 'l', 'a', 't', 'e', '_', 'v', 'e', 'r', 's', 'i', 'o', 'n', '[',
@@ -719 +725 @@
-   '.', SIMULATE_VERSION_PATCH,
+  '.', SIMULATE_VERSION_PATCH,
@@ -721 +727 @@
-    '.', SIMULATE_VERSION_TWEAK,
+  '.', SIMULATE_VERSION_TWEAK,
@@ -725 +731,2 @@
-  ']','\0'};
+  ']', '\0'
+};
@@ -732,3 +739,2 @@
-char const* info_platform = "INFO" ":" "platform[" PLATFORM_ID "]";
-char const* info_arch = "INFO" ":" "arch[" ARCHITECTURE_ID "]";
-
+char const * info_platform = "INFO" ":" "platform[" PLATFORM_ID "]";
+char const * info_arch = "INFO" ":" "arch[" ARCHITECTURE_ID "]";
@@ -754 +760 @@
-const char* info_language_standard_default =
+const char * info_language_standard_default =
@@ -757 +763 @@
-const char* info_language_extensions_default = "INFO" ":" "extensions_default["
+const char * info_language_extensions_default = "INFO" ":" "extensions_default["
@@ -759,2 +765,2 @@
-#if (defined(__clang__) || defined(__GNUC__) ||                               \
-     defined(__TI_COMPILER_VERSION__)) &&                                     \
+#if (defined(__clang__) || defined(__GNUC__) || \
+  defined(__TI_COMPILER_VERSION__)) && \
@@ -766 +772 @@
-"]";
+  "]";
@@ -774 +780 @@
-int main(argc, argv) int argc; char *argv[];
+int main(argc, argv) int argc; char * argv[];
@@ -776 +782 @@
-int main(int argc, char* argv[])
+int main(int argc, char * argv[])

Code style divergence in file 'build/CMakeFiles/3.22.1/CompilerIdCXX/CMakeCXXCompilerId.cpp':

--- build/CMakeFiles/3.22.1/CompilerIdCXX/CMakeCXXCompilerId.cpp
+++ build/CMakeFiles/3.22.1/CompilerIdCXX/CMakeCXXCompilerId.cpp.uncrustify
@@ -20 +20 @@
-  /* __COMO_VERSION__ = VRR */
+/* __COMO_VERSION__ = VRR */
@@ -32 +32 @@
-  /* __INTEL_COMPILER = VRP prior to 2021, and then VVVV for 2021 and later,
+/* __INTEL_COMPILER = VRP prior to 2021, and then VVVV for 2021 and later,
@@ -35,2 +35,2 @@
-#  define COMPILER_VERSION_MAJOR DEC(__INTEL_COMPILER/100)
-#  define COMPILER_VERSION_MINOR DEC(__INTEL_COMPILER/10 % 10)
+#  define COMPILER_VERSION_MAJOR DEC(__INTEL_COMPILER / 100)
+#  define COMPILER_VERSION_MINOR DEC(__INTEL_COMPILER / 10 % 10)
@@ -40 +40 @@
-#   define COMPILER_VERSION_PATCH DEC(__INTEL_COMPILER   % 10)
+#   define COMPILER_VERSION_PATCH DEC(__INTEL_COMPILER % 10)
@@ -45 +45 @@
-   /* The third version component from --version is an update index,
+/* The third version component from --version is an update index,
@@ -50 +50 @@
-   /* __INTEL_COMPILER_BUILD_DATE = YYYYMMDD */
+/* __INTEL_COMPILER_BUILD_DATE = YYYYMMDD */
@@ -54 +54 @@
-   /* _MSC_VER = VVRR */
+/* _MSC_VER = VVRR */
@@ -83,3 +83,3 @@
-# define COMPILER_VERSION_MAJOR DEC(__INTEL_LLVM_COMPILER/100)
-# define COMPILER_VERSION_MINOR DEC(__INTEL_LLVM_COMPILER/10 % 10)
-# define COMPILER_VERSION_PATCH DEC(__INTEL_LLVM_COMPILER    % 10)
+# define COMPILER_VERSION_MAJOR DEC(__INTEL_LLVM_COMPILER / 100)
+# define COMPILER_VERSION_MINOR DEC(__INTEL_LLVM_COMPILER / 10 % 10)
+# define COMPILER_VERSION_PATCH DEC(__INTEL_LLVM_COMPILER % 10)
@@ -87,3 +87,3 @@
-# define COMPILER_VERSION_MAJOR DEC(__INTEL_LLVM_COMPILER/10000)
-# define COMPILER_VERSION_MINOR DEC(__INTEL_LLVM_COMPILER/100 % 100)
-# define COMPILER_VERSION_PATCH DEC(__INTEL_LLVM_COMPILER     % 100)
+# define COMPILER_VERSION_MAJOR DEC(__INTEL_LLVM_COMPILER / 10000)
+# define COMPILER_VERSION_MINOR DEC(__INTEL_LLVM_COMPILER / 100 % 100)
+# define COMPILER_VERSION_PATCH DEC(__INTEL_LLVM_COMPILER % 100)
@@ -92 +92 @@
-  /* _MSC_VER = VVRR */
+/* _MSC_VER = VVRR */
@@ -118,3 +118,3 @@
-# define COMPILER_VERSION_MAJOR HEX(__CODEGEARC_VERSION__>>24 & 0x00FF)
-# define COMPILER_VERSION_MINOR HEX(__CODEGEARC_VERSION__>>16 & 0x00FF)
-# define COMPILER_VERSION_PATCH DEC(__CODEGEARC_VERSION__     & 0xFFFF)
+# define COMPILER_VERSION_MAJOR HEX(__CODEGEARC_VERSION__ >> 24 & 0x00FF)
+# define COMPILER_VERSION_MINOR HEX(__CODEGEARC_VERSION__ >> 16 & 0x00FF)
+# define COMPILER_VERSION_PATCH DEC(__CODEGEARC_VERSION__ & 0xFFFF)
@@ -124,2 +124,2 @@
-  /* __BORLANDC__ = 0xVRR */
-# define COMPILER_VERSION_MAJOR HEX(__BORLANDC__>>8)
+/* __BORLANDC__ = 0xVRR */
+# define COMPILER_VERSION_MAJOR HEX(__BORLANDC__ >> 8)
@@ -130 +130 @@
-   /* __WATCOMC__ = VVRR */
+/* __WATCOMC__ = VVRR */
@@ -139 +139 @@
-   /* __WATCOMC__ = VVRP + 1100 */
+/* __WATCOMC__ = VVRP + 1100 */
@@ -149,4 +149,4 @@
-   /* __SUNPRO_CC = 0xVRRP */
-#  define COMPILER_VERSION_MAJOR HEX(__SUNPRO_CC>>12)
-#  define COMPILER_VERSION_MINOR HEX(__SUNPRO_CC>>4 & 0xFF)
-#  define COMPILER_VERSION_PATCH HEX(__SUNPRO_CC    & 0xF)
+/* __SUNPRO_CC = 0xVRRP */
+#  define COMPILER_VERSION_MAJOR HEX(__SUNPRO_CC >> 12)
+#  define COMPILER_VERSION_MINOR HEX(__SUNPRO_CC >> 4 & 0xFF)
+#  define COMPILER_VERSION_PATCH HEX(__SUNPRO_CC & 0xF)
@@ -154,4 +154,4 @@
-   /* __SUNPRO_CC = 0xVRP */
-#  define COMPILER_VERSION_MAJOR HEX(__SUNPRO_CC>>8)
-#  define COMPILER_VERSION_MINOR HEX(__SUNPRO_CC>>4 & 0xF)
-#  define COMPILER_VERSION_PATCH HEX(__SUNPRO_CC    & 0xF)
+/* __SUNPRO_CC = 0xVRP */
+#  define COMPILER_VERSION_MAJOR HEX(__SUNPRO_CC >> 8)
+#  define COMPILER_VERSION_MINOR HEX(__SUNPRO_CC >> 4 & 0xF)
+#  define COMPILER_VERSION_PATCH HEX(__SUNPRO_CC & 0xF)
@@ -162,4 +162,4 @@
-  /* __HP_aCC = VVRRPP */
-# define COMPILER_VERSION_MAJOR DEC(__HP_aCC/10000)
-# define COMPILER_VERSION_MINOR DEC(__HP_aCC/100 % 100)
-# define COMPILER_VERSION_PATCH DEC(__HP_aCC     % 100)
+/* __HP_aCC = VVRRPP */
+# define COMPILER_VERSION_MAJOR DEC(__HP_aCC / 10000)
+# define COMPILER_VERSION_MINOR DEC(__HP_aCC / 100 % 100)
+# define COMPILER_VERSION_PATCH DEC(__HP_aCC % 100)
@@ -169,4 +169,4 @@
-  /* __DECCXX_VER = VVRRTPPPP */
-# define COMPILER_VERSION_MAJOR DEC(__DECCXX_VER/10000000)
-# define COMPILER_VERSION_MINOR DEC(__DECCXX_VER/100000  % 100)
-# define COMPILER_VERSION_PATCH DEC(__DECCXX_VER         % 10000)
+/* __DECCXX_VER = VVRRTPPPP */
+# define COMPILER_VERSION_MAJOR DEC(__DECCXX_VER / 10000000)
+# define COMPILER_VERSION_MINOR DEC(__DECCXX_VER / 100000 % 100)
+# define COMPILER_VERSION_PATCH DEC(__DECCXX_VER % 10000)
@@ -176,4 +176,4 @@
-  /* __IBMCPP__ = VRP */
-# define COMPILER_VERSION_MAJOR DEC(__IBMCPP__/100)
-# define COMPILER_VERSION_MINOR DEC(__IBMCPP__/10 % 10)
-# define COMPILER_VERSION_PATCH DEC(__IBMCPP__    % 10)
+/* __IBMCPP__ = VRP */
+# define COMPILER_VERSION_MAJOR DEC(__IBMCPP__ / 100)
+# define COMPILER_VERSION_MINOR DEC(__IBMCPP__ / 10 % 10)
+# define COMPILER_VERSION_PATCH DEC(__IBMCPP__ % 10)
@@ -191,4 +191,4 @@
-  /* __IBMCPP__ = VRP */
-# define COMPILER_VERSION_MAJOR DEC(__IBMCPP__/100)
-# define COMPILER_VERSION_MINOR DEC(__IBMCPP__/10 % 10)
-# define COMPILER_VERSION_PATCH DEC(__IBMCPP__    % 10)
+/* __IBMCPP__ = VRP */
+# define COMPILER_VERSION_MAJOR DEC(__IBMCPP__ / 100)
+# define COMPILER_VERSION_MINOR DEC(__IBMCPP__ / 10 % 10)
+# define COMPILER_VERSION_PATCH DEC(__IBMCPP__ % 10)
@@ -198,4 +198,4 @@
-  /* __IBMCPP__ = VRP */
-# define COMPILER_VERSION_MAJOR DEC(__IBMCPP__/100)
-# define COMPILER_VERSION_MINOR DEC(__IBMCPP__/10 % 10)
-# define COMPILER_VERSION_PATCH DEC(__IBMCPP__    % 10)
+/* __IBMCPP__ = VRP */
+# define COMPILER_VERSION_MAJOR DEC(__IBMCPP__ / 100)
+# define COMPILER_VERSION_MINOR DEC(__IBMCPP__ / 10 % 10)
+# define COMPILER_VERSION_PATCH DEC(__IBMCPP__ % 10)
@@ -226,4 +226,4 @@
-  /* __TI_COMPILER_VERSION__ = VVVRRRPPP */
-# define COMPILER_VERSION_MAJOR DEC(__TI_COMPILER_VERSION__/1000000)
-# define COMPILER_VERSION_MINOR DEC(__TI_COMPILER_VERSION__/1000   % 1000)
-# define COMPILER_VERSION_PATCH DEC(__TI_COMPILER_VERSION__        % 1000)
+/* __TI_COMPILER_VERSION__ = VVVRRRPPP */
+# define COMPILER_VERSION_MAJOR DEC(__TI_COMPILER_VERSION__ / 1000000)
+# define COMPILER_VERSION_MINOR DEC(__TI_COMPILER_VERSION__ / 1000 % 1000)
+# define COMPILER_VERSION_PATCH DEC(__TI_COMPILER_VERSION__ % 1000)
@@ -261 +261 @@
-# define COMPILER_VERSION_PATCH DEC(__GHS_VERSION_NUMBER      % 10)
+# define COMPILER_VERSION_PATCH DEC(__GHS_VERSION_NUMBER % 10)
@@ -270,4 +270,4 @@
-  /* __ARMCC_VERSION = VRRPPPP */
-  # define COMPILER_VERSION_MAJOR DEC(__ARMCC_VERSION/1000000)
-  # define COMPILER_VERSION_MINOR DEC(__ARMCC_VERSION/10000 % 100)
-  # define COMPILER_VERSION_PATCH DEC(__ARMCC_VERSION     % 10000)
+/* __ARMCC_VERSION = VRRPPPP */
+  # define COMPILER_VERSION_MAJOR DEC(__ARMCC_VERSION / 1000000)
+  # define COMPILER_VERSION_MINOR DEC(__ARMCC_VERSION / 10000 % 100)
+  # define COMPILER_VERSION_PATCH DEC(__ARMCC_VERSION % 10000)
@@ -275,4 +275,4 @@
-  /* __ARMCC_VERSION = VRPPPP */
-  # define COMPILER_VERSION_MAJOR DEC(__ARMCC_VERSION/100000)
-  # define COMPILER_VERSION_MINOR DEC(__ARMCC_VERSION/10000 % 10)
-  # define COMPILER_VERSION_PATCH DEC(__ARMCC_VERSION    % 10000)
+/* __ARMCC_VERSION = VRPPPP */
+  # define COMPILER_VERSION_MAJOR DEC(__ARMCC_VERSION / 100000)
+  # define COMPILER_VERSION_MINOR DEC(__ARMCC_VERSION / 10000 % 10)
+  # define COMPILER_VERSION_PATCH DEC(__ARMCC_VERSION % 10000)
@@ -291 +291 @@
-   /* _MSC_VER = VVRR */
+/* _MSC_VER = VVRR */
@@ -299,3 +299,3 @@
-  # define COMPILER_VERSION_MAJOR DEC(__ARMCOMPILER_VERSION/1000000)
-  # define COMPILER_VERSION_MINOR DEC(__ARMCOMPILER_VERSION/10000 % 100)
-  # define COMPILER_VERSION_PATCH DEC(__ARMCOMPILER_VERSION     % 10000)
+  # define COMPILER_VERSION_MAJOR DEC(__ARMCOMPILER_VERSION / 1000000)
+  # define COMPILER_VERSION_MINOR DEC(__ARMCOMPILER_VERSION / 10000 % 100)
+  # define COMPILER_VERSION_PATCH DEC(__ARMCOMPILER_VERSION % 10000)
@@ -313 +313 @@
-   /* _MSC_VER = VVRR */
+/* _MSC_VER = VVRR */
@@ -334 +334 @@
-  /* _MSC_VER = VVRR */
+/* _MSC_VER = VVRR */
@@ -339 +339 @@
-    /* _MSC_FULL_VER = VVRRPPPPP */
+/* _MSC_FULL_VER = VVRRPPPPP */
@@ -342 +342 @@
-    /* _MSC_FULL_VER = VVRRPPPP */
+/* _MSC_FULL_VER = VVRRPPPP */
@@ -350 +350,2 @@
-#elif defined(__VISUALDSPVERSION__) || defined(__ADSPBLACKFIN__) || defined(__ADSPTS__) || defined(__ADSP21000__)
+#elif defined(__VISUALDSPVERSION__) || defined(__ADSPBLACKFIN__) || defined(__ADSPTS__) || \
+  defined(__ADSP21000__)
@@ -353,4 +354,4 @@
-  /* __VISUALDSPVERSION__ = 0xVVRRPP00 */
-# define COMPILER_VERSION_MAJOR HEX(__VISUALDSPVERSION__>>24)
-# define COMPILER_VERSION_MINOR HEX(__VISUALDSPVERSION__>>16 & 0xFF)
-# define COMPILER_VERSION_PATCH HEX(__VISUALDSPVERSION__>>8  & 0xFF)
+/* __VISUALDSPVERSION__ = 0xVVRRPP00 */
+# define COMPILER_VERSION_MAJOR HEX(__VISUALDSPVERSION__ >> 24)
+# define COMPILER_VERSION_MINOR HEX(__VISUALDSPVERSION__ >> 16 & 0xFF)
+# define COMPILER_VERSION_PATCH HEX(__VISUALDSPVERSION__ >> 8 & 0xFF)
@@ -366 +367,3 @@
-# elif defined(__VER__) && (defined(__ICCAVR__) || defined(__ICCRX__) || defined(__ICCRH850__) || defined(__ICCRL78__) || defined(__ICC430__) || defined(__ICCRISCV__) || defined(__ICCV850__) || defined(__ICC8051__) || defined(__ICCSTM8__))
+# elif defined(__VER__) && (defined(__ICCAVR__) || defined(__ICCRX__) || defined(__ICCRH850__) || \
+  defined(__ICCRL78__) || defined(__ICC430__) || defined(__ICCRISCV__) || defined(__ICCV850__) || \
+  defined(__ICC8051__) || defined(__ICCSTM8__))
@@ -368 +371 @@
-#  define COMPILER_VERSION_MINOR DEC((__VER__) - (((__VER__) / 100)*100))
+#  define COMPILER_VERSION_MINOR DEC((__VER__) -(((__VER__) / 100) * 100))
@@ -388 +391 @@
-char const* info_compiler = "INFO" ":" "compiler[" COMPILER_ID "]";
+char const * info_compiler = "INFO" ":" "compiler[" COMPILER_ID "]";
@@ -390 +393 @@
-char const* info_simulate = "INFO" ":" "simulate[" SIMULATE_ID "]";
+char const * info_simulate = "INFO" ":" "simulate[" SIMULATE_ID "]";
@@ -394 +397 @@
-char const* qnxnto = "INFO" ":" "qnxnto[]";
+char const * qnxnto = "INFO" ":" "qnxnto[]";
@@ -398 +401 @@
-char const *info_cray = "INFO" ":" "compiler_wrapper[CrayPrgEnv]";
+char const * info_cray = "INFO" ":" "compiler_wrapper[CrayPrgEnv]";
@@ -641,9 +644,9 @@
-#define DEC(n)                   \
-  ('0' + (((n) / 10000000)%10)), \
-  ('0' + (((n) / 1000000)%10)),  \
-  ('0' + (((n) / 100000)%10)),   \
-  ('0' + (((n) / 10000)%10)),    \
-  ('0' + (((n) / 1000)%10)),     \
-  ('0' + (((n) / 100)%10)),      \
-  ('0' + (((n) / 10)%10)),       \
-  ('0' +  ((n) % 10))
+#define DEC(n) \
+  ('0' + (((n) / 10000000) % 10)), \
+  ('0' + (((n) / 1000000) % 10)), \
+  ('0' + (((n) / 100000) % 10)), \
+  ('0' + (((n) / 10000) % 10)), \
+  ('0' + (((n) / 1000) % 10)), \
+  ('0' + (((n) / 100) % 10)), \
+  ('0' + (((n) / 10) % 10)), \
+  ('0' + ((n) % 10))
@@ -652,9 +655,9 @@
-#define HEX(n)             \
-  ('0' + ((n)>>28 & 0xF)), \
-  ('0' + ((n)>>24 & 0xF)), \
-  ('0' + ((n)>>20 & 0xF)), \
-  ('0' + ((n)>>16 & 0xF)), \
-  ('0' + ((n)>>12 & 0xF)), \
-  ('0' + ((n)>>8  & 0xF)), \
-  ('0' + ((n)>>4  & 0xF)), \
-  ('0' + ((n)     & 0xF))
+#define HEX(n) \
+  ('0' + ((n) >> 28 & 0xF)), \
+  ('0' + ((n) >> 24 & 0xF)), \
+  ('0' + ((n) >> 20 & 0xF)), \
+  ('0' + ((n) >> 16 & 0xF)), \
+  ('0' + ((n) >> 12 & 0xF)), \
+  ('0' + ((n) >> 8 & 0xF)), \
+  ('0' + ((n) >> 4 & 0xF)), \
+  ('0' + ((n) & 0xF))
@@ -664 +667 @@
-char const* info_version = "INFO" ":" "compiler_version[" COMPILER_VERSION "]";
+char const * info_version = "INFO" ":" "compiler_version[" COMPILER_VERSION "]";
@@ -670 +673 @@
-  'c','o','m','p','i','l','e','r','_','v','e','r','s','i','o','n','[',
+  'c', 'o', 'm', 'p', 'i', 'l', 'e', 'r', '_', 'v', 'e', 'r', 's', 'i', 'o', 'n', '[',
@@ -675 +678 @@
-   '.', COMPILER_VERSION_PATCH,
+  '.', COMPILER_VERSION_PATCH,
@@ -677 +680 @@
-    '.', COMPILER_VERSION_TWEAK,
+  '.', COMPILER_VERSION_TWEAK,
@@ -681 +684 @@
-  ']','\0'};
+  ']', '\0'};
@@ -688,3 +691,3 @@
-  'c','o','m','p','i','l','e','r','_','v','e','r','s','i','o','n','_',
-  'i','n','t','e','r','n','a','l','[',
-  COMPILER_VERSION_INTERNAL,']','\0'};
+  'c', 'o', 'm', 'p', 'i', 'l', 'e', 'r', '_', 'v', 'e', 'r', 's', 'i', 'o', 'n', '_',
+  'i', 'n', 't', 'e', 'r', 'n', 'a', 'l', '[',
+  COMPILER_VERSION_INTERNAL, ']', '\0'};
@@ -692 +695,2 @@
-char const* info_version_internal = "INFO" ":" "compiler_version_internal[" COMPILER_VERSION_INTERNAL_STR "]";
+char const * info_version_internal =
+  "INFO" ":" "compiler_version_internal[" COMPILER_VERSION_INTERNAL_STR "]";
@@ -699 +703 @@
-  's','i','m','u','l','a','t','e','_','v','e','r','s','i','o','n','[',
+  's', 'i', 'm', 'u', 'l', 'a', 't', 'e', '_', 'v', 'e', 'r', 's', 'i', 'o', 'n', '[',
@@ -704 +708 @@
-   '.', SIMULATE_VERSION_PATCH,
+  '.', SIMULATE_VERSION_PATCH,
@@ -706 +710 @@
-    '.', SIMULATE_VERSION_TWEAK,
+  '.', SIMULATE_VERSION_TWEAK,
@@ -710 +714 @@
-  ']','\0'};
+  ']', '\0'};
@@ -717,3 +721,2 @@
-char const* info_platform = "INFO" ":" "platform[" PLATFORM_ID "]";
-char const* info_arch = "INFO" ":" "arch[" ARCHITECTURE_ID "]";
-
+char const * info_platform = "INFO" ":" "platform[" PLATFORM_ID "]";
+char const * info_arch = "INFO" ":" "arch[" ARCHITECTURE_ID "]";
@@ -738 +741 @@
-const char* info_language_standard_default = "INFO" ":" "standard_default["
+const char * info_language_standard_default = "INFO" ":" "standard_default["
@@ -752,3 +755,3 @@
-"]";
-
-const char* info_language_extensions_default = "INFO" ":" "extensions_default["
+  "]";
+
+const char * info_language_extensions_default = "INFO" ":" "extensions_default["
@@ -756,2 +759,2 @@
-#if (defined(__clang__) || defined(__GNUC__) ||                               \
-     defined(__TI_COMPILER_VERSION__)) &&                                     \
+#if (defined(__clang__) || defined(__GNUC__) || \
+  defined(__TI_COMPILER_VERSION__)) && \
@@ -763 +766 @@
-"]";
+  "]";
@@ -767 +770 @@
-int main(int argc, char* argv[])
+int main(int argc, char * argv[])

Code style divergence in file 'build/edu_robocup_rescue_stack/CMakeFiles/3.22.1/CompilerIdC/CMakeCCompilerId.c':

--- build/edu_robocup_rescue_stack/CMakeFiles/3.22.1/CompilerIdC/CMakeCCompilerId.c
+++ build/edu_robocup_rescue_stack/CMakeFiles/3.22.1/CompilerIdC/CMakeCCompilerId.c.uncrustify
@@ -32 +32 @@
-  /* __INTEL_COMPILER = VRP prior to 2021, and then VVVV for 2021 and later,
+/* __INTEL_COMPILER = VRP prior to 2021, and then VVVV for 2021 and later,
@@ -35,2 +35,2 @@
-#  define COMPILER_VERSION_MAJOR DEC(__INTEL_COMPILER/100)
-#  define COMPILER_VERSION_MINOR DEC(__INTEL_COMPILER/10 % 10)
+#  define COMPILER_VERSION_MAJOR DEC(__INTEL_COMPILER / 100)
+#  define COMPILER_VERSION_MINOR DEC(__INTEL_COMPILER / 10 % 10)
@@ -40 +40 @@
-#   define COMPILER_VERSION_PATCH DEC(__INTEL_COMPILER   % 10)
+#   define COMPILER_VERSION_PATCH DEC(__INTEL_COMPILER % 10)
@@ -45 +45 @@
-   /* The third version component from --version is an update index,
+/* The third version component from --version is an update index,
@@ -50 +50 @@
-   /* __INTEL_COMPILER_BUILD_DATE = YYYYMMDD */
+/* __INTEL_COMPILER_BUILD_DATE = YYYYMMDD */
@@ -54 +54 @@
-   /* _MSC_VER = VVRR */
+/* _MSC_VER = VVRR */
@@ -83,3 +83,3 @@
-# define COMPILER_VERSION_MAJOR DEC(__INTEL_LLVM_COMPILER/100)
-# define COMPILER_VERSION_MINOR DEC(__INTEL_LLVM_COMPILER/10 % 10)
-# define COMPILER_VERSION_PATCH DEC(__INTEL_LLVM_COMPILER    % 10)
+# define COMPILER_VERSION_MAJOR DEC(__INTEL_LLVM_COMPILER / 100)
+# define COMPILER_VERSION_MINOR DEC(__INTEL_LLVM_COMPILER / 10 % 10)
+# define COMPILER_VERSION_PATCH DEC(__INTEL_LLVM_COMPILER % 10)
@@ -87,3 +87,3 @@
-# define COMPILER_VERSION_MAJOR DEC(__INTEL_LLVM_COMPILER/10000)
-# define COMPILER_VERSION_MINOR DEC(__INTEL_LLVM_COMPILER/100 % 100)
-# define COMPILER_VERSION_PATCH DEC(__INTEL_LLVM_COMPILER     % 100)
+# define COMPILER_VERSION_MAJOR DEC(__INTEL_LLVM_COMPILER / 10000)
+# define COMPILER_VERSION_MINOR DEC(__INTEL_LLVM_COMPILER / 100 % 100)
+# define COMPILER_VERSION_PATCH DEC(__INTEL_LLVM_COMPILER % 100)
@@ -92 +92 @@
-  /* _MSC_VER = VVRR */
+/* _MSC_VER = VVRR */
@@ -118,3 +118,3 @@
-# define COMPILER_VERSION_MAJOR HEX(__CODEGEARC_VERSION__>>24 & 0x00FF)
-# define COMPILER_VERSION_MINOR HEX(__CODEGEARC_VERSION__>>16 & 0x00FF)
-# define COMPILER_VERSION_PATCH DEC(__CODEGEARC_VERSION__     & 0xFFFF)
+# define COMPILER_VERSION_MAJOR HEX(__CODEGEARC_VERSION__ >> 24 & 0x00FF)
+# define COMPILER_VERSION_MINOR HEX(__CODEGEARC_VERSION__ >> 16 & 0x00FF)
+# define COMPILER_VERSION_PATCH DEC(__CODEGEARC_VERSION__ & 0xFFFF)
@@ -124,2 +124,2 @@
-  /* __BORLANDC__ = 0xVRR */
-# define COMPILER_VERSION_MAJOR HEX(__BORLANDC__>>8)
+/* __BORLANDC__ = 0xVRR */
+# define COMPILER_VERSION_MAJOR HEX(__BORLANDC__ >> 8)
@@ -130 +130 @@
-   /* __WATCOMC__ = VVRR */
+/* __WATCOMC__ = VVRR */
@@ -139 +139 @@
-   /* __WATCOMC__ = VVRP + 1100 */
+/* __WATCOMC__ = VVRP + 1100 */
@@ -149,4 +149,4 @@
-   /* __SUNPRO_C = 0xVRRP */
-#  define COMPILER_VERSION_MAJOR HEX(__SUNPRO_C>>12)
-#  define COMPILER_VERSION_MINOR HEX(__SUNPRO_C>>4 & 0xFF)
-#  define COMPILER_VERSION_PATCH HEX(__SUNPRO_C    & 0xF)
+/* __SUNPRO_C = 0xVRRP */
+#  define COMPILER_VERSION_MAJOR HEX(__SUNPRO_C >> 12)
+#  define COMPILER_VERSION_MINOR HEX(__SUNPRO_C >> 4 & 0xFF)
+#  define COMPILER_VERSION_PATCH HEX(__SUNPRO_C & 0xF)
@@ -154,4 +154,4 @@
-   /* __SUNPRO_CC = 0xVRP */
-#  define COMPILER_VERSION_MAJOR HEX(__SUNPRO_C>>8)
-#  define COMPILER_VERSION_MINOR HEX(__SUNPRO_C>>4 & 0xF)
-#  define COMPILER_VERSION_PATCH HEX(__SUNPRO_C    & 0xF)
+/* __SUNPRO_CC = 0xVRP */
+#  define COMPILER_VERSION_MAJOR HEX(__SUNPRO_C >> 8)
+#  define COMPILER_VERSION_MINOR HEX(__SUNPRO_C >> 4 & 0xF)
+#  define COMPILER_VERSION_PATCH HEX(__SUNPRO_C & 0xF)
@@ -162,4 +162,4 @@
-  /* __HP_cc = VVRRPP */
-# define COMPILER_VERSION_MAJOR DEC(__HP_cc/10000)
-# define COMPILER_VERSION_MINOR DEC(__HP_cc/100 % 100)
-# define COMPILER_VERSION_PATCH DEC(__HP_cc     % 100)
+/* __HP_cc = VVRRPP */
+# define COMPILER_VERSION_MAJOR DEC(__HP_cc / 10000)
+# define COMPILER_VERSION_MINOR DEC(__HP_cc / 100 % 100)
+# define COMPILER_VERSION_PATCH DEC(__HP_cc % 100)
@@ -169,4 +169,4 @@
-  /* __DECC_VER = VVRRTPPPP */
-# define COMPILER_VERSION_MAJOR DEC(__DECC_VER/10000000)
-# define COMPILER_VERSION_MINOR DEC(__DECC_VER/100000  % 100)
-# define COMPILER_VERSION_PATCH DEC(__DECC_VER         % 10000)
+/* __DECC_VER = VVRRTPPPP */
+# define COMPILER_VERSION_MAJOR DEC(__DECC_VER / 10000000)
+# define COMPILER_VERSION_MINOR DEC(__DECC_VER / 100000 % 100)
+# define COMPILER_VERSION_PATCH DEC(__DECC_VER % 10000)
@@ -176,4 +176,4 @@
-  /* __IBMC__ = VRP */
-# define COMPILER_VERSION_MAJOR DEC(__IBMC__/100)
-# define COMPILER_VERSION_MINOR DEC(__IBMC__/10 % 10)
-# define COMPILER_VERSION_PATCH DEC(__IBMC__    % 10)
+/* __IBMC__ = VRP */
+# define COMPILER_VERSION_MAJOR DEC(__IBMC__ / 100)
+# define COMPILER_VERSION_MINOR DEC(__IBMC__ / 10 % 10)
+# define COMPILER_VERSION_PATCH DEC(__IBMC__ % 10)
@@ -191,4 +191,4 @@
-  /* __IBMC__ = VRP */
-# define COMPILER_VERSION_MAJOR DEC(__IBMC__/100)
-# define COMPILER_VERSION_MINOR DEC(__IBMC__/10 % 10)
-# define COMPILER_VERSION_PATCH DEC(__IBMC__    % 10)
+/* __IBMC__ = VRP */
+# define COMPILER_VERSION_MAJOR DEC(__IBMC__ / 100)
+# define COMPILER_VERSION_MINOR DEC(__IBMC__ / 10 % 10)
+# define COMPILER_VERSION_PATCH DEC(__IBMC__ % 10)
@@ -198,4 +198,4 @@
-  /* __IBMC__ = VRP */
-# define COMPILER_VERSION_MAJOR DEC(__IBMC__/100)
-# define COMPILER_VERSION_MINOR DEC(__IBMC__/10 % 10)
-# define COMPILER_VERSION_PATCH DEC(__IBMC__    % 10)
+/* __IBMC__ = VRP */
+# define COMPILER_VERSION_MAJOR DEC(__IBMC__ / 100)
+# define COMPILER_VERSION_MINOR DEC(__IBMC__ / 10 % 10)
+# define COMPILER_VERSION_PATCH DEC(__IBMC__ % 10)
@@ -226,4 +226,4 @@
-  /* __TI_COMPILER_VERSION__ = VVVRRRPPP */
-# define COMPILER_VERSION_MAJOR DEC(__TI_COMPILER_VERSION__/1000000)
-# define COMPILER_VERSION_MINOR DEC(__TI_COMPILER_VERSION__/1000   % 1000)
-# define COMPILER_VERSION_PATCH DEC(__TI_COMPILER_VERSION__        % 1000)
+/* __TI_COMPILER_VERSION__ = VVVRRRPPP */
+# define COMPILER_VERSION_MAJOR DEC(__TI_COMPILER_VERSION__ / 1000000)
+# define COMPILER_VERSION_MINOR DEC(__TI_COMPILER_VERSION__ / 1000 % 1000)
+# define COMPILER_VERSION_PATCH DEC(__TI_COMPILER_VERSION__ % 1000)
@@ -261 +261 @@
-# define COMPILER_VERSION_PATCH DEC(__GHS_VERSION_NUMBER      % 10)
+# define COMPILER_VERSION_PATCH DEC(__GHS_VERSION_NUMBER % 10)
@@ -276,4 +276,4 @@
-  /* __ARMCC_VERSION = VRRPPPP */
-  # define COMPILER_VERSION_MAJOR DEC(__ARMCC_VERSION/1000000)
-  # define COMPILER_VERSION_MINOR DEC(__ARMCC_VERSION/10000 % 100)
-  # define COMPILER_VERSION_PATCH DEC(__ARMCC_VERSION     % 10000)
+/* __ARMCC_VERSION = VRRPPPP */
+  # define COMPILER_VERSION_MAJOR DEC(__ARMCC_VERSION / 1000000)
+  # define COMPILER_VERSION_MINOR DEC(__ARMCC_VERSION / 10000 % 100)
+  # define COMPILER_VERSION_PATCH DEC(__ARMCC_VERSION % 10000)
@@ -281,4 +281,4 @@
-  /* __ARMCC_VERSION = VRPPPP */
-  # define COMPILER_VERSION_MAJOR DEC(__ARMCC_VERSION/100000)
-  # define COMPILER_VERSION_MINOR DEC(__ARMCC_VERSION/10000 % 10)
-  # define COMPILER_VERSION_PATCH DEC(__ARMCC_VERSION    % 10000)
+/* __ARMCC_VERSION = VRPPPP */
+  # define COMPILER_VERSION_MAJOR DEC(__ARMCC_VERSION / 100000)
+  # define COMPILER_VERSION_MINOR DEC(__ARMCC_VERSION / 10000 % 10)
+  # define COMPILER_VERSION_PATCH DEC(__ARMCC_VERSION % 10000)
@@ -297 +297 @@
-   /* _MSC_VER = VVRR */
+/* _MSC_VER = VVRR */
@@ -305,3 +305,3 @@
-  # define COMPILER_VERSION_MAJOR DEC(__ARMCOMPILER_VERSION/1000000)
-  # define COMPILER_VERSION_MINOR DEC(__ARMCOMPILER_VERSION/10000 % 100)
-  # define COMPILER_VERSION_PATCH DEC(__ARMCOMPILER_VERSION     % 10000)
+  # define COMPILER_VERSION_MAJOR DEC(__ARMCOMPILER_VERSION / 1000000)
+  # define COMPILER_VERSION_MINOR DEC(__ARMCOMPILER_VERSION / 10000 % 100)
+  # define COMPILER_VERSION_PATCH DEC(__ARMCOMPILER_VERSION % 10000)
@@ -319 +319 @@
-   /* _MSC_VER = VVRR */
+/* _MSC_VER = VVRR */
@@ -336 +336 @@
-  /* _MSC_VER = VVRR */
+/* _MSC_VER = VVRR */
@@ -341 +341 @@
-    /* _MSC_FULL_VER = VVRRPPPPP */
+/* _MSC_FULL_VER = VVRRPPPPP */
@@ -344 +344 @@
-    /* _MSC_FULL_VER = VVRRPPPP */
+/* _MSC_FULL_VER = VVRRPPPP */
@@ -352 +352,2 @@
-#elif defined(__VISUALDSPVERSION__) || defined(__ADSPBLACKFIN__) || defined(__ADSPTS__) || defined(__ADSP21000__)
+#elif defined(__VISUALDSPVERSION__) || defined(__ADSPBLACKFIN__) || defined(__ADSPTS__) || \
+  defined(__ADSP21000__)
@@ -355,4 +356,4 @@
-  /* __VISUALDSPVERSION__ = 0xVVRRPP00 */
-# define COMPILER_VERSION_MAJOR HEX(__VISUALDSPVERSION__>>24)
-# define COMPILER_VERSION_MINOR HEX(__VISUALDSPVERSION__>>16 & 0xFF)
-# define COMPILER_VERSION_PATCH HEX(__VISUALDSPVERSION__>>8  & 0xFF)
+/* __VISUALDSPVERSION__ = 0xVVRRPP00 */
+# define COMPILER_VERSION_MAJOR HEX(__VISUALDSPVERSION__ >> 24)
+# define COMPILER_VERSION_MINOR HEX(__VISUALDSPVERSION__ >> 16 & 0xFF)
+# define COMPILER_VERSION_PATCH HEX(__VISUALDSPVERSION__ >> 8 & 0xFF)
@@ -368 +369,3 @@
-# elif defined(__VER__) && (defined(__ICCAVR__) || defined(__ICCRX__) || defined(__ICCRH850__) || defined(__ICCRL78__) || defined(__ICC430__) || defined(__ICCRISCV__) || defined(__ICCV850__) || defined(__ICC8051__) || defined(__ICCSTM8__))
+# elif defined(__VER__) && (defined(__ICCAVR__) || defined(__ICCRX__) || defined(__ICCRH850__) || \
+  defined(__ICCRL78__) || defined(__ICC430__) || defined(__ICCRISCV__) || defined(__ICCV850__) || \
+  defined(__ICC8051__) || defined(__ICCSTM8__))
@@ -370 +373 @@
-#  define COMPILER_VERSION_MINOR DEC((__VER__) - (((__VER__) / 100)*100))
+#  define COMPILER_VERSION_MINOR DEC((__VER__) -(((__VER__) / 100) * 100))
@@ -382,4 +385,4 @@
-  /* SDCC = VRP */
-#  define COMPILER_VERSION_MAJOR DEC(SDCC/100)
-#  define COMPILER_VERSION_MINOR DEC(SDCC/10 % 10)
-#  define COMPILER_VERSION_PATCH DEC(SDCC    % 10)
+/* SDCC = VRP */
+#  define COMPILER_VERSION_MAJOR DEC(SDCC / 100)
+#  define COMPILER_VERSION_MINOR DEC(SDCC / 10 % 10)
+#  define COMPILER_VERSION_PATCH DEC(SDCC % 10)
@@ -403 +406 @@
-char const* info_compiler = "INFO" ":" "compiler[" COMPILER_ID "]";
+char const * info_compiler = "INFO" ":" "compiler[" COMPILER_ID "]";
@@ -405 +408 @@
-char const* info_simulate = "INFO" ":" "simulate[" SIMULATE_ID "]";
+char const * info_simulate = "INFO" ":" "simulate[" SIMULATE_ID "]";
@@ -409 +412 @@
-char const* qnxnto = "INFO" ":" "qnxnto[]";
+char const * qnxnto = "INFO" ":" "qnxnto[]";
@@ -413 +416 @@
-char const *info_cray = "INFO" ":" "compiler_wrapper[CrayPrgEnv]";
+char const * info_cray = "INFO" ":" "compiler_wrapper[CrayPrgEnv]";
@@ -656,9 +659,9 @@
-#define DEC(n)                   \
-  ('0' + (((n) / 10000000)%10)), \
-  ('0' + (((n) / 1000000)%10)),  \
-  ('0' + (((n) / 100000)%10)),   \
-  ('0' + (((n) / 10000)%10)),    \
-  ('0' + (((n) / 1000)%10)),     \
-  ('0' + (((n) / 100)%10)),      \
-  ('0' + (((n) / 10)%10)),       \
-  ('0' +  ((n) % 10))
+#define DEC(n) \
+  ('0' + (((n) / 10000000) % 10)), \
+  ('0' + (((n) / 1000000) % 10)), \
+  ('0' + (((n) / 100000) % 10)), \
+  ('0' + (((n) / 10000) % 10)), \
+  ('0' + (((n) / 1000) % 10)), \
+  ('0' + (((n) / 100) % 10)), \
+  ('0' + (((n) / 10) % 10)), \
+  ('0' + ((n) % 10))
@@ -667,9 +670,9 @@
-#define HEX(n)             \
-  ('0' + ((n)>>28 & 0xF)), \
-  ('0' + ((n)>>24 & 0xF)), \
-  ('0' + ((n)>>20 & 0xF)), \
-  ('0' + ((n)>>16 & 0xF)), \
-  ('0' + ((n)>>12 & 0xF)), \
-  ('0' + ((n)>>8  & 0xF)), \
-  ('0' + ((n)>>4  & 0xF)), \
-  ('0' + ((n)     & 0xF))
+#define HEX(n) \
+  ('0' + ((n) >> 28 & 0xF)), \
+  ('0' + ((n) >> 24 & 0xF)), \
+  ('0' + ((n) >> 20 & 0xF)), \
+  ('0' + ((n) >> 16 & 0xF)), \
+  ('0' + ((n) >> 12 & 0xF)), \
+  ('0' + ((n) >> 8 & 0xF)), \
+  ('0' + ((n) >> 4 & 0xF)), \
+  ('0' + ((n) & 0xF))
@@ -679 +682 @@
-char const* info_version = "INFO" ":" "compiler_version[" COMPILER_VERSION "]";
+char const * info_version = "INFO" ":" "compiler_version[" COMPILER_VERSION "]";
@@ -685 +688 @@
-  'c','o','m','p','i','l','e','r','_','v','e','r','s','i','o','n','[',
+  'c', 'o', 'm', 'p', 'i', 'l', 'e', 'r', '_', 'v', 'e', 'r', 's', 'i', 'o', 'n', '[',
@@ -690 +693 @@
-   '.', COMPILER_VERSION_PATCH,
+  '.', COMPILER_VERSION_PATCH,
@@ -692 +695 @@
-    '.', COMPILER_VERSION_TWEAK,
+  '.', COMPILER_VERSION_TWEAK,
@@ -696 +699,2 @@
-  ']','\0'};
+  ']', '\0'
+};
@@ -703,3 +707,4 @@
-  'c','o','m','p','i','l','e','r','_','v','e','r','s','i','o','n','_',
-  'i','n','t','e','r','n','a','l','[',
-  COMPILER_VERSION_INTERNAL,']','\0'};
+  'c', 'o', 'm', 'p', 'i', 'l', 'e', 'r', '_', 'v', 'e', 'r', 's', 'i', 'o', 'n', '_',
+  'i', 'n', 't', 'e', 'r', 'n', 'a', 'l', '[',
+  COMPILER_VERSION_INTERNAL, ']', '\0'
+};
@@ -707 +712,2 @@
-char const* info_version_internal = "INFO" ":" "compiler_version_internal[" COMPILER_VERSION_INTERNAL_STR "]";
+char const * info_version_internal =
+  "INFO" ":" "compiler_version_internal[" COMPILER_VERSION_INTERNAL_STR "]";
@@ -714 +720 @@
-  's','i','m','u','l','a','t','e','_','v','e','r','s','i','o','n','[',
+  's', 'i', 'm', 'u', 'l', 'a', 't', 'e', '_', 'v', 'e', 'r', 's', 'i', 'o', 'n', '[',
@@ -719 +725 @@
-   '.', SIMULATE_VERSION_PATCH,
+  '.', SIMULATE_VERSION_PATCH,
@@ -721 +727 @@
-    '.', SIMULATE_VERSION_TWEAK,
+  '.', SIMULATE_VERSION_TWEAK,
@@ -725 +731,2 @@
-  ']','\0'};
+  ']', '\0'
+};
@@ -732,3 +739,2 @@
-char const* info_platform = "INFO" ":" "platform[" PLATFORM_ID "]";
-char const* info_arch = "INFO" ":" "arch[" ARCHITECTURE_ID "]";
-
+char const * info_platform = "INFO" ":" "platform[" PLATFORM_ID "]";
+char const * info_arch = "INFO" ":" "arch[" ARCHITECTURE_ID "]";
@@ -754 +760 @@
-const char* info_language_standard_default =
+const char * info_language_standard_default =
@@ -757 +763 @@
-const char* info_language_extensions_default = "INFO" ":" "extensions_default["
+const char * info_language_extensions_default = "INFO" ":" "extensions_default["
@@ -759,2 +765,2 @@
-#if (defined(__clang__) || defined(__GNUC__) ||                               \
-     defined(__TI_COMPILER_VERSION__)) &&                                     \
+#if (defined(__clang__) || defined(__GNUC__) || \
+  defined(__TI_COMPILER_VERSION__)) && \
@@ -766 +772 @@
-"]";
+  "]";
@@ -774 +780 @@
-int main(argc, argv) int argc; char *argv[];
+int main(argc, argv) int argc; char * argv[];
@@ -776 +782 @@
-int main(int argc, char* argv[])
+int main(int argc, char * argv[])

Code style divergence in file 'build/edu_robocup_rescue_stack/CMakeFiles/3.22.1/CompilerIdCXX/CMakeCXXCompilerId.cpp':

--- build/edu_robocup_rescue_stack/CMakeFiles/3.22.1/CompilerIdCXX/CMakeCXXCompilerId.cpp
+++ build/edu_robocup_rescue_stack/CMakeFiles/3.22.1/CompilerIdCXX/CMakeCXXCompilerId.cpp.uncrustify
@@ -20 +20 @@
-  /* __COMO_VERSION__ = VRR */
+/* __COMO_VERSION__ = VRR */
@@ -32 +32 @@
-  /* __INTEL_COMPILER = VRP prior to 2021, and then VVVV for 2021 and later,
+/* __INTEL_COMPILER = VRP prior to 2021, and then VVVV for 2021 and later,
@@ -35,2 +35,2 @@
-#  define COMPILER_VERSION_MAJOR DEC(__INTEL_COMPILER/100)
-#  define COMPILER_VERSION_MINOR DEC(__INTEL_COMPILER/10 % 10)
+#  define COMPILER_VERSION_MAJOR DEC(__INTEL_COMPILER / 100)
+#  define COMPILER_VERSION_MINOR DEC(__INTEL_COMPILER / 10 % 10)
@@ -40 +40 @@
-#   define COMPILER_VERSION_PATCH DEC(__INTEL_COMPILER   % 10)
+#   define COMPILER_VERSION_PATCH DEC(__INTEL_COMPILER % 10)
@@ -45 +45 @@
-   /* The third version component from --version is an update index,
+/* The third version component from --version is an update index,
@@ -50 +50 @@
-   /* __INTEL_COMPILER_BUILD_DATE = YYYYMMDD */
+/* __INTEL_COMPILER_BUILD_DATE = YYYYMMDD */
@@ -54 +54 @@
-   /* _MSC_VER = VVRR */
+/* _MSC_VER = VVRR */
@@ -83,3 +83,3 @@
-# define COMPILER_VERSION_MAJOR DEC(__INTEL_LLVM_COMPILER/100)
-# define COMPILER_VERSION_MINOR DEC(__INTEL_LLVM_COMPILER/10 % 10)
-# define COMPILER_VERSION_PATCH DEC(__INTEL_LLVM_COMPILER    % 10)
+# define COMPILER_VERSION_MAJOR DEC(__INTEL_LLVM_COMPILER / 100)
+# define COMPILER_VERSION_MINOR DEC(__INTEL_LLVM_COMPILER / 10 % 10)
+# define COMPILER_VERSION_PATCH DEC(__INTEL_LLVM_COMPILER % 10)
@@ -87,3 +87,3 @@
-# define COMPILER_VERSION_MAJOR DEC(__INTEL_LLVM_COMPILER/10000)
-# define COMPILER_VERSION_MINOR DEC(__INTEL_LLVM_COMPILER/100 % 100)
-# define COMPILER_VERSION_PATCH DEC(__INTEL_LLVM_COMPILER     % 100)
+# define COMPILER_VERSION_MAJOR DEC(__INTEL_LLVM_COMPILER / 10000)
+# define COMPILER_VERSION_MINOR DEC(__INTEL_LLVM_COMPILER / 100 % 100)
+# define COMPILER_VERSION_PATCH DEC(__INTEL_LLVM_COMPILER % 100)
@@ -92 +92 @@
-  /* _MSC_VER = VVRR */
+/* _MSC_VER = VVRR */
@@ -118,3 +118,3 @@
-# define COMPILER_VERSION_MAJOR HEX(__CODEGEARC_VERSION__>>24 & 0x00FF)
-# define COMPILER_VERSION_MINOR HEX(__CODEGEARC_VERSION__>>16 & 0x00FF)
-# define COMPILER_VERSION_PATCH DEC(__CODEGEARC_VERSION__     & 0xFFFF)
+# define COMPILER_VERSION_MAJOR HEX(__CODEGEARC_VERSION__ >> 24 & 0x00FF)
+# define COMPILER_VERSION_MINOR HEX(__CODEGEARC_VERSION__ >> 16 & 0x00FF)
+# define COMPILER_VERSION_PATCH DEC(__CODEGEARC_VERSION__ & 0xFFFF)
@@ -124,2 +124,2 @@
-  /* __BORLANDC__ = 0xVRR */
-# define COMPILER_VERSION_MAJOR HEX(__BORLANDC__>>8)
+/* __BORLANDC__ = 0xVRR */
+# define COMPILER_VERSION_MAJOR HEX(__BORLANDC__ >> 8)
@@ -130 +130 @@
-   /* __WATCOMC__ = VVRR */
+/* __WATCOMC__ = VVRR */
@@ -139 +139 @@
-   /* __WATCOMC__ = VVRP + 1100 */
+/* __WATCOMC__ = VVRP + 1100 */
@@ -149,4 +149,4 @@
-   /* __SUNPRO_CC = 0xVRRP */
-#  define COMPILER_VERSION_MAJOR HEX(__SUNPRO_CC>>12)
-#  define COMPILER_VERSION_MINOR HEX(__SUNPRO_CC>>4 & 0xFF)
-#  define COMPILER_VERSION_PATCH HEX(__SUNPRO_CC    & 0xF)
+/* __SUNPRO_CC = 0xVRRP */
+#  define COMPILER_VERSION_MAJOR HEX(__SUNPRO_CC >> 12)
+#  define COMPILER_VERSION_MINOR HEX(__SUNPRO_CC >> 4 & 0xFF)
+#  define COMPILER_VERSION_PATCH HEX(__SUNPRO_CC & 0xF)
@@ -154,4 +154,4 @@
-   /* __SUNPRO_CC = 0xVRP */
-#  define COMPILER_VERSION_MAJOR HEX(__SUNPRO_CC>>8)
-#  define COMPILER_VERSION_MINOR HEX(__SUNPRO_CC>>4 & 0xF)
-#  define COMPILER_VERSION_PATCH HEX(__SUNPRO_CC    & 0xF)
+/* __SUNPRO_CC = 0xVRP */
+#  define COMPILER_VERSION_MAJOR HEX(__SUNPRO_CC >> 8)
+#  define COMPILER_VERSION_MINOR HEX(__SUNPRO_CC >> 4 & 0xF)
+#  define COMPILER_VERSION_PATCH HEX(__SUNPRO_CC & 0xF)
@@ -162,4 +162,4 @@
-  /* __HP_aCC = VVRRPP */
-# define COMPILER_VERSION_MAJOR DEC(__HP_aCC/10000)
-# define COMPILER_VERSION_MINOR DEC(__HP_aCC/100 % 100)
-# define COMPILER_VERSION_PATCH DEC(__HP_aCC     % 100)
+/* __HP_aCC = VVRRPP */
+# define COMPILER_VERSION_MAJOR DEC(__HP_aCC / 10000)
+# define COMPILER_VERSION_MINOR DEC(__HP_aCC / 100 % 100)
+# define COMPILER_VERSION_PATCH DEC(__HP_aCC % 100)
@@ -169,4 +169,4 @@
-  /* __DECCXX_VER = VVRRTPPPP */
-# define COMPILER_VERSION_MAJOR DEC(__DECCXX_VER/10000000)
-# define COMPILER_VERSION_MINOR DEC(__DECCXX_VER/100000  % 100)
-# define COMPILER_VERSION_PATCH DEC(__DECCXX_VER         % 10000)
+/* __DECCXX_VER = VVRRTPPPP */
+# define COMPILER_VERSION_MAJOR DEC(__DECCXX_VER / 10000000)
+# define COMPILER_VERSION_MINOR DEC(__DECCXX_VER / 100000 % 100)
+# define COMPILER_VERSION_PATCH DEC(__DECCXX_VER % 10000)
@@ -176,4 +176,4 @@
-  /* __IBMCPP__ = VRP */
-# define COMPILER_VERSION_MAJOR DEC(__IBMCPP__/100)
-# define COMPILER_VERSION_MINOR DEC(__IBMCPP__/10 % 10)
-# define COMPILER_VERSION_PATCH DEC(__IBMCPP__    % 10)
+/* __IBMCPP__ = VRP */
+# define COMPILER_VERSION_MAJOR DEC(__IBMCPP__ / 100)
+# define COMPILER_VERSION_MINOR DEC(__IBMCPP__ / 10 % 10)
+# define COMPILER_VERSION_PATCH DEC(__IBMCPP__ % 10)
@@ -191,4 +191,4 @@
-  /* __IBMCPP__ = VRP */
-# define COMPILER_VERSION_MAJOR DEC(__IBMCPP__/100)
-# define COMPILER_VERSION_MINOR DEC(__IBMCPP__/10 % 10)
-# define COMPILER_VERSION_PATCH DEC(__IBMCPP__    % 10)
+/* __IBMCPP__ = VRP */
+# define COMPILER_VERSION_MAJOR DEC(__IBMCPP__ / 100)
+# define COMPILER_VERSION_MINOR DEC(__IBMCPP__ / 10 % 10)
+# define COMPILER_VERSION_PATCH DEC(__IBMCPP__ % 10)
@@ -198,4 +198,4 @@
-  /* __IBMCPP__ = VRP */
-# define COMPILER_VERSION_MAJOR DEC(__IBMCPP__/100)
-# define COMPILER_VERSION_MINOR DEC(__IBMCPP__/10 % 10)
-# define COMPILER_VERSION_PATCH DEC(__IBMCPP__    % 10)
+/* __IBMCPP__ = VRP */
+# define COMPILER_VERSION_MAJOR DEC(__IBMCPP__ / 100)
+# define COMPILER_VERSION_MINOR DEC(__IBMCPP__ / 10 % 10)
+# define COMPILER_VERSION_PATCH DEC(__IBMCPP__ % 10)
@@ -226,4 +226,4 @@
-  /* __TI_COMPILER_VERSION__ = VVVRRRPPP */
-# define COMPILER_VERSION_MAJOR DEC(__TI_COMPILER_VERSION__/1000000)
-# define COMPILER_VERSION_MINOR DEC(__TI_COMPILER_VERSION__/1000   % 1000)
-# define COMPILER_VERSION_PATCH DEC(__TI_COMPILER_VERSION__        % 1000)
+/* __TI_COMPILER_VERSION__ = VVVRRRPPP */
+# define COMPILER_VERSION_MAJOR DEC(__TI_COMPILER_VERSION__ / 1000000)
+# define COMPILER_VERSION_MINOR DEC(__TI_COMPILER_VERSION__ / 1000 % 1000)
+# define COMPILER_VERSION_PATCH DEC(__TI_COMPILER_VERSION__ % 1000)
@@ -261 +261 @@
-# define COMPILER_VERSION_PATCH DEC(__GHS_VERSION_NUMBER      % 10)
+# define COMPILER_VERSION_PATCH DEC(__GHS_VERSION_NUMBER % 10)
@@ -270,4 +270,4 @@
-  /* __ARMCC_VERSION = VRRPPPP */
-  # define COMPILER_VERSION_MAJOR DEC(__ARMCC_VERSION/1000000)
-  # define COMPILER_VERSION_MINOR DEC(__ARMCC_VERSION/10000 % 100)
-  # define COMPILER_VERSION_PATCH DEC(__ARMCC_VERSION     % 10000)
+/* __ARMCC_VERSION = VRRPPPP */
+  # define COMPILER_VERSION_MAJOR DEC(__ARMCC_VERSION / 1000000)
+  # define COMPILER_VERSION_MINOR DEC(__ARMCC_VERSION / 10000 % 100)
+  # define COMPILER_VERSION_PATCH DEC(__ARMCC_VERSION % 10000)
@@ -275,4 +275,4 @@
-  /* __ARMCC_VERSION = VRPPPP */
-  # define COMPILER_VERSION_MAJOR DEC(__ARMCC_VERSION/100000)
-  # define COMPILER_VERSION_MINOR DEC(__ARMCC_VERSION/10000 % 10)
-  # define COMPILER_VERSION_PATCH DEC(__ARMCC_VERSION    % 10000)
+/* __ARMCC_VERSION = VRPPPP */
+  # define COMPILER_VERSION_MAJOR DEC(__ARMCC_VERSION / 100000)
+  # define COMPILER_VERSION_MINOR DEC(__ARMCC_VERSION / 10000 % 10)
+  # define COMPILER_VERSION_PATCH DEC(__ARMCC_VERSION % 10000)
@@ -291 +291 @@
-   /* _MSC_VER = VVRR */
+/* _MSC_VER = VVRR */
@@ -299,3 +299,3 @@
-  # define COMPILER_VERSION_MAJOR DEC(__ARMCOMPILER_VERSION/1000000)
-  # define COMPILER_VERSION_MINOR DEC(__ARMCOMPILER_VERSION/10000 % 100)
-  # define COMPILER_VERSION_PATCH DEC(__ARMCOMPILER_VERSION     % 10000)
+  # define COMPILER_VERSION_MAJOR DEC(__ARMCOMPILER_VERSION / 1000000)
+  # define COMPILER_VERSION_MINOR DEC(__ARMCOMPILER_VERSION / 10000 % 100)
+  # define COMPILER_VERSION_PATCH DEC(__ARMCOMPILER_VERSION % 10000)
@@ -313 +313 @@
-   /* _MSC_VER = VVRR */
+/* _MSC_VER = VVRR */
@@ -334 +334 @@
-  /* _MSC_VER = VVRR */
+/* _MSC_VER = VVRR */
@@ -339 +339 @@
-    /* _MSC_FULL_VER = VVRRPPPPP */
+/* _MSC_FULL_VER = VVRRPPPPP */
@@ -342 +342 @@
-    /* _MSC_FULL_VER = VVRRPPPP */
+/* _MSC_FULL_VER = VVRRPPPP */
@@ -350 +350,2 @@
-#elif defined(__VISUALDSPVERSION__) || defined(__ADSPBLACKFIN__) || defined(__ADSPTS__) || defined(__ADSP21000__)
+#elif defined(__VISUALDSPVERSION__) || defined(__ADSPBLACKFIN__) || defined(__ADSPTS__) || \
+  defined(__ADSP21000__)
@@ -353,4 +354,4 @@
-  /* __VISUALDSPVERSION__ = 0xVVRRPP00 */
-# define COMPILER_VERSION_MAJOR HEX(__VISUALDSPVERSION__>>24)
-# define COMPILER_VERSION_MINOR HEX(__VISUALDSPVERSION__>>16 & 0xFF)
-# define COMPILER_VERSION_PATCH HEX(__VISUALDSPVERSION__>>8  & 0xFF)
+/* __VISUALDSPVERSION__ = 0xVVRRPP00 */
+# define COMPILER_VERSION_MAJOR HEX(__VISUALDSPVERSION__ >> 24)
+# define COMPILER_VERSION_MINOR HEX(__VISUALDSPVERSION__ >> 16 & 0xFF)
+# define COMPILER_VERSION_PATCH HEX(__VISUALDSPVERSION__ >> 8 & 0xFF)
@@ -366 +367,3 @@
-# elif defined(__VER__) && (defined(__ICCAVR__) || defined(__ICCRX__) || defined(__ICCRH850__) || defined(__ICCRL78__) || defined(__ICC430__) || defined(__ICCRISCV__) || defined(__ICCV850__) || defined(__ICC8051__) || defined(__ICCSTM8__))
+# elif defined(__VER__) && (defined(__ICCAVR__) || defined(__ICCRX__) || defined(__ICCRH850__) || \
+  defined(__ICCRL78__) || defined(__ICC430__) || defined(__ICCRISCV__) || defined(__ICCV850__) || \
+  defined(__ICC8051__) || defined(__ICCSTM8__))
@@ -368 +371 @@
-#  define COMPILER_VERSION_MINOR DEC((__VER__) - (((__VER__) / 100)*100))
+#  define COMPILER_VERSION_MINOR DEC((__VER__) -(((__VER__) / 100) * 100))
@@ -388 +391 @@
-char const* info_compiler = "INFO" ":" "compiler[" COMPILER_ID "]";
+char const * info_compiler = "INFO" ":" "compiler[" COMPILER_ID "]";
@@ -390 +393 @@
-char const* info_simulate = "INFO" ":" "simulate[" SIMULATE_ID "]";
+char const * info_simulate = "INFO" ":" "simulate[" SIMULATE_ID "]";
@@ -394 +397 @@
-char const* qnxnto = "INFO" ":" "qnxnto[]";
+char const * qnxnto = "INFO" ":" "qnxnto[]";
@@ -398 +401 @@
-char const *info_cray = "INFO" ":" "compiler_wrapper[CrayPrgEnv]";
+char const * info_cray = "INFO" ":" "compiler_wrapper[CrayPrgEnv]";
@@ -641,9 +644,9 @@
-#define DEC(n)                   \
-  ('0' + (((n) / 10000000)%10)), \
-  ('0' + (((n) / 1000000)%10)),  \
-  ('0' + (((n) / 100000)%10)),   \
-  ('0' + (((n) / 10000)%10)),    \
-  ('0' + (((n) / 1000)%10)),     \
-  ('0' + (((n) / 100)%10)),      \
-  ('0' + (((n) / 10)%10)),       \
-  ('0' +  ((n) % 10))
+#define DEC(n) \
+  ('0' + (((n) / 10000000) % 10)), \
+  ('0' + (((n) / 1000000) % 10)), \
+  ('0' + (((n) / 100000) % 10)), \
+  ('0' + (((n) / 10000) % 10)), \
+  ('0' + (((n) / 1000) % 10)), \
+  ('0' + (((n) / 100) % 10)), \
+  ('0' + (((n) / 10) % 10)), \
+  ('0' + ((n) % 10))
@@ -652,9 +655,9 @@
-#define HEX(n)             \
-  ('0' + ((n)>>28 & 0xF)), \
-  ('0' + ((n)>>24 & 0xF)), \
-  ('0' + ((n)>>20 & 0xF)), \
-  ('0' + ((n)>>16 & 0xF)), \
-  ('0' + ((n)>>12 & 0xF)), \
-  ('0' + ((n)>>8  & 0xF)), \
-  ('0' + ((n)>>4  & 0xF)), \
-  ('0' + ((n)     & 0xF))
+#define HEX(n) \
+  ('0' + ((n) >> 28 & 0xF)), \
+  ('0' + ((n) >> 24 & 0xF)), \
+  ('0' + ((n) >> 20 & 0xF)), \
+  ('0' + ((n) >> 16 & 0xF)), \
+  ('0' + ((n) >> 12 & 0xF)), \
+  ('0' + ((n) >> 8 & 0xF)), \
+  ('0' + ((n) >> 4 & 0xF)), \
+  ('0' + ((n) & 0xF))
@@ -664 +667 @@
-char const* info_version = "INFO" ":" "compiler_version[" COMPILER_VERSION "]";
+char const * info_version = "INFO" ":" "compiler_version[" COMPILER_VERSION "]";
@@ -670 +673 @@
-  'c','o','m','p','i','l','e','r','_','v','e','r','s','i','o','n','[',
+  'c', 'o', 'm', 'p', 'i', 'l', 'e', 'r', '_', 'v', 'e', 'r', 's', 'i', 'o', 'n', '[',
@@ -675 +678 @@
-   '.', COMPILER_VERSION_PATCH,
+  '.', COMPILER_VERSION_PATCH,
@@ -677 +680 @@
-    '.', COMPILER_VERSION_TWEAK,
+  '.', COMPILER_VERSION_TWEAK,
@@ -681 +684 @@
-  ']','\0'};
+  ']', '\0'};
@@ -688,3 +691,3 @@
-  'c','o','m','p','i','l','e','r','_','v','e','r','s','i','o','n','_',
-  'i','n','t','e','r','n','a','l','[',
-  COMPILER_VERSION_INTERNAL,']','\0'};
+  'c', 'o', 'm', 'p', 'i', 'l', 'e', 'r', '_', 'v', 'e', 'r', 's', 'i', 'o', 'n', '_',
+  'i', 'n', 't', 'e', 'r', 'n', 'a', 'l', '[',
+  COMPILER_VERSION_INTERNAL, ']', '\0'};
@@ -692 +695,2 @@
-char const* info_version_internal = "INFO" ":" "compiler_version_internal[" COMPILER_VERSION_INTERNAL_STR "]";
+char const * info_version_internal =
+  "INFO" ":" "compiler_version_internal[" COMPILER_VERSION_INTERNAL_STR "]";
@@ -699 +703 @@
-  's','i','m','u','l','a','t','e','_','v','e','r','s','i','o','n','[',
+  's', 'i', 'm', 'u', 'l', 'a', 't', 'e', '_', 'v', 'e', 'r', 's', 'i', 'o', 'n', '[',
@@ -704 +708 @@
-   '.', SIMULATE_VERSION_PATCH,
+  '.', SIMULATE_VERSION_PATCH,
@@ -706 +710 @@
-    '.', SIMULATE_VERSION_TWEAK,
+  '.', SIMULATE_VERSION_TWEAK,
@@ -710 +714 @@
-  ']','\0'};
+  ']', '\0'};
@@ -717,3 +721,2 @@
-char const* info_platform = "INFO" ":" "platform[" PLATFORM_ID "]";
-char const* info_arch = "INFO" ":" "arch[" ARCHITECTURE_ID "]";
-
+char const * info_platform = "INFO" ":" "platform[" PLATFORM_ID "]";
+char const * info_arch = "INFO" ":" "arch[" ARCHITECTURE_ID "]";
@@ -738 +741 @@
-const char* info_language_standard_default = "INFO" ":" "standard_default["
+const char * info_language_standard_default = "INFO" ":" "standard_default["
@@ -752,3 +755,3 @@
-"]";
-
-const char* info_language_extensions_default = "INFO" ":" "extensions_default["
+  "]";
+
+const char * info_language_extensions_default = "INFO" ":" "extensions_default["
@@ -756,2 +759,2 @@
-#if (defined(__clang__) || defined(__GNUC__) ||                               \
-     defined(__TI_COMPILER_VERSION__)) &&                                     \
+#if (defined(__clang__) || defined(__GNUC__) || \
+  defined(__TI_COMPILER_VERSION__)) && \
@@ -763 +766 @@
-"]";
+  "]";
@@ -767 +770 @@
-int main(int argc, char* argv[])
[...]
                                                                                                   ^
        
^
            arguments = ['--x', '0.0', '--y', '0', '--z', '0.139', '--yaw', '0', '--pitch', '0', '--roll', '0', '--frame-id', 'base_link', '--child-frame-id', 'laser_link']
                     ^
            arguments = ['--x', '0.0', '--y', '0', '--z', '0.139', '--yaw', '0', '--pitch', '0', '--roll', '0', '--frame-id', 'base_link', '--child-frame-id', 'laser_link']
                       ^
            arguments = ['--x', '0.0', '--y', '0', '--z', '0.139', '--yaw', '0', '--pitch', '0', '--roll', '0', '--frame-id', 'base_link', '--child-frame-id', 'laser_link']
                                                                                                   ^
            arguments= ['--x', '0', '--y', '0', '--z', '0', '--yaw', '0', '--pitch', '0', '--roll', '0', '--frame-id', 'base_link', '--child-frame-id', 'imu_link']
                      ^
            arguments= ['--x', '0', '--y', '0', '--z', '0', '--yaw', '0', '--pitch', '0', '--roll', '0', '--frame-id', 'base_link', '--child-frame-id', 'imu_link']
                                                                                                   ^
    
^
    start_navigation = IncludeLaunchDescription(
    ^
        PythonLaunchDescriptionSource(os.path.join(nav2_launch_dir, 'bringup_launch.py')), 
                                                                                          ^
        launch_arguments = {'namespace':namespace,
                        ^
        launch_arguments = {'namespace':namespace,
                          ^
        launch_arguments = {'namespace':namespace,
                                       ^
                           'use_sim_time': use_sim_time,
                           ^
    
^
    
^
         parameters=[os.path.join(bringup_dir, 'config/ekf.yaml'), {'use_sim_time': LaunchConfiguration('use_sim_time')}], #, {'use_sim_time': use_sim_time}]
                                                                                                   ^
./install/edu_robocup_rescue_stack/share/edu_robocup_rescue_stack/launch/amcl.launch.py:56:10: E131 continuation line unaligned for hanging indent

./install/edu_robocup_rescue_stack/share/edu_robocup_rescue_stack/launch/amcl.launch.py:59:34: E211 whitespace before '('

./install/edu_robocup_rescue_stack/share/edu_robocup_rescue_stack/launch/amcl.launch.py:61:13: E201 whitespace after '{'

./install/edu_robocup_rescue_stack/share/edu_robocup_rescue_stack/launch/amcl.launch.py:62:13: E201 whitespace after '{'

./install/edu_robocup_rescue_stack/share/edu_robocup_rescue_stack/launch/amcl.launch.py:64:42: W291 trailing whitespace

./install/edu_robocup_rescue_stack/share/edu_robocup_rescue_stack/launch/amcl.launch.py:68:1: W293 blank line contains whitespace

./install/edu_robocup_rescue_stack/share/edu_robocup_rescue_stack/launch/amcl.launch.py:70:5: E303 too many blank lines (2)

./install/edu_robocup_rescue_stack/share/edu_robocup_rescue_stack/launch/amcl.launch.py:78:5: E303 too many blank lines (2)

./install/edu_robocup_rescue_stack/share/edu_robocup_rescue_stack/launch/amcl.launch.py:80:1: W391 blank line at end of file

./install/edu_robocup_rescue_stack/share/edu_robocup_rescue_stack/launch/navigation1.launch.py:2:1: E265 block comment should start with '# '

./install/edu_robocup_rescue_stack/share/edu_robocup_rescue_stack/launch/navigation1.launch.py:3:1: E265 block comment should start with '# '

./install/edu_robocup_rescue_stack/share/edu_robocup_rescue_stack/launch/navigation1.launch.py:10:1: F401 'ros2run.api.get_executable_path' imported but unused

./install/edu_robocup_rescue_stack/share/edu_robocup_rescue_stack/launch/navigation1.launch.py:11:1: E265 block comment should start with '# '

./install/edu_robocup_rescue_stack/share/edu_robocup_rescue_stack/launch/navigation1.launch.py:20:1: E303 too many blank lines (5)

./install/edu_robocup_rescue_stack/share/edu_robocup_rescue_stack/launch/navigation1.launch.py:23:5: F841 local variable 'slamtoolbox_dir' is assigned to but never used

./install/edu_robocup_rescue_stack/share/edu_robocup_rescue_stack/launch/navigation1.launch.py:24:5: E265 block comment should start with '# '

./install/edu_robocup_rescue_stack/share/edu_robocup_rescue_stack/launch/navigation1.launch.py:26:77: W291 trailing whitespace

./install/edu_robocup_rescue_stack/share/edu_robocup_rescue_stack/launch/navigation1.launch.py:27:55: W291 trailing whitespace

./install/edu_robocup_rescue_stack/share/edu_robocup_rescue_stack/launch/navigation1.launch.py:36:5: E303 too many blank lines (2)

./install/edu_robocup_rescue_stack/share/edu_robocup_rescue_stack/launch/navigation1.launch.py:38:91: W291 trailing whitespace

./install/edu_robocup_rescue_stack/share/edu_robocup_rescue_stack/launch/navigation1.launch.py:44:13: E251 unexpected spaces around keyword / parameter equals

./install/edu_robocup_rescue_stack/share/edu_robocup_rescue_stack/launch/navigation1.launch.py:44:15: E251 unexpected spaces around keyword / parameter equals

./install/edu_robocup_rescue_stack/share/edu_robocup_rescue_stack/launch/navigation1.launch.py:45:22: E251 unexpected spaces around keyword / parameter equals

./install/edu_robocup_rescue_stack/share/edu_robocup_rescue_stack/launch/navigation1.launch.py:45:24: E251 unexpected spaces around keyword / parameter equals

./install/edu_robocup_rescue_stack/share/edu_robocup_rescue_stack/launch/navigation1.launch.py:59:25: E222 multiple spaces after operator

./install/edu_robocup_rescue_stack/share/edu_robocup_rescue_stack/launch/navigation1.launch.py:70:1: W293 blank line contains whitespace

./install/edu_robocup_rescue_stack/share/edu_robocup_rescue_stack/launch/navigation1.launch.py:71:5: E303 too many blank lines (2)

./install/edu_robocup_rescue_stack/share/edu_robocup_rescue_stack/launch/navigation1.launch.py:127:5: F841 local variable 'start_amcl' is assigned to but never used

./install/edu_robocup_rescue_stack/share/edu_robocup_rescue_stack/launch/navigation1.launch.py:129:9: E131 continuation line unaligned for hanging indent

./install/edu_robocup_rescue_stack/share/edu_robocup_rescue_stack/launch/navigation1.launch.py:130:9: E131 continuation line unaligned for hanging indent

./install/edu_robocup_rescue_stack/share/edu_robocup_rescue_stack/launch/navigation1.launch.py:131:9: E131 continuation line unaligned for hanging indent

./install/edu_robocup_rescue_stack/share/edu_robocup_rescue_stack/launch/navigation1.launch.py:132:9: E131 continuation line unaligned for hanging indent

./install/edu_robocup_rescue_stack/share/edu_robocup_rescue_stack/launch/navigation1.launch.py:133:9: E131 continuation line unaligned for hanging indent

./install/edu_robocup_rescue_stack/share/edu_robocup_rescue_stack/launch/navigation1.launch.py:138:5: E303 too many blank lines (3)

./install/edu_robocup_rescue_stack/share/edu_robocup_rescue_stack/launch/navigation1.launch.py:138:47: E211 whitespace before '('

./install/edu_robocup_rescue_stack/share/edu_robocup_rescue_stack/launch/navigation1.launch.py:139:44: W291 trailing whitespace

./install/edu_robocup_rescue_stack/share/edu_robocup_rescue_stack/launch/navigation1.launch.py:144:5: F841 local variable 'start_tf_map_base_frame' is assigned to but never used

./install/edu_robocup_rescue_stack/share/edu_robocup_rescue_stack/launch/navigation1.launch.py:147:18: E251 unexpected spaces around keyword / parameter equals

./install/edu_robocup_rescue_stack/share/edu_robocup_rescue_stack/launch/navigation1.launch.py:147:20: E251 unexpected spaces around keyword / parameter equals

./install/edu_robocup_rescue_stack/share/edu_robocup_rescue_stack/launch/navigation1.launch.py:147:100: E501 line too long (155 > 99 characters)

./install/edu_robocup_rescue_stack/share/edu_robocup_rescue_stack/launch/navigation1.launch.py:149:1: W293 blank line contains whitespace

./install/edu_robocup_rescue_stack/share/edu_robocup_rescue_stack/launch/navigation1.launch.py:153:22: E251 unexpected spaces around keyword / parameter equals

./install/edu_robocup_rescue_stack/share/edu_robocup_rescue_stack/launch/navigation1.launch.py:153:24: E251 unexpected spaces around keyword / parameter equals

./install/edu_robocup_rescue_stack/share/edu_robocup_rescue_stack/launch/navigation1.launch.py:153:100: E501 line too long (172 > 99 characters)

./install/edu_robocup_rescue_stack/share/edu_robocup_rescue_stack/launch/navigation1.launch.py:159:23: E251 unexpected spaces around keyword / parameter equals

./install/edu_robocup_rescue_stack/share/edu_robocup_rescue_stack/launch/navigation1.launch.py:159:100: E501 line too long (163 > 99 characters)

./install/edu_robocup_rescue_stack/share/edu_robocup_rescue_stack/launch/navigation1.launch.py:162:1: W293 blank line contains whitespace

./install/edu_robocup_rescue_stack/share/edu_robocup_rescue_stack/launch/navigation1.launch.py:164:5: E303 too many blank lines (3)

./install/edu_robocup_rescue_stack/share/edu_robocup_rescue_stack/launch/navigation1.launch.py:165:91: W291 trailing whitespace

./install/edu_robocup_rescue_stack/share/edu_robocup_rescue_stack/launch/navigation1.launch.py:166:25: E251 unexpected spaces around keyword / parameter equals

./install/edu_robocup_rescue_stack/share/edu_robocup_rescue_stack/launch/navigation1.launch.py:166:27: E251 unexpected spaces around keyword / parameter equals

./install/edu_robocup_rescue_stack/share/edu_robocup_rescue_stack/launch/navigation1.launch.py:166:40: E231 missing whitespace after ':'

./install/edu_robocup_rescue_stack/share/edu_robocup_rescue_stack/launch/navigation1.launch.py:167:28: E128 continuation line under-indented for visual indent

./install/edu_robocup_rescue_stack/share/edu_robocup_rescue_stack/launch/navigation1.launch.py:183:1: W293 blank line contains whitespace

./install/edu_robocup_rescue_stack/share/edu_robocup_rescue_stack/launch/navigation1.launch.py:191:1: W293 blank line contains whitespace

./install/edu_robocup_rescue_stack/share/edu_robocup_rescue_stack/launch/navigation1.launch.py:208:100: E501 line too long (157 > 99 characters)

         parameters=[os.path.join(bringup_dir, 'config/ekf.yaml'), {'use_sim_time': LaunchConfiguration('use_sim_time')}], #, {'use_sim_time': use_sim_time}]
                                                                                                                          ^
         parameters=[os.path.join(bringup_dir, 'config/ekf.yaml'), {'use_sim_time': LaunchConfiguration('use_sim_time')}], #, {'use_sim_time': use_sim_time}]
                                                                                                                           ^
         
^
    ld = LaunchDescription()    
                            ^
    #ld.add_action(start_slam_toolbox)
    ^
    ld.add_action(declare_params_file)  
                                      ^
    #ld.add_action(start_amcl)
    ^
    
^
    
^
    ld.add_action(start_edu_robocup_rescue_stack_node)
    ^
    #ld.add_action(start_tf_map_base_frame)
    ^
    
^
    return ld
    ^
2     E111 indentation is not a multiple of 4
2     E116 unexpected indentation (comment)
5     E128 continuation line under-indented for visual indent
13    E131 continuation line unaligned for hanging indent
12    E201 whitespace after '{'
8     E211 whitespace before '('
5     E222 multiple spaces after operator
2     E225 missing whitespace around operator
4     E231 missing whitespace after ','
48    E251 unexpected spaces around keyword / parameter equals
2     E261 at least two spaces before inline comment
3     E262 inline comment should start with '# '
33    E265 block comment should start with '# '
31    E303 too many blank lines (3)
23    E501 line too long (109 > 99 characters)
12    F401 'argparse' imported but unused
10    F841 local variable 'slamtoolbox_launch_dir' is assigned to but never used
26    W291 trailing whitespace
1     W292 no newline at end of file
47    W293 blank line contains whitespace
2     W391 blank line at end of file
./install/edu_robocup_rescue_stack/share/edu_robocup_rescue_stack/launch/navigation1.launch.py:208:123: E261 at least two spaces before inline comment

./install/edu_robocup_rescue_stack/share/edu_robocup_rescue_stack/launch/navigation1.launch.py:208:124: E262 inline comment should start with '# '

./install/edu_robocup_rescue_stack/share/edu_robocup_rescue_stack/launch/navigation1.launch.py:209:1: W293 blank line contains whitespace

./install/edu_robocup_rescue_stack/share/edu_robocup_rescue_stack/launch/navigation1.launch.py:212:29: W291 trailing whitespace

./install/edu_robocup_rescue_stack/share/edu_robocup_rescue_stack/launch/navigation1.launch.py:213:5: E265 block comment should start with '# '

./install/edu_robocup_rescue_stack/share/edu_robocup_rescue_stack/launch/navigation1.launch.py:218:39: W291 trailing whitespace

./install/edu_robocup_rescue_stack/share/edu_robocup_rescue_stack/launch/navigation1.launch.py:223:5: E265 block comment should start with '# '

./install/edu_robocup_rescue_stack/share/edu_robocup_rescue_stack/launch/navigation1.launch.py:224:1: W293 blank line contains whitespace

./install/edu_robocup_rescue_stack/share/edu_robocup_rescue_stack/launch/navigation1.launch.py:225:1: W293 blank line contains whitespace

./install/edu_robocup_rescue_stack/share/edu_robocup_rescue_stack/launch/navigation1.launch.py:226:5: E303 too many blank lines (2)

./install/edu_robocup_rescue_stack/share/edu_robocup_rescue_stack/launch/navigation1.launch.py:227:5: E265 block comment should start with '# '

./install/edu_robocup_rescue_stack/share/edu_robocup_rescue_stack/launch/navigation1.launch.py:237:1: W293 blank line contains whitespace

./install/edu_robocup_rescue_stack/share/edu_robocup_rescue_stack/launch/navigation1.launch.py:239:5: E303 too many blank lines (2)


14 files checked
291 errors

'E'-type errors: 193
'F'-type errors: 22
'W'-type errors: 76

Checked files:

* ./setup.py
* ./launch/edu_control.launch.py
* ./launch/online_async_launch.py
* ./launch/amcl.launch.py
* ./launch/keepout.launch.py
* ./launch/navigation1.launch.py
* ./install/_local_setup_util_ps1.py
* ./install/_local_setup_util_sh.py
* ./install/edu_robocup_rescue_stack/share/edu_robocup_rescue_stack/launch/navigation.launch.py
* ./install/edu_robocup_rescue_stack/share/edu_robocup_rescue_stack/launch/edu_control.launch.py
* ./install/edu_robocup_rescue_stack/share/edu_robocup_rescue_stack/launch/online_async_launch.py
* ./install/edu_robocup_rescue_stack/share/edu_robocup_rescue_stack/launch/amcl.launch.py
* ./install/edu_robocup_rescue_stack/share/edu_robocup_rescue_stack/launch/keepout.launch.py
* ./install/edu_robocup_rescue_stack/share/edu_robocup_rescue_stack/launch/navigation1.launch.py
-- run_test.py: return code 1
-- run_test.py: verify result file '/home/daniel/ros2_ws/src/edu_robocub_rescue_stack/build/test_results/edu_robocup_rescue_stack/flake8.xunit.xml'
<end of output>
Test time =   0.71 sec
----------------------------------------------------------
Test Failed.
"flake8" end time: Apr 21 12:02 CEST
"flake8" time elapsed: 00:00:00
----------------------------------------------------------

4/6 Testing: pep257
4/6 Test: pep257
Command: "/usr/bin/python3.10" "-u" "/opt/ros/humble/share/ament_cmake_test/cmake/run_test.py" "/home/daniel/ros2_ws/src/edu_robocub_rescue_stack/build/test_results/edu_robocup_rescue_stack/pep257.xunit.xml" "--package-name" "edu_robocup_rescue_stack" "--output-file" "/home/daniel/ros2_ws/src/edu_robocub_rescue_stack/build/ament_pep257/pep257.txt" "--command" "/opt/ros/humble/bin/ament_pep257" "--xunit-file" "/home/daniel/ros2_ws/src/edu_robocub_rescue_stack/build/test_results/edu_robocup_rescue_stack/pep257.xunit.xml"
Directory: /home/daniel/ros2_ws/src/edu_robocub_rescue_stack
"pep257" start time: Apr 21 12:02 CEST
Output:
----------------------------------------------------------
-- run_test.py: invoking following command in '/home/daniel/ros2_ws/src/edu_robocub_rescue_stack':
 - /opt/ros/humble/bin/ament_pep257 --xunit-file /home/daniel/ros2_ws/src/edu_robocub_rescue_stack/build/test_results/edu_robocup_rescue_stack/pep257.xunit.xml
checking ./install/_local_setup_util_ps1.py
checking ./install/_local_setup_util_sh.py
checking ./install/edu_robocup_rescue_stack/share/edu_robocup_rescue_stack/launch/amcl.launch.py
checking ./install/edu_robocup_rescue_stack/share/edu_robocup_rescue_stack/launch/edu_control.launch.py
checking ./install/edu_robocup_rescue_stack/share/edu_robocup_rescue_stack/launch/keepout.launch.py
checking ./install/edu_robocup_rescue_stack/share/edu_robocup_rescue_stack/launch/navigation.launch.py
checking ./install/edu_robocup_rescue_stack/share/edu_robocup_rescue_stack/launch/navigation1.launch.py
checking ./install/edu_robocup_rescue_stack/share/edu_robocup_rescue_stack/launch/online_async_launch.py
checking ./launch/amcl.launch.py
checking ./launch/edu_control.launch.py
checking ./launch/keepout.launch.py
checking ./launch/navigation1.launch.py
checking ./launch/online_async_launch.py
checking ./setup.py
No problems found
-- run_test.py: return code 0
-- run_test.py: verify result file '/home/daniel/ros2_ws/src/edu_robocub_rescue_stack/build/test_results/edu_robocup_rescue_stack/pep257.xunit.xml'
<end of output>
Test time =   0.81 sec
----------------------------------------------------------
Test Passed.
"pep257" end time: Apr 21 12:02 CEST
"pep257" time elapsed: 00:00:00
----------------------------------------------------------

6/6 Testing: xmllint
6/6 Test: xmllint
Command: "/usr/bin/python3.10" "-u" "/opt/ros/humble/share/ament_cmake_test/cmake/run_test.py" "/home/daniel/ros2_ws/src/edu_robocub_rescue_stack/build/test_results/edu_robocup_rescue_stack/xmllint.xunit.xml" "--package-name" "edu_robocup_rescue_stack" "--output-file" "/home/daniel/ros2_ws/src/edu_robocub_rescue_stack/build/ament_xmllint/xmllint.txt" "--command" "/opt/ros/humble/bin/ament_xmllint" "--xunit-file" "/home/daniel/ros2_ws/src/edu_robocub_rescue_stack/build/test_results/edu_robocup_rescue_stack/xmllint.xunit.xml"
Directory: /home/daniel/ros2_ws/src/edu_robocub_rescue_stack
"xmllint" start time: Apr 21 12:02 CEST
Output:
----------------------------------------------------------
-- run_test.py: invoking following command in '/home/daniel/ros2_ws/src/edu_robocub_rescue_stack':
 - /opt/ros/humble/bin/ament_xmllint --xunit-file /home/daniel/ros2_ws/src/edu_robocub_rescue_stack/build/test_results/edu_robocup_rescue_stack/xmllint.xunit.xml
File 'package.xml' is valid

File 'build/test_results/edu_robocup_rescue_stack/cppcheck.xunit.xml' is valid

File 'build/test_results/edu_robocup_rescue_stack/flake8.xunit.xml' is valid

File 'build/test_results/edu_robocup_rescue_stack/lint_cmake.xunit.xml' is valid

File 'build/test_results/edu_robocup_rescue_stack/pep257.xunit.xml' is valid

File 'build/test_results/edu_robocup_rescue_stack/uncrustify.xunit.xml' is valid

File 'build/test_results/edu_robocup_rescue_stack/xmllint.xunit.xml' is valid

File 'install/edu_robocup_rescue_stack/share/edu_robocup_rescue_stack/package.xml' is valid

No problems found
-- run_test.py: return code 0
-- run_test.py: verify result file '/home/daniel/ros2_ws/src/edu_robocub_rescue_stack/build/test_results/edu_robocup_rescue_stack/xmllint.xunit.xml'
<end of output>
Test time =   1.48 sec
----------------------------------------------------------
Test Passed.
"xmllint" end time: Apr 21 12:02 CEST
"xmllint" time elapsed: 00:00:01
----------------------------------------------------------

End testing: Apr 21 12:02 CEST

cppcheck =   0.34 sec*proc

flake8 =   0.71 sec*proc

lint_cmake =   0.37 sec*proc

linter =   4.40 sec*proc

pep257 =   0.81 sec*proc

uncrustify =   0.69 sec*proc

xmllint =   1.48 sec*proc

