[35m[1mConsolidate compiler generated dependencies of target edu_robocup_rescue_stack_node[0m
[ 16%] [32mBuilding CXX object CMakeFiles/edu_robocup_rescue_stack_node.dir/src/control.cpp.o[0m
[01m[K/home/daniel/ros2_ws/src/edu_robocub_rescue_stack/src/control.cpp:17:18:[m[K [01;31m[Kerror: [m[Kdefinition of implicitly-declared â€˜[01m[KControl::Control()[m[Kâ€™
   17 | Control::Control([01;31m[K)[m[K {
      |                  [01;31m[K^[m[K
gmake[2]: *** [CMakeFiles/edu_robocup_rescue_stack_node.dir/build.make:104: CMakeFiles/edu_robocup_rescue_stack_node.dir/src/control.cpp.o] Error 1
gmake[1]: *** [CMakeFiles/Makefile2:137: CMakeFiles/edu_robocup_rescue_stack_node.dir/all] Error 2
gmake: *** [Makefile:146: all] Error 2
