[0.014s] Invoking command in '/home/daniel/ros2_ws/src/edu_robocub_rescue_stack/build/edu_robocup_rescue_stack': CMAKE_PREFIX_PATH=${CMAKE_PREFIX_PATH}:/home/daniel/ros2_ws/install/statistics_msgs:/home/daniel/ros2_ws/install/nav2_simple_commander:/home/daniel/ros2_ws/install/action_msgs:/opt/ros/humble /usr/bin/cmake --build /home/daniel/ros2_ws/src/edu_robocub_rescue_stack/build/edu_robocup_rescue_stack -- -j8 -l8
[0.049s] [35m[1mConsolidate compiler generated dependencies of target edu_robocup_rescue_stack_node[0m
[0.069s] [ 16%] [32mBuilding CXX object CMakeFiles/edu_robocup_rescue_stack_node.dir/src/control.cpp.o[0m
[1.682s] [01m[K/home/daniel/ros2_ws/src/edu_robocub_rescue_stack/src/control.cpp:17:18:[m[K [01;31m[Kerror: [m[Kdefinition of implicitly-declared â€˜[01m[KControl::Control()[m[Kâ€™
[1.682s]    17 | Control::Control([01;31m[K)[m[K {
[1.682s]       |                  [01;31m[K^[m[K
[1.981s] gmake[2]: *** [CMakeFiles/edu_robocup_rescue_stack_node.dir/build.make:104: CMakeFiles/edu_robocup_rescue_stack_node.dir/src/control.cpp.o] Error 1
[1.981s] gmake[1]: *** [CMakeFiles/Makefile2:137: CMakeFiles/edu_robocup_rescue_stack_node.dir/all] Error 2
[1.981s] gmake: *** [Makefile:146: all] Error 2
[1.983s] Invoked command in '/home/daniel/ros2_ws/src/edu_robocub_rescue_stack/build/edu_robocup_rescue_stack' returned '2': CMAKE_PREFIX_PATH=${CMAKE_PREFIX_PATH}:/home/daniel/ros2_ws/install/statistics_msgs:/home/daniel/ros2_ws/install/nav2_simple_commander:/home/daniel/ros2_ws/install/action_msgs:/opt/ros/humble /usr/bin/cmake --build /home/daniel/ros2_ws/src/edu_robocub_rescue_stack/build/edu_robocup_rescue_stack -- -j8 -l8
