[0.012s] Invoking command in '/home/daniel/ros2_ws/src/edu_robocub_rescue_stack/build/edu_robocup_rescue_stack': CMAKE_PREFIX_PATH=${CMAKE_PREFIX_PATH}:/home/daniel/ros2_ws/install/statistics_msgs:/home/daniel/ros2_ws/install/nav2_simple_commander:/home/daniel/ros2_ws/install/action_msgs:/opt/ros/humble /usr/bin/cmake --build /home/daniel/ros2_ws/src/edu_robocub_rescue_stack/build/edu_robocup_rescue_stack -- -j8 -l8
[0.060s] [ 33%] [32mBuilding CXX object CMakeFiles/edu_robocup_rescue_stack_node.dir/src/edu_robocup_rescue_stack_node.cpp.o[0m
[0.060s] [ 33%] [32mBuilding CXX object CMakeFiles/edu_robocup_rescue_stack_node.dir/src/localistionControlNode.cpp.o[0m
[0.061s] [ 50%] [32mBuilding CXX object CMakeFiles/edu_robocup_rescue_stack_node.dir/src/control.cpp.o[0m
[0.061s] [ 66%] [32mBuilding CXX object CMakeFiles/edu_robocup_rescue_stack_node.dir/src/localisation.cpp.o[0m
[2.128s] [01m[K/home/daniel/ros2_ws/src/edu_robocub_rescue_stack/src/control.cpp:5:17:[m[K [01;31m[Kerror: [m[Kexpected constructor, destructor, or type conversion before â€˜[01m[K([m[Kâ€™ token
[2.128s]     5 | Control::Control[01;31m[K([m[KLoadMap *loadMap) {
[2.128s]       |                 [01;31m[K^[m[K
[2.232s] In file included from [01m[K/home/daniel/ros2_ws/src/edu_robocub_rescue_stack/src/localistionControlNode.cpp:1[m[K:
[2.232s] [01m[K/home/daniel/ros2_ws/src/edu_robocub_rescue_stack/src/localisationControlNode.h:91:36:[m[K [01;31m[Kerror: [m[Kâ€˜[01m[Knav2_msgs[m[Kâ€™ was not declared in this scope; did you mean â€˜[01m[Knav_msgs[m[Kâ€™?
[2.232s]    91 |     std::shared_ptr<rclcpp::Client<[01;31m[Knav2_msgs[m[K::srv::LoadMap>> map_server_load_map;
[2.232s]       |                                    [01;31m[K^~~~~~~~~[m[K
[2.232s]       |                                    [32m[Knav_msgs[m[K
[2.232s] [01m[K/home/daniel/ros2_ws/src/edu_robocub_rescue_stack/src/localisationControlNode.h:91:59:[m[K [01;31m[Kerror: [m[Ktemplate argument 1 is invalid
[2.232s]    91 |     std::shared_ptr<rclcpp::Client<nav2_msgs::srv::LoadMap[01;31m[K>>[m[K map_server_load_map;
[2.232s]       |                                                           [01;31m[K^~[m[K
[2.232s] [01m[K/home/daniel/ros2_ws/src/edu_robocub_rescue_stack/src/localisationControlNode.h:91:62:[m[K [01;31m[Kerror: [m[Ktemplate argument 1 is invalid
[2.232s]    91 |     std::shared_ptr<rclcpp::Client<nav2_msgs::srv::LoadMap>> [01;31m[Kmap_server_load_map[m[K;
[2.232s]       |                                                              [01;31m[K^~~~~~~~~~~~~~~~~~~[m[K
[2.239s] [01m[K/home/daniel/ros2_ws/src/edu_robocub_rescue_stack/src/localistionControlNode.cpp:[m[K In constructor â€˜[01m[KLocalisationControlNode::LocalisationControlNode()[m[Kâ€™:
[2.239s] [01m[K/home/daniel/ros2_ws/src/edu_robocub_rescue_stack/src/localistionControlNode.cpp:5:5:[m[K [01;31m[Kerror: [m[Kâ€˜[01m[KLoadMap[m[Kâ€™ was not declared in this scope
[2.239s]     5 |     [01;31m[KLoadMap[m[K *lp = new LoadMap(map_server_load_map);
[2.239s]       |     [01;31m[K^~~~~~~[m[K
[2.243s] [01m[K/home/daniel/ros2_ws/src/edu_robocub_rescue_stack/src/localistionControlNode.cpp:5:14:[m[K [01;31m[Kerror: [m[Kâ€˜[01m[Klp[m[Kâ€™ was not declared in this scope
[2.243s]     5 |     LoadMap *[01;31m[Klp[m[K = new LoadMap(map_server_load_map);
[2.243s]       |              [01;31m[K^~[m[K
[2.243s] [01m[K/home/daniel/ros2_ws/src/edu_robocub_rescue_stack/src/localistionControlNode.cpp:5:23:[m[K [01;31m[Kerror: [m[Kexpected type-specifier before â€˜[01m[KLoadMap[m[Kâ€™
[2.243s]     5 |     LoadMap *lp = new [01;31m[KLoadMap[m[K(map_server_load_map);
[2.243s]       |                       [01;31m[K^~~~~~~[m[K
[2.268s] [01m[K/home/daniel/ros2_ws/src/edu_robocub_rescue_stack/src/localistionControlNode.cpp:[m[K In member function â€˜[01m[Kvoid LocalisationControlNode::odom_callback(nav_msgs::msg::Odometry_<std::allocator<void> >::SharedPtr)[m[Kâ€™:
[2.268s] [01m[K/home/daniel/ros2_ws/src/edu_robocub_rescue_stack/src/localistionControlNode.cpp:45:11:[m[K [01;35m[Kwarning: [m[Kunused variable â€˜[01m[Kx[m[Kâ€™ [[01;35m[K]8;;https://gcc.gnu.org/onlinedocs/gcc/Warning-Options.html#index-Wunused-variable-Wunused-variable]8;;[m[K]
[2.268s]    45 |     float [01;35m[Kx[m[K = msg_odom->pose.pose.position.x;
[2.268s]       |           [01;35m[K^[m[K
[2.268s] [01m[K/home/daniel/ros2_ws/src/edu_robocub_rescue_stack/src/localistionControlNode.cpp:46:11:[m[K [01;35m[Kwarning: [m[Kunused variable â€˜[01m[Ky[m[Kâ€™ [[01;35m[K]8;;https://gcc.gnu.org/onlinedocs/gcc/Warning-Options.html#index-Wunused-variable-Wunused-variable]8;;[m[K]
[2.268s]    46 |     float [01;35m[Ky[m[K = msg_odom->pose.pose.position.y;
[2.268s]       |           [01;35m[K^[m[K
[2.268s] [01m[K/home/daniel/ros2_ws/src/edu_robocub_rescue_stack/src/localistionControlNode.cpp:50:11:[m[K [01;35m[Kwarning: [m[Kunused variable â€˜[01m[Kx_orient[m[Kâ€™ [[01;35m[K]8;;https://gcc.gnu.org/onlinedocs/gcc/Warning-Options.html#index-Wunused-variable-Wunused-variable]8;;[m[K]
[2.268s]    50 |     float [01;35m[Kx_orient[m[K = msg_odom->pose.pose.orientation.x;
[2.268s]       |           [01;35m[K^~~~~~~~[m[K
[2.268s] [01m[K/home/daniel/ros2_ws/src/edu_robocub_rescue_stack/src/localistionControlNode.cpp:51:11:[m[K [01;35m[Kwarning: [m[Kunused variable â€˜[01m[Ky_orient[m[Kâ€™ [[01;35m[K]8;;https://gcc.gnu.org/onlinedocs/gcc/Warning-Options.html#index-Wunused-variable-Wunused-variable]8;;[m[K]
[2.268s]    51 |     float [01;35m[Ky_orient[m[K = msg_odom->pose.pose.orientation.y;
[2.268s]       |           [01;35m[K^~~~~~~~[m[K
[2.268s] [01m[K/home/daniel/ros2_ws/src/edu_robocub_rescue_stack/src/localistionControlNode.cpp:52:11:[m[K [01;35m[Kwarning: [m[Kunused variable â€˜[01m[Kz_orient[m[Kâ€™ [[01;35m[K]8;;https://gcc.gnu.org/onlinedocs/gcc/Warning-Options.html#index-Wunused-variable-Wunused-variable]8;;[m[K]
[2.268s]    52 |     float [01;35m[Kz_orient[m[K = msg_odom->pose.pose.orientation.z;
[2.268s]       |           [01;35m[K^~~~~~~~[m[K
[2.269s] [01m[K/home/daniel/ros2_ws/src/edu_robocub_rescue_stack/src/localistionControlNode.cpp:53:11:[m[K [01;35m[Kwarning: [m[Kunused variable â€˜[01m[Kw_orient[m[Kâ€™ [[01;35m[K]8;;https://gcc.gnu.org/onlinedocs/gcc/Warning-Options.html#index-Wunused-variable-Wunused-variable]8;;[m[K]
[2.269s]    53 |     float [01;35m[Kw_orient[m[K = msg_odom->pose.pose.orientation.w;
[2.269s]       |           [01;35m[K^~~~~~~~[m[K
[2.270s] [01m[K/home/daniel/ros2_ws/src/edu_robocub_rescue_stack/src/localistionControlNode.cpp:[m[K In member function â€˜[01m[Kvoid LocalisationControlNode::velocity_callback(geometry_msgs::msg::Twist_<std::allocator<void> >::SharedPtr)[m[Kâ€™:
[2.270s] [01m[K/home/daniel/ros2_ws/src/edu_robocub_rescue_stack/src/localistionControlNode.cpp:89:92:[m[K [01;35m[Kwarning: [m[Kunused parameter â€˜[01m[Kmsg_vel[m[Kâ€™ [[01;35m[K]8;;https://gcc.gnu.org/onlinedocs/gcc/Warning-Options.html#index-Wunused-parameter-Wunused-parameter]8;;[m[K]
[2.270s]    89 | void LocalisationControlNode::velocity_callback([01;35m[Kconst geometry_msgs::msg::Twist::SharedPtr msg_vel[m[K)
[2.270s]       |                                                 [01;35m[K~~~~~~~~~~~~~~~~~~~~~~~~~~~~~~~~~~~~~~~~~~~^~~~~~~[m[K
[2.275s] In file included from [01m[K/home/daniel/ros2_ws/src/edu_robocub_rescue_stack/src/edu_robocup_rescue_stack_node.cpp:3[m[K:
[2.275s] [01m[K/home/daniel/ros2_ws/src/edu_robocub_rescue_stack/src/localisationControlNode.h:91:36:[m[K [01;31m[Kerror: [m[Kâ€˜[01m[Knav2_msgs[m[Kâ€™ was not declared in this scope; did you mean â€˜[01m[Knav_msgs[m[Kâ€™?
[2.276s]    91 | ed_ptr<rclcpp::Client<[01;31m[Knav2_msgs[m[K::srv::LoadMap>> map_server_load_map;
[2.276s]       |                       [01;31m[K^~~~~~~~~[m[K
[2.276s]       |                       [32m[Knav_msgs[m[K
[2.276s] [01m[K/home/daniel/ros2_ws/src/edu_robocub_rescue_stack/src/localisationControlNode.h:91:59:[m[K [01;31m[Kerror: [m[Ktemplate argument 1 is invalid
[2.276s]    91 | av2_msgs::srv::LoadMap[01;31m[K>>[m[K map_server_load_map;
[2.276s]       |                       [01;31m[K^~[m[K
[2.276s] 
[2.276s] [01m[K/home/daniel/ros2_ws/src/edu_robocub_rescue_stack/src/localisationControlNode.h:91:62:[m[K [01;31m[Kerror: [m[Ktemplate argument 1 is invalid
[2.276s]    91 | _msgs::srv::LoadMap>> [01;31m[Kmap_server_load_map[m[K;
[2.276s]       |                       [01;31m[K^~~~~~~~~~~~~~~~~~~[m[K
[2.276s] 
[2.615s] gmake[2]: *** [CMakeFiles/edu_robocup_rescue_stack_node.dir/build.make:104: CMakeFiles/edu_robocup_rescue_stack_node.dir/src/control.cpp.o] Error 1
[2.615s] gmake[2]: *** Waiting for unfinished jobs....
[2.640s] gmake[2]: *** [CMakeFiles/edu_robocup_rescue_stack_node.dir/build.make:76: CMakeFiles/edu_robocup_rescue_stack_node.dir/src/edu_robocup_rescue_stack_node.cpp.o] Error 1
[7.671s] gmake[2]: *** [CMakeFiles/edu_robocup_rescue_stack_node.dir/build.make:90: CMakeFiles/edu_robocup_rescue_stack_node.dir/src/localistionControlNode.cpp.o] Error 1
[7.671s] gmake[1]: *** [CMakeFiles/Makefile2:137: CMakeFiles/edu_robocup_rescue_stack_node.dir/all] Error 2
[7.671s] gmake: *** [Makefile:146: all] Error 2
[7.672s] Invoked command in '/home/daniel/ros2_ws/src/edu_robocub_rescue_stack/build/edu_robocup_rescue_stack' returned '2': CMAKE_PREFIX_PATH=${CMAKE_PREFIX_PATH}:/home/daniel/ros2_ws/install/statistics_msgs:/home/daniel/ros2_ws/install/nav2_simple_commander:/home/daniel/ros2_ws/install/action_msgs:/opt/ros/humble /usr/bin/cmake --build /home/daniel/ros2_ws/src/edu_robocub_rescue_stack/build/edu_robocup_rescue_stack -- -j8 -l8
