[0.099s] Invoking command in '/home/daniel/ros2_ws/src/edu_robocub_rescue_stack/build/edu_robocup_rescue_stack': CMAKE_PREFIX_PATH=${CMAKE_PREFIX_PATH}:/home/daniel/ros2_ws/install/statistics_msgs:/home/daniel/ros2_ws/install/nav2_simple_commander:/home/daniel/ros2_ws/install/action_msgs:/opt/ros/humble /usr/bin/cmake --build /home/daniel/ros2_ws/src/edu_robocub_rescue_stack/build/edu_robocup_rescue_stack -- -j8 -l8
[0.332s] [35m[1mConsolidate compiler generated dependencies of target edu_robocup_rescue_stack_node[0m
[0.554s] [ 14%] [32mBuilding CXX object CMakeFiles/edu_robocup_rescue_stack_node.dir/src/localistionControlNode.cpp.o[0m
[0.561s] [ 28%] [32mBuilding CXX object CMakeFiles/edu_robocup_rescue_stack_node.dir/src/localisation.cpp.o[0m
[0.564s] [ 42%] [32mBuilding CXX object CMakeFiles/edu_robocup_rescue_stack_node.dir/src/control.cpp.o[0m
[0.578s] [ 57%] [32mBuilding CXX object CMakeFiles/edu_robocup_rescue_stack_node.dir/src/loadMap.cpp.o[0m
[0.581s] [ 71%] [32mBuilding CXX object CMakeFiles/edu_robocup_rescue_stack_node.dir/src/edu_robocup_rescue_stack_node.cpp.o[0m
[15.590s] [01m[K/home/daniel/ros2_ws/src/edu_robocub_rescue_stack/src/loadMap.cpp:[m[K In function â€˜[01m[Kvoid load2map()[m[Kâ€™:
[15.591s] [01m[K/home/daniel/ros2_ws/src/edu_robocub_rescue_stack/src/loadMap.cpp:40:3:[m[K [01;31m[Kerror: [m[Kâ€˜[01m[KstartLoadMap[m[Kâ€™ was not declared in this scope
[15.592s]    40 |   [01;31m[KstartLoadMap[m[K("hi");
[15.592s]       |   [01;31m[K^~~~~~~~~~~~[m[K
[18.707s] [01m[K/home/daniel/ros2_ws/src/edu_robocub_rescue_stack/src/localistionControlNode.cpp:[m[K In member function â€˜[01m[Kvoid LocalisationControlNode::odom_callback(nav_msgs::msg::Odometry_<std::allocator<void> >::SharedPtr)[m[Kâ€™:
[18.708s] [01m[K/home/daniel/ros2_ws/src/edu_robocub_rescue_stack/src/localistionControlNode.cpp:45:11:[m[K [01;35m[Kwarning: [m[Kunused variable â€˜[01m[Kx[m[Kâ€™ [[01;35m[K]8;;https://gcc.gnu.org/onlinedocs/gcc/Warning-Options.html#index-Wunused-variable-Wunused-variable]8;;[m[K]
[18.708s]    45 |     float [01;35m[Kx[m[K = msg_odom->pose.pose.position.x;
[18.709s]       |           [01;35m[K^[m[K
[18.711s] [01m[K/home/daniel/ros2_ws/src/edu_robocub_rescue_stack/src/localistionControlNode.cpp:46:11:[m[K [01;35m[Kwarning: [m[Kunused variable â€˜[01m[Ky[m[Kâ€™ [[01;35m[K]8;;https://gcc.gnu.org/onlinedocs/gcc/Warning-Options.html#index-Wunused-variable-Wunused-variable]8;;[m[K]
[18.712s]    46 |     float [01;35m[Ky[m[K = msg_odom->pose.pose.position.y;
[18.712s]       |           [01;35m[K^[m[K
[18.713s] [01m[K/home/daniel/ros2_ws/src/edu_robocub_rescue_stack/src/localistionControlNode.cpp:50:11:[m[K [01;35m[Kwarning: [m[Kunused variable â€˜[01m[Kx_orient[m[Kâ€™ [[01;35m[K]8;;https://gcc.gnu.org/onlinedocs/gcc/Warning-Options.html#index-Wunused-variable-Wunused-variable]8;;[m[K]
[18.714s]    50 |     float [01;35m[Kx_orient[m[K = msg_odom->pose.pose.orientation.x;
[18.715s]       |           [01;35m[K^~~~~~~~[m[K
[18.715s] [01m[K/home/daniel/ros2_ws/src/edu_robocub_rescue_stack/src/localistionControlNode.cpp:51:11:[m[K [01;35m[Kwarning: [m[Kunused variable â€˜[01m[Ky_orient[m[Kâ€™ [[01;35m[K]8;;https://gcc.gnu.org/onlinedocs/gcc/Warning-Options.html#index-Wunused-variable-Wunused-variable]8;;[m[K]
[18.716s]    51 |     float [01;35m[Ky_orient[m[K = msg_odom->pose.pose.orientation.y;
[18.717s]       |           [01;35m[K^~~~~~~~[m[K
[18.717s] [01m[K/home/daniel/ros2_ws/src/edu_robocub_rescue_stack/src/localistionControlNode.cpp:52:11:[m[K [01;35m[Kwarning: [m[Kunused variable â€˜[01m[Kz_orient[m[Kâ€™ [[01;35m[K]8;;https://gcc.gnu.org/onlinedocs/gcc/Warning-Options.html#index-Wunused-variable-Wunused-variable]8;;[m[K]
[18.718s]    52 |     float [01;35m[Kz_orient[m[K = msg_odom->pose.pose.orientation.z;
[18.719s]       |           [01;35m[K^~~~~~~~[m[K
[18.720s] [01m[K/home/daniel/ros2_ws/src/edu_robocub_rescue_stack/src/localistionControlNode.cpp:53:11:[m[K [01;35m[Kwarning: [m[Kunused variable â€˜[01m[Kw_orient[m[Kâ€™ [[01;35m[K]8;;https://gcc.gnu.org/onlinedocs/gcc/Warning-Options.html#index-Wunused-variable-Wunused-variable]8;;[m[K]
[18.720s]    53 |     float [01;35m[Kw_orient[m[K = msg_odom->pose.pose.orientation.w;
[18.721s]       |           [01;35m[K^~~~~~~~[m[K
[18.722s] [01m[K/home/daniel/ros2_ws/src/edu_robocub_rescue_stack/src/localistionControlNode.cpp:[m[K In member function â€˜[01m[Kvoid LocalisationControlNode::timer_callback()[m[Kâ€™:
[18.722s] [01m[K/home/daniel/ros2_ws/src/edu_robocub_rescue_stack/src/localistionControlNode.cpp:69:10:[m[K [01;35m[Kwarning: [m[Kvariable â€˜[01m[Kmessage[m[Kâ€™ set but not used [[01;35m[K]8;;https://gcc.gnu.org/onlinedocs/gcc/Warning-Options.html#index-Wunused-but-set-variable-Wunused-but-set-variable]8;;[m[K]
[18.724s]    69 |     auto [01;35m[Kmessage[m[K = geometry_msgs::msg::Twist();
[18.724s]       |          [01;35m[K^~~~~~~[m[K
[18.725s] [01m[K/home/daniel/ros2_ws/src/edu_robocub_rescue_stack/src/localistionControlNode.cpp:[m[K In member function â€˜[01m[Kvoid LocalisationControlNode::velocity_callback(geometry_msgs::msg::Twist_<std::allocator<void> >::SharedPtr)[m[Kâ€™:
[18.725s] [01m[K/home/daniel/ros2_ws/src/edu_robocub_rescue_stack/src/localistionControlNode.cpp:89:92:[m[K [01;35m[Kwarning: [m[Kunused parameter â€˜[01m[Kmsg_vel[m[Kâ€™ [[01;35m[K]8;;https://gcc.gnu.org/onlinedocs/gcc/Warning-Options.html#index-Wunused-parameter-Wunused-parameter]8;;[m[K]
[18.726s]    89 | void LocalisationControlNode::velocity_callback([01;35m[Kconst geometry_msgs::msg::Twist::SharedPtr msg_vel[m[K)
[18.727s]       |                                                 [01;35m[K~~~~~~~~~~~~~~~~~~~~~~~~~~~~~~~~~~~~~~~~~~~^~~~~~~[m[K
[18.959s] gmake[2]: *** [CMakeFiles/edu_robocup_rescue_stack_node.dir/build.make:146: CMakeFiles/edu_robocup_rescue_stack_node.dir/src/loadMap.cpp.o] Error 1
[18.960s] gmake[2]: *** Waiting for unfinished jobs....
[91.245s] gmake[1]: *** [CMakeFiles/Makefile2:137: CMakeFiles/edu_robocup_rescue_stack_node.dir/all] Error 2
[91.245s] gmake: *** [Makefile:146: all] Error 2
[91.254s] Invoked command in '/home/daniel/ros2_ws/src/edu_robocub_rescue_stack/build/edu_robocup_rescue_stack' returned '2': CMAKE_PREFIX_PATH=${CMAKE_PREFIX_PATH}:/home/daniel/ros2_ws/install/statistics_msgs:/home/daniel/ros2_ws/install/nav2_simple_commander:/home/daniel/ros2_ws/install/action_msgs:/opt/ros/humble /usr/bin/cmake --build /home/daniel/ros2_ws/src/edu_robocub_rescue_stack/build/edu_robocup_rescue_stack -- -j8 -l8
