-- Found ament_cmake: 1.3.2 (/opt/ros/humble/share/ament_cmake/cmake)
-- Found rclcpp: 16.0.1 (/opt/ros/humble/share/rclcpp/cmake)
-- Found rosidl_generator_c: 3.1.3 (/opt/ros/humble/share/rosidl_generator_c/cmake)
-- Found rosidl_adapter: 3.1.3 (/opt/ros/humble/share/rosidl_adapter/cmake)
-- Found rosidl_generator_cpp: 3.1.3 (/opt/ros/humble/share/rosidl_generator_cpp/cmake)
-- Using all available rosidl_typesupport_c: rosidl_typesupport_fastrtps_c;rosidl_typesupport_introspection_c
-- Using all available rosidl_typesupport_cpp: rosidl_typesupport_fastrtps_cpp;rosidl_typesupport_introspection_cpp
-- Found rmw_implementation_cmake: 6.1.0 (/opt/ros/humble/share/rmw_implementation_cmake/cmake)
-- Found rmw_fastrtps_cpp: 6.2.1 (/opt/ros/humble/share/rmw_fastrtps_cpp/cmake)
-- Using RMW implementation 'rmw_fastrtps_cpp' as default
-- Found geometry_msgs: 4.2.2 (/opt/ros/humble/share/geometry_msgs/cmake)
-- Found nav_msgs: 4.2.2 (/opt/ros/humble/share/nav_msgs/cmake)
-- Found sensor_msgs: 4.2.2 (/opt/ros/humble/share/sensor_msgs/cmake)
-- Found tf2_ros: 0.25.1 (/opt/ros/humble/share/tf2_ros/cmake)
-- Found nav2_costmap_2d: 1.1.2 (/opt/ros/humble/share/nav2_costmap_2d/cmake)
-- Ensuring Eigen3 include directory is part of orocos-kdl CMake target
-- Found ament_lint_auto: 0.12.4 (/opt/ros/humble/share/ament_lint_auto/cmake)
-- Added test 'cppcheck' to perform static code analysis on C / C++ code
-- Configured cppcheck include dirs: $<BUILD_INTERFACE:/home/daniel/ros2_ws/src/edu_robocub_rescue_stack/include>
-- Configured cppcheck exclude dirs and/or files: 
-- Added test 'flake8' to check Python code syntax and style conventions
-- Added test 'lint_cmake' to check CMake code style
-- Added test 'pep257' to check Python code against some of the docstring style conventions in PEP 257
-- Added test 'uncrustify' to check C / C++ code style
-- Configured uncrustify additional arguments: 
-- Added test 'xmllint' to check XML markup files
-- Configuring done
-- Generating done
-- Build files have been written to: /home/daniel/ros2_ws/src/edu_robocub_rescue_stack/build/edu_robocup_rescue_stack
[35m[1mConsolidate compiler generated dependencies of target edu_robocup_rescue_stack_node[0m
[ 16%] [32mBuilding CXX object CMakeFiles/edu_robocup_rescue_stack_node.dir/src/control.cpp.o[0m
[ 50%] [32mBuilding CXX object CMakeFiles/edu_robocup_rescue_stack_node.dir/src/localistionControlNode.cpp.o[0m
[ 50%] [32mBuilding CXX object CMakeFiles/edu_robocup_rescue_stack_node.dir/src/edu_robocup_rescue_stack_node.cpp.o[0m
[ 66%] [32mBuilding CXX object CMakeFiles/edu_robocup_rescue_stack_node.dir/src/navigation.cpp.o[0m
[ 83%] [32mBuilding CXX object CMakeFiles/edu_robocup_rescue_stack_node.dir/src/localisation.cpp.o[0m
In file included from [01m[K/home/daniel/ros2_ws/src/edu_robocub_rescue_stack/src/control.h:9[m[K,
                 from [01m[K/home/daniel/ros2_ws/src/edu_robocub_rescue_stack/src/localisation.h:1[m[K,
                 from [01m[K/home/daniel/ros2_ws/src/edu_robocub_rescue_stack/src/localisationControlNode.h:22[m[K,
                 from [01m[K/home/daniel/ros2_ws/src/edu_robocub_rescue_stack/src/edu_robocup_rescue_stack_node.cpp:3[m[K:
[01m[K/home/daniel/ros2_ws/src/edu_robocub_rescue_stack/src/loadMap.h:6:10:[m[K [01;31m[Kfatal error: [m[Knav2_msgs/srv/load_map.hpp: No such file or directory
    6 | #include [01;31m[K"nav2_msgs/srv/load_map.hpp"[m[K
      |          [01;31m[K^~~~~~~~~~~~~~~~~~~~~~~~~~~~[m[K
compilation terminated.
gmake[2]: *** [CMakeFiles/edu_robocup_rescue_stack_node.dir/build.make:76: CMakeFiles/edu_robocup_rescue_stack_node.dir/src/edu_robocup_rescue_stack_node.cpp.o] Error 1
gmake[2]: *** Waiting for unfinished jobs....
In file included from [01m[K/home/daniel/ros2_ws/src/edu_robocub_rescue_stack/src/control.h:9[m[K,
                 from [01m[K/home/daniel/ros2_ws/src/edu_robocub_rescue_stack/src/localisation.h:1[m[K,
                 from [01m[K/home/daniel/ros2_ws/src/edu_robocub_rescue_stack/src/localisation.cpp:1[m[K:
[01m[K/home/daniel/ros2_ws/src/edu_robocub_rescue_stack/src/loadMap.h:6:10:[m[K [01;31m[Kfatal error: [m[Knav2_msgs/srv/load_map.hpp: No such file or directory
    6 | #include [01;31m[K"nav2_msgs/srv/load_map.hpp"[m[K
      |          [01;31m[K^~~~~~~~~~~~~~~~~~~~~~~~~~~~[m[K
compilation terminated.
gmake[2]: *** [CMakeFiles/edu_robocup_rescue_stack_node.dir/build.make:118: CMakeFiles/edu_robocup_rescue_stack_node.dir/src/localisation.cpp.o] Error 1
In file included from [01m[K/home/daniel/ros2_ws/src/edu_robocub_rescue_stack/src/control.h:9[m[K,
                 from [01m[K/home/daniel/ros2_ws/src/edu_robocub_rescue_stack/src/control.cpp:2[m[K:
[01m[K/home/daniel/ros2_ws/src/edu_robocub_rescue_stack/src/loadMap.h:6:10:[m[K [01;31m[Kfatal error: [m[Knav2_msgs/srv/load_map.hpp: No such file or directory
    6 | #include [01;31m[K"nav2_msgs/srv/load_map.hpp"[m[K
      |          [01;31m[K^~~~~~~~~~~~~~~~~~~~~~~~~~~~[m[K
compilation terminated.
In file included from [01m[K/home/daniel/ros2_ws/src/edu_robocub_rescue_stack/src/control.h:9[m[K,
                 from [01m[K/home/daniel/ros2_ws/src/edu_robocub_rescue_stack/src/localisation.h:1[m[K,
                 from [01m[K/home/daniel/ros2_ws/src/edu_robocub_rescue_stack/src/localisationControlNode.h:22[m[K,
                 from [01m[K/home/daniel/ros2_ws/src/edu_robocub_rescue_stack/src/localistionControlNode.cpp:1[m[K:
[01m[K/home/daniel/ros2_ws/src/edu_robocub_rescue_stack/src/loadMap.h:6:10:[m[K [01;31m[Kfatal error: [m[Knav2_msgs/srv/load_map.hpp: No such file or directory
    6 | #include [01;31m[K"nav2_msgs/srv/load_map.hpp"[m[K
      |          [01;31m[K^~~~~~~~~~~~~~~~~~~~~~~~~~~~[m[K
compilation terminated.
gmake[2]: *** [CMakeFiles/edu_robocup_rescue_stack_node.dir/build.make:104: CMakeFiles/edu_robocup_rescue_stack_node.dir/src/control.cpp.o] Error 1
gmake[2]: *** [CMakeFiles/edu_robocup_rescue_stack_node.dir/build.make:90: CMakeFiles/edu_robocup_rescue_stack_node.dir/src/localistionControlNode.cpp.o] Error 1
gmake[1]: *** [CMakeFiles/Makefile2:137: CMakeFiles/edu_robocup_rescue_stack_node.dir/all] Error 2
gmake: *** [Makefile:146: all] Error 2
