[0.011s] Invoking command in '/home/daniel/ros2_ws/src/edu_robocub_rescue_stack/build/edu_robocup_rescue_stack': CMAKE_PREFIX_PATH=${CMAKE_PREFIX_PATH}:/home/daniel/ros2_ws/install/statistics_msgs:/home/daniel/ros2_ws/install/nav2_simple_commander:/home/daniel/ros2_ws/install/action_msgs:/opt/ros/humble /usr/bin/cmake --build /home/daniel/ros2_ws/src/edu_robocub_rescue_stack/build/edu_robocup_rescue_stack -- -j8 -l8
[0.057s] [ 14%] [32mBuilding CXX object CMakeFiles/edu_robocup_rescue_stack_node.dir/src/localistionControlNode.cpp.o[0m
[1.759s] [01m[K/home/daniel/ros2_ws/src/edu_robocub_rescue_stack/src/localistionControlNode.cpp:[m[K In member function â€˜[01m[Kvoid LocalisationControlNode::odom_callback(nav_msgs::msg::Odometry_<std::allocator<void> >::SharedPtr)[m[Kâ€™:
[1.759s] [01m[K/home/daniel/ros2_ws/src/edu_robocub_rescue_stack/src/localistionControlNode.cpp:44:11:[m[K [01;35m[Kwarning: [m[Kunused variable â€˜[01m[Kx[m[Kâ€™ [[01;35m[K]8;;https://gcc.gnu.org/onlinedocs/gcc/Warning-Options.html#index-Wunused-variable-Wunused-variable]8;;[m[K]
[1.759s]    44 |     float [01;35m[Kx[m[K = msg_odom->pose.pose.position.x;
[1.759s]       |           [01;35m[K^[m[K
[1.759s] [01m[K/home/daniel/ros2_ws/src/edu_robocub_rescue_stack/src/localistionControlNode.cpp:45:11:[m[K [01;35m[Kwarning: [m[Kunused variable â€˜[01m[Ky[m[Kâ€™ [[01;35m[K]8;;https://gcc.gnu.org/onlinedocs/gcc/Warning-Options.html#index-Wunused-variable-Wunused-variable]8;;[m[K]
[1.759s]    45 |     float [01;35m[Ky[m[K = msg_odom->pose.pose.position.y;
[1.759s]       |           [01;35m[K^[m[K
[1.759s] [01m[K/home/daniel/ros2_ws/src/edu_robocub_rescue_stack/src/localistionControlNode.cpp:49:11:[m[K [01;35m[Kwarning: [m[Kunused variable â€˜[01m[Kx_orient[m[Kâ€™ [[01;35m[K]8;;https://gcc.gnu.org/onlinedocs/gcc/Warning-Options.html#index-Wunused-variable-Wunused-variable]8;;[m[K]
[1.759s]    49 |     float [01;35m[Kx_orient[m[K = msg_odom->pose.pose.orientation.x;
[1.759s]       |           [01;35m[K^~~~~~~~[m[K
[1.759s] [01m[K/home/daniel/ros2_ws/src/edu_robocub_rescue_stack/src/localistionControlNode.cpp:50:11:[m[K [01;35m[Kwarning: [m[Kunused variable â€˜[01m[Ky_orient[m[Kâ€™ [[01;35m[K]8;;https://gcc.gnu.org/onlinedocs/gcc/Warning-Options.html#index-Wunused-variable-Wunused-variable]8;;[m[K]
[1.759s]    50 |     float [01;35m[Ky_orient[m[K = msg_odom->pose.pose.orientation.y;
[1.759s]       |           [01;35m[K^~~~~~~~[m[K
[1.759s] [01m[K/home/daniel/ros2_ws/src/edu_robocub_rescue_stack/src/localistionControlNode.cpp:51:11:[m[K [01;35m[Kwarning: [m[Kunused variable â€˜[01m[Kz_orient[m[Kâ€™ [[01;35m[K]8;;https://gcc.gnu.org/onlinedocs/gcc/Warning-Options.html#index-Wunused-variable-Wunused-variable]8;;[m[K]
[1.759s]    51 |     float [01;35m[Kz_orient[m[K = msg_odom->pose.pose.orientation.z;
[1.759s]       |           [01;35m[K^~~~~~~~[m[K
[1.759s] [01m[K/home/daniel/ros2_ws/src/edu_robocub_rescue_stack/src/localistionControlNode.cpp:52:11:[m[K [01;35m[Kwarning: [m[Kunused variable â€˜[01m[Kw_orient[m[Kâ€™ [[01;35m[K]8;;https://gcc.gnu.org/onlinedocs/gcc/Warning-Options.html#index-Wunused-variable-Wunused-variable]8;;[m[K]
[1.760s]    52 |     float [01;35m[Kw_orient[m[K = msg_odom->pose.pose.orientation.w;
[1.760s]       |           [01;35m[K^~~~~~~~[m[K
[1.760s] [01m[K/home/daniel/ros2_ws/src/edu_robocub_rescue_stack/src/localistionControlNode.cpp:[m[K At global scope:
[1.760s] [01m[K/home/daniel/ros2_ws/src/edu_robocub_rescue_stack/src/localistionControlNode.cpp:63:29:[m[K [01;31m[Kerror: [m[Kfound â€˜[01m[K:[m[Kâ€™ in nested-name-specifier, expected â€˜[01m[K::[m[Kâ€™
[1.760s]    63 | void LocalisationControlNode[01;31m[K:[m[KX:timer_callback()
[1.760s]       |                             [01;31m[K^[m[K
[1.760s]       |                             [32m[K::[m[K
[1.760s] [01m[K/home/daniel/ros2_ws/src/edu_robocub_rescue_stack/src/localistionControlNode.cpp:63:31:[m[K [01;31m[Kerror: [m[Kfound â€˜[01m[K:[m[Kâ€™ in nested-name-specifier, expected â€˜[01m[K::[m[Kâ€™
[1.760s]    63 | void LocalisationControlNode:X[01;31m[K:[m[Ktimer_callback()
[1.760s]       |                               [01;31m[K^[m[K
[1.760s]       |                               [32m[K::[m[K
[1.760s] [01m[K/home/daniel/ros2_ws/src/edu_robocub_rescue_stack/src/localistionControlNode.cpp:63:30:[m[K [01;31m[Kerror: [m[Kâ€˜[01m[KLocalisationControlNode::X[m[Kâ€™ has not been declared
[1.760s]    63 | void LocalisationControlNode:[01;31m[KX[m[K:timer_callback()
[1.760s]       |                              [01;31m[K^[m[K
[1.763s] [01m[K/home/daniel/ros2_ws/src/edu_robocub_rescue_stack/src/localistionControlNode.cpp:[m[K In function â€˜[01m[Kvoid timer_callback()[m[Kâ€™:
[1.763s] [01m[K/home/daniel/ros2_ws/src/edu_robocub_rescue_stack/src/localistionControlNode.cpp:70:24:[m[K [01;31m[Kerror: [m[Kâ€˜[01m[Km_control[m[Kâ€™ was not declared in this scope; did you mean â€˜[01m[KControl[m[Kâ€™?
[1.763s]    70 |     message.linear.x = [01;31m[Km_control[m[K->getSpeed();
[1.763s]       |                        [01;31m[K^~~~~~~~~[m[K
[1.763s]       |                        [32m[KControl[m[K
[1.764s] [01m[K/home/daniel/ros2_ws/src/edu_robocub_rescue_stack/src/localistionControlNode.cpp:[m[K In member function â€˜[01m[Kvoid LocalisationControlNode::velocity_callback(geometry_msgs::msg::Twist_<std::allocator<void> >::SharedPtr)[m[Kâ€™:
[1.764s] [01m[K/home/daniel/ros2_ws/src/edu_robocub_rescue_stack/src/localistionControlNode.cpp:88:92:[m[K [01;35m[Kwarning: [m[Kunused parameter â€˜[01m[Kmsg_vel[m[Kâ€™ [[01;35m[K]8;;https://gcc.gnu.org/onlinedocs/gcc/Warning-Options.html#index-Wunused-parameter-Wunused-parameter]8;;[m[K]
[1.764s]    88 | callback([01;35m[Kconst geometry_msgs::msg::Twist::SharedPtr msg_vel[m[K)
[1.764s]       |          [01;35m[K~~~~~~~~~~~~~~~~~~~~~~~~~~~~~~~~~~~~~~~~~~~^~~~~~~[m[K
[1.764s] 
[6.436s] gmake[2]: *** [CMakeFiles/edu_robocup_rescue_stack_node.dir/build.make:90: CMakeFiles/edu_robocup_rescue_stack_node.dir/src/localistionControlNode.cpp.o] Error 1
[6.436s] gmake[1]: *** [CMakeFiles/Makefile2:137: CMakeFiles/edu_robocup_rescue_stack_node.dir/all] Error 2
[6.436s] gmake: *** [Makefile:146: all] Error 2
[6.438s] Invoked command in '/home/daniel/ros2_ws/src/edu_robocub_rescue_stack/build/edu_robocup_rescue_stack' returned '2': CMAKE_PREFIX_PATH=${CMAKE_PREFIX_PATH}:/home/daniel/ros2_ws/install/statistics_msgs:/home/daniel/ros2_ws/install/nav2_simple_commander:/home/daniel/ros2_ws/install/action_msgs:/opt/ros/humble /usr/bin/cmake --build /home/daniel/ros2_ws/src/edu_robocub_rescue_stack/build/edu_robocup_rescue_stack -- -j8 -l8
