-- Found ament_cmake: 1.3.3 (/opt/ros/humble/share/ament_cmake/cmake)
-- Found rclcpp: 16.0.3 (/opt/ros/humble/share/rclcpp/cmake)
-- Found rosidl_generator_c: 3.1.4 (/opt/ros/humble/share/rosidl_generator_c/cmake)
-- Found rosidl_adapter: 3.1.4 (/opt/ros/humble/share/rosidl_adapter/cmake)
-- Found rosidl_generator_cpp: 3.1.4 (/opt/ros/humble/share/rosidl_generator_cpp/cmake)
-- Using all available rosidl_typesupport_c: rosidl_typesupport_fastrtps_c;rosidl_typesupport_introspection_c
-- Using all available rosidl_typesupport_cpp: rosidl_typesupport_fastrtps_cpp;rosidl_typesupport_introspection_cpp
-- Found rmw_implementation_cmake: 6.1.1 (/opt/ros/humble/share/rmw_implementation_cmake/cmake)
-- Found rmw_fastrtps_cpp: 6.2.2 (/opt/ros/humble/share/rmw_fastrtps_cpp/cmake)
-- Using RMW implementation 'rmw_fastrtps_cpp' as default
-- Looking for pthread.h
-- Looking for pthread.h - found
-- Performing Test CMAKE_HAVE_LIBC_PTHREAD
-- Performing Test CMAKE_HAVE_LIBC_PTHREAD - Success
-- Found Threads: TRUE  
-- Found geometry_msgs: 4.2.3 (/opt/ros/humble/share/geometry_msgs/cmake)
-- Found nav_msgs: 4.2.3 (/opt/ros/humble/share/nav_msgs/cmake)
-- Found sensor_msgs: 4.2.3 (/opt/ros/humble/share/sensor_msgs/cmake)
-- Found tf2_ros: 0.25.2 (/opt/ros/humble/share/tf2_ros/cmake)
-- Found nav2_costmap_2d: 1.1.5 (/opt/ros/humble/share/nav2_costmap_2d/cmake)
-- Ensuring Eigen3 include directory is part of orocos-kdl CMake target
-- Found ament_lint_auto: 0.12.5 (/opt/ros/humble/share/ament_lint_auto/cmake)
-- Added test 'cppcheck' to perform static code analysis on C / C++ code
-- Configured cppcheck include dirs: $<BUILD_INTERFACE:/home/daniel/ros2_ws/src/edu_robocub_rescue_stack/include>
-- Configured cppcheck exclude dirs and/or files: 
-- Added test 'flake8' to check Python code syntax and style conventions
-- Added test 'lint_cmake' to check CMake code style
-- Added test 'pep257' to check Python code against some of the docstring style conventions in PEP 257
-- Added test 'uncrustify' to check C / C++ code style
-- Configured uncrustify additional arguments: 
-- Added test 'xmllint' to check XML markup files
-- Configuring done
-- Generating done
-- Build files have been written to: /home/daniel/ros2_ws/src/edu_robocub_rescue_stack/build/edu_robocup_rescue_stack
[35m[1mConsolidate compiler generated dependencies of target edu_robocup_rescue_stack_node[0m
[ 16%] [32mBuilding CXX object CMakeFiles/edu_robocup_rescue_stack_node.dir/src/edu_robocup_rescue_stack_node.cpp.o[0m
[ 33%] [32mBuilding CXX object CMakeFiles/edu_robocup_rescue_stack_node.dir/src/localistionControlNode.cpp.o[0m
[ 50%] [32mBuilding CXX object CMakeFiles/edu_robocup_rescue_stack_node.dir/src/control.cpp.o[0m
[ 66%] [32mBuilding CXX object CMakeFiles/edu_robocup_rescue_stack_node.dir/src/localisation.cpp.o[0m
[01m[K/home/daniel/ros2_ws/src/edu_robocub_rescue_stack/src/localistionControlNode.cpp:[m[K In member function â€˜[01m[Kvoid LocalisationControlNode::odom_callback(nav_msgs::msg::Odometry_<std::allocator<void> >::SharedPtr)[m[Kâ€™:
[01m[K/home/daniel/ros2_ws/src/edu_robocub_rescue_stack/src/localistionControlNode.cpp:44:11:[m[K [01;35m[Kwarning: [m[Kunused variable â€˜[01m[Kx[m[Kâ€™ [[01;35m[K]8;;https://gcc.gnu.org/onlinedocs/gcc/Warning-Options.html#index-Wunused-variable-Wunused-variable]8;;[m[K]
   44 |     float [01;35m[Kx[m[K = msg_odom->pose.pose.position.x;
      |           [01;35m[K^[m[K
[01m[K/home/daniel/ros2_ws/src/edu_robocub_rescue_stack/src/localistionControlNode.cpp:45:11:[m[K [01;35m[Kwarning: [m[Kunused variable â€˜[01m[Ky[m[Kâ€™ [[01;35m[K]8;;https://gcc.gnu.org/onlinedocs/gcc/Warning-Options.html#index-Wunused-variable-Wunused-variable]8;;[m[K]
   45 |     float [01;35m[Ky[m[K = msg_odom->pose.pose.position.y;
      |           [01;35m[K^[m[K
[01m[K/home/daniel/ros2_ws/src/edu_robocub_rescue_stack/src/localistionControlNode.cpp:49:11:[m[K [01;35m[Kwarning: [m[Kunused variable â€˜[01m[Kx_orient[m[Kâ€™ [[01;35m[K]8;;https://gcc.gnu.org/onlinedocs/gcc/Warning-Options.html#index-Wunused-variable-Wunused-variable]8;;[m[K]
   49 |     float [01;35m[Kx_orient[m[K = msg_odom->pose.pose.orientation.x;
      |           [01;35m[K^~~~~~~~[m[K
[01m[K/home/daniel/ros2_ws/src/edu_robocub_rescue_stack/src/localistionControlNode.cpp:50:11:[m[K [01;35m[Kwarning: [m[Kunused variable â€˜[01m[Ky_orient[m[Kâ€™ [[01;35m[K]8;;https://gcc.gnu.org/onlinedocs/gcc/Warning-Options.html#index-Wunused-variable-Wunused-variable]8;;[m[K]
   50 |     float [01;35m[Ky_orient[m[K = msg_odom->pose.pose.orientation.y;
      |           [01;35m[K^~~~~~~~[m[K
[01m[K/home/daniel/ros2_ws/src/edu_robocub_rescue_stack/src/localistionControlNode.cpp:51:11:[m[K [01;35m[Kwarning: [m[Kunused variable â€˜[01m[Kz_orient[m[Kâ€™ [[01;35m[K]8;;https://gcc.gnu.org/onlinedocs/gcc/Warning-Options.html#index-Wunused-variable-Wunused-variable]8;;[m[K]
   51 |     float [01;35m[Kz_orient[m[K = msg_odom->pose.pose.orientation.z;
      |           [01;35m[K^~~~~~~~[m[K
[01m[K/home/daniel/ros2_ws/src/edu_robocub_rescue_stack/src/localistionControlNode.cpp:52:11:[m[K [01;35m[Kwarning: [m[Kunused variable â€˜[01m[Kw_orient[m[Kâ€™ [[01;35m[K]8;;https://gcc.gnu.org/onlinedocs/gcc/Warning-Options.html#index-Wunused-variable-Wunused-variable]8;;[m[K]
   52 |     float [01;35m[Kw_orient[m[K = msg_odom->pose.pose.orientation.w;
      |           [01;35m[K^~~~~~~~[m[K
[01m[K/home/daniel/ros2_ws/src/edu_robocub_rescue_stack/src/localistionControlNode.cpp:[m[K In member function â€˜[01m[Kvoid LocalisationControlNode::timer_callback()[m[Kâ€™:
[01m[K/home/daniel/ros2_ws/src/edu_robocub_rescue_stack/src/localistionControlNode.cpp:68:10:[m[K [01;35m[Kwarning: [m[Kvariable â€˜[01m[Kmessage[m[Kâ€™ set but not used [[01;35m[K]8;;https://gcc.gnu.org/onlinedocs/gcc/Warning-Options.html#index-Wunused-but-set-variable-Wunused-but-set-variable]8;;[m[K]
   68 |     auto [01;35m[Kmessage[m[K = geometry_msgs::msg::Twist();
      |          [01;35m[K^~~~~~~[m[K
[01m[K/home/daniel/ros2_ws/src/edu_robocub_rescue_stack/src/localistionControlNode.cpp:[m[K In member function â€˜[01m[Kvoid LocalisationControlNode::velocity_callback(geometry_msgs::msg::Twist_<std::allocator<void> >::SharedPtr)[m[Kâ€™:
[01m[K/home/daniel/ros2_ws/src/edu_robocub_rescue_stack/src/localistionControlNode.cpp:88:92:[m[K [01;35m[Kwarning: [m[Kunused parameter â€˜[01m[Kmsg_vel[m[Kâ€™ [[01;35m[K]8;;https://gcc.gnu.org/onlinedocs/gcc/Warning-Options.html#index-Wunused-parameter-Wunused-parameter]8;;[m[K]
   88 | void LocalisationControlNode::velocity_callback([01;35m[Kconst geometry_msgs::msg::Twist::SharedPtr msg_vel[m[K)
      |                                                 [01;35m[K~~~~~~~~~~~~~~~~~~~~~~~~~~~~~~~~~~~~~~~~~~~^~~~~~~[m[K
[ 83%] [32m[1mLinking CXX executable edu_robocup_rescue_stack_node[0m
/usr/bin/ld: CMakeFiles/edu_robocup_rescue_stack_node.dir/src/localistionControlNode.cpp.o: in function `LocalisationControlNode::setting_goal_pose()':
localistionControlNode.cpp:(.text+0x1e38): undefined reference to `Navigation::setTact(int)'
/usr/bin/ld: localistionControlNode.cpp:(.text+0x1fab): undefined reference to `Navigation::setGoalsended(bool)'
collect2: error: ld returned 1 exit status
gmake[2]: *** [CMakeFiles/edu_robocup_rescue_stack_node.dir/build.make:257: edu_robocup_rescue_stack_node] Error 1
gmake[1]: *** [CMakeFiles/Makefile2:137: CMakeFiles/edu_robocup_rescue_stack_node.dir/all] Error 2
gmake: *** [Makefile:146: all] Error 2
