[0.015s] Invoking command in '/home/daniel/ros2_ws/src/edu_robocub_rescue_stack/build/edu_robocup_rescue_stack': CMAKE_PREFIX_PATH=${CMAKE_PREFIX_PATH}:/home/daniel/ros2_ws/install/statistics_msgs:/home/daniel/ros2_ws/install/nav2_simple_commander:/home/daniel/ros2_ws/install/action_msgs:/opt/ros/humble /usr/bin/cmake --build /home/daniel/ros2_ws/src/edu_robocub_rescue_stack/build/edu_robocup_rescue_stack -- -j8 -l8
[0.053s] -- Found ament_cmake: 1.3.3 (/opt/ros/humble/share/ament_cmake/cmake)
[0.172s] -- Found rclcpp: 16.0.3 (/opt/ros/humble/share/rclcpp/cmake)
[0.222s] -- Found rosidl_generator_c: 3.1.4 (/opt/ros/humble/share/rosidl_generator_c/cmake)
[0.224s] -- Found rosidl_adapter: 3.1.4 (/opt/ros/humble/share/rosidl_adapter/cmake)
[0.229s] -- Found rosidl_generator_cpp: 3.1.4 (/opt/ros/humble/share/rosidl_generator_cpp/cmake)
[0.239s] -- Using all available rosidl_typesupport_c: rosidl_typesupport_fastrtps_c;rosidl_typesupport_introspection_c
[0.253s] -- Using all available rosidl_typesupport_cpp: rosidl_typesupport_fastrtps_cpp;rosidl_typesupport_introspection_cpp
[0.298s] -- Found rmw_implementation_cmake: 6.1.1 (/opt/ros/humble/share/rmw_implementation_cmake/cmake)
[0.301s] -- Found rmw_fastrtps_cpp: 6.2.2 (/opt/ros/humble/share/rmw_fastrtps_cpp/cmake)
[0.393s] -- Using RMW implementation 'rmw_fastrtps_cpp' as default
[0.402s] -- Looking for pthread.h
[0.474s] -- Looking for pthread.h - found
[0.474s] -- Performing Test CMAKE_HAVE_LIBC_PTHREAD
[0.527s] -- Performing Test CMAKE_HAVE_LIBC_PTHREAD - Success
[0.528s] -- Found Threads: TRUE  
[0.639s] -- Found geometry_msgs: 4.2.3 (/opt/ros/humble/share/geometry_msgs/cmake)
[0.670s] -- Found nav_msgs: 4.2.3 (/opt/ros/humble/share/nav_msgs/cmake)
[0.730s] -- Found sensor_msgs: 4.2.3 (/opt/ros/humble/share/sensor_msgs/cmake)
[0.789s] -- Found tf2_ros: 0.25.2 (/opt/ros/humble/share/tf2_ros/cmake)
[1.029s] -- Found nav2_costmap_2d: 1.1.5 (/opt/ros/humble/share/nav2_costmap_2d/cmake)
[1.287s] -- Ensuring Eigen3 include directory is part of orocos-kdl CMake target
[1.816s] -- Found ament_lint_auto: 0.12.5 (/opt/ros/humble/share/ament_lint_auto/cmake)
[1.916s] -- Added test 'cppcheck' to perform static code analysis on C / C++ code
[1.916s] -- Configured cppcheck include dirs: $<BUILD_INTERFACE:/home/daniel/ros2_ws/src/edu_robocub_rescue_stack/include>
[1.916s] -- Configured cppcheck exclude dirs and/or files: 
[1.920s] -- Added test 'flake8' to check Python code syntax and style conventions
[1.925s] -- Added test 'lint_cmake' to check CMake code style
[1.929s] -- Added test 'pep257' to check Python code against some of the docstring style conventions in PEP 257
[1.952s] -- Added test 'uncrustify' to check C / C++ code style
[1.952s] -- Configured uncrustify additional arguments: 
[1.955s] -- Added test 'xmllint' to check XML markup files
[1.957s] -- Configuring done
[1.968s] -- Generating done
[1.969s] -- Build files have been written to: /home/daniel/ros2_ws/src/edu_robocub_rescue_stack/build/edu_robocup_rescue_stack
[1.994s] [35m[1mConsolidate compiler generated dependencies of target edu_robocup_rescue_stack_node[0m
[2.015s] [ 33%] [32mBuilding CXX object CMakeFiles/edu_robocup_rescue_stack_node.dir/src/control.cpp.o[0m
[2.015s] [ 33%] [32mBuilding CXX object CMakeFiles/edu_robocup_rescue_stack_node.dir/src/edu_robocup_rescue_stack_node.cpp.o[0m
[2.015s] [ 50%] [32mBuilding CXX object CMakeFiles/edu_robocup_rescue_stack_node.dir/src/localistionControlNode.cpp.o[0m
[2.016s] [ 66%] [32mBuilding CXX object CMakeFiles/edu_robocup_rescue_stack_node.dir/src/localisation.cpp.o[0m
[2.242s] In file included from [01m[K/home/daniel/ros2_ws/src/edu_robocub_rescue_stack/src/localisation.h:1[m[K,
[2.242s]                  from [01m[K/home/daniel/ros2_ws/src/edu_robocub_rescue_stack/src/localisation.cpp:1[m[K:
[2.242s] [01m[K/home/daniel/ros2_ws/src/edu_robocub_rescue_stack/src/control.h:9:10:[m[K [01;31m[Kfatal error: [m[KloadMap.h: No such file or directory
[2.242s]     9 | #include [01;31m[K"loadMap.h"[m[K
[2.242s]       |          [01;31m[K^~~~~~~~~~~[m[K
[2.242s] In file included from [01m[K/home/daniel/ros2_ws/src/edu_robocub_rescue_stack/src/control.cpp:2[m[K:
[2.242s] [01m[K/home/daniel/ros2_ws/src/edu_robocub_rescue_stack/src/control.h:9:10:[m[K [01;31m[Kfatal error: [m[KloadMap.h: No such file or directory
[2.242s]     9 | #include [01;31m[K"loadMap.h"[m[K
[2.242s]       |          [01;31m[K^~~~~~~~~~~[m[K
[2.242s] compilation terminated.
[2.242s] compilation terminated.
[2.245s] gmake[2]: *** [CMakeFiles/edu_robocup_rescue_stack_node.dir/build.make:118: CMakeFiles/edu_robocup_rescue_stack_node.dir/src/localisation.cpp.o] Error 1
[2.245s] gmake[2]: *** Waiting for unfinished jobs....
[2.245s] gmake[2]: *** [CMakeFiles/edu_robocup_rescue_stack_node.dir/build.make:104: CMakeFiles/edu_robocup_rescue_stack_node.dir/src/control.cpp.o] Error 1
[2.251s] In file included from [01m[K/home/daniel/ros2_ws/src/edu_robocub_rescue_stack/src/localisation.h:1[m[K,
[2.251s]                  from [01m[K/home/daniel/ros2_ws/src/edu_robocub_rescue_stack/src/localisationControlNode.h:22[m[K,
[2.251s]                  from [01m[K/home/daniel/ros2_ws/src/edu_robocub_rescue_stack/src/localistionControlNode.cpp:1[m[K:
[2.252s] [01m[K/home/daniel/ros2_ws/src/edu_robocub_rescue_stack/src/control.h:9:10:[m[K [01;31m[Kfatal error: [m[KloadMap.h: No such file or directory
[2.252s]     9 | #include [01;31m[K"loadMap.h"[m[K
[2.252s]       |          [01;31m[K^~~~~~~~~~~[m[K
[2.252s] compilation terminated.
[2.254s] gmake[2]: *** [CMakeFiles/edu_robocup_rescue_stack_node.dir/build.make:90: CMakeFiles/edu_robocup_rescue_stack_node.dir/src/localistionControlNode.cpp.o] Error 1
[2.260s] In file included from [01m[K/home/daniel/ros2_ws/src/edu_robocub_rescue_stack/src/localisation.h:1[m[K,
[2.260s]                  from [01m[K/home/daniel/ros2_ws/src/edu_robocub_rescue_stack/src/localisationControlNode.h:22[m[K,
[2.260s]                  from [01m[K/home/daniel/ros2_ws/src/edu_robocub_rescue_stack/src/edu_robocup_rescue_stack_node.cpp:3[m[K:
[2.260s] [01m[K/home/daniel/ros2_ws/src/edu_robocub_rescue_stack/src/control.h:9:10:[m[K [01;31m[Kfatal error: [m[KloadMap.h: No such file or directory
[2.260s]     9 | #include [01;31m[K"loadMap.h"[m[K
[2.260s]       |          [01;31m[K^~~~~~~~~~~[m[K
[2.260s] compilation terminated.
[2.261s] gmake[2]: *** [CMakeFiles/edu_robocup_rescue_stack_node.dir/build.make:76: CMakeFiles/edu_robocup_rescue_stack_node.dir/src/edu_robocup_rescue_stack_node.cpp.o] Error 1
[2.262s] gmake[1]: *** [CMakeFiles/Makefile2:137: CMakeFiles/edu_robocup_rescue_stack_node.dir/all] Error 2
[2.262s] gmake: *** [Makefile:146: all] Error 2
[2.263s] Invoked command in '/home/daniel/ros2_ws/src/edu_robocub_rescue_stack/build/edu_robocup_rescue_stack' returned '2': CMAKE_PREFIX_PATH=${CMAKE_PREFIX_PATH}:/home/daniel/ros2_ws/install/statistics_msgs:/home/daniel/ros2_ws/install/nav2_simple_commander:/home/daniel/ros2_ws/install/action_msgs:/opt/ros/humble /usr/bin/cmake --build /home/daniel/ros2_ws/src/edu_robocub_rescue_stack/build/edu_robocup_rescue_stack -- -j8 -l8
