[0.091s] Invoking command in '/home/daniel/ros2_ws/src/edu_robocub_rescue_stack/build/edu_robocup_rescue_stack': CMAKE_PREFIX_PATH=${CMAKE_PREFIX_PATH}:/home/daniel/ros2_ws/install/statistics_msgs:/home/daniel/ros2_ws/install/nav2_simple_commander:/home/daniel/ros2_ws/install/action_msgs:/opt/ros/humble /usr/bin/cmake --build /home/daniel/ros2_ws/src/edu_robocub_rescue_stack/build/edu_robocup_rescue_stack -- -j8 -l8
[0.322s] [35m[1mConsolidate compiler generated dependencies of target edu_robocup_rescue_stack_node[0m
[0.476s] [ 14%] [32mBuilding CXX object CMakeFiles/edu_robocup_rescue_stack_node.dir/src/edu_robocup_rescue_stack_node.cpp.o[0m
[0.485s] [ 28%] [32mBuilding CXX object CMakeFiles/edu_robocup_rescue_stack_node.dir/src/localistionControlNode.cpp.o[0m
[0.488s] [ 42%] [32mBuilding CXX object CMakeFiles/edu_robocup_rescue_stack_node.dir/src/control.cpp.o[0m
[0.493s] [ 57%] [32mBuilding CXX object CMakeFiles/edu_robocup_rescue_stack_node.dir/src/localisation.cpp.o[0m
[0.499s] [ 71%] [32mBuilding CXX object CMakeFiles/edu_robocup_rescue_stack_node.dir/src/loadMap.cpp.o[0m
[11.580s] [01m[K/home/daniel/ros2_ws/src/edu_robocub_rescue_stack/src/control.cpp:[m[K In constructor â€˜[01m[KControl::Control(LoadMap*)[m[Kâ€™:
[11.581s] [01m[K/home/daniel/ros2_ws/src/edu_robocub_rescue_stack/src/control.cpp:14:28:[m[K [01;31m[Kerror: [m[Kno matching function for call to â€˜[01m[KLoadMap::startLoadMap()[m[Kâ€™
[11.581s]    14 |     [01;31m[Km_loadMap->startLoadMap()[m[K;
[11.582s]       |     [01;31m[K~~~~~~~~~~~~~~~~~~~~~~~^~[m[K
[11.582s] In file included from [01m[K/home/daniel/ros2_ws/src/edu_robocub_rescue_stack/src/control.h:9[m[K,
[11.583s]                  from [01m[K/home/daniel/ros2_ws/src/edu_robocub_rescue_stack/src/control.cpp:2[m[K:
[11.583s] [01m[K/home/daniel/ros2_ws/src/edu_robocub_rescue_stack/src/loadMap.h:16:10:[m[K [01;36m[Knote: [m[Kcandidate: â€˜[01m[Kvoid LoadMap::startLoadMap(std::string, std::chrono::seconds)[m[Kâ€™
[11.584s]    16 |     void [01;36m[KstartLoadMap[m[K(std::string url, std::chrono::seconds timeout = 1s);
[11.584s]       |          [01;36m[K^~~~~~~~~~~~[m[K
[11.587s] [01m[K/home/daniel/ros2_ws/src/edu_robocub_rescue_stack/src/loadMap.h:16:10:[m[K [01;36m[Knote: [m[K  candidate expects 2 arguments, 0 provided
[14.063s] gmake[2]: *** [CMakeFiles/edu_robocup_rescue_stack_node.dir/build.make:104: CMakeFiles/edu_robocup_rescue_stack_node.dir/src/control.cpp.o] Error 1
[14.064s] gmake[2]: *** Waiting for unfinished jobs....
[14.424s] [01m[K/home/daniel/ros2_ws/src/edu_robocub_rescue_stack/src/localistionControlNode.cpp:[m[K In member function â€˜[01m[Kvoid LocalisationControlNode::odom_callback(nav_msgs::msg::Odometry_<std::allocator<void> >::SharedPtr)[m[Kâ€™:
[14.425s] [01m[K/home/daniel/ros2_ws/src/edu_robocub_rescue_stack/src/localistionControlNode.cpp:45:11:[m[K [01;35m[Kwarning: [m[Kunused variable â€˜[01m[Kx[m[Kâ€™ [[01;35m[K]8;;https://gcc.gnu.org/onlinedocs/gcc/Warning-Options.html#index-Wunused-variable-Wunused-variable]8;;[m[K]
[14.425s]    45 |     float [01;35m[Kx[m[K = msg_odom->pose.pose.position.x;
[14.426s]       |           [01;35m[K^[m[K
[14.426s] [01m[K/home/daniel/ros2_ws/src/edu_robocub_rescue_stack/src/localistionControlNode.cpp:46:11:[m[K [01;35m[Kwarning: [m[Kunused variable â€˜[01m[Ky[m[Kâ€™ [[01;35m[K]8;;https://gcc.gnu.org/onlinedocs/gcc/Warning-Options.html#index-Wunused-variable-Wunused-variable]8;;[m[K]
[14.427s]    46 |     float [01;35m[Ky[m[K = msg_odom->pose.pose.position.y;
[14.427s]       |           [01;35m[K^[m[K
[14.427s] [01m[K/home/daniel/ros2_ws/src/edu_robocub_rescue_stack/src/localistionControlNode.cpp:50:11:[m[K [01;35m[Kwarning: [m[Kunused variable â€˜[01m[Kx_orient[m[Kâ€™ [[01;35m[K]8;;https://gcc.gnu.org/onlinedocs/gcc/Warning-Options.html#index-Wunused-variable-Wunused-variable]8;;[m[K]
[14.428s]    50 |     float [01;35m[Kx_orient[m[K = msg_odom->pose.pose.orientation.x;
[14.428s]       |           [01;35m[K^~~~~~~~[m[K
[14.429s] [01m[K/home/daniel/ros2_ws/src/edu_robocub_rescue_stack/src/localistionControlNode.cpp:51:11:[m[K [01;35m[Kwarning: [m[Kunused variable â€˜[01m[Ky_orient[m[Kâ€™ [[01;35m[K]8;;https://gcc.gnu.org/onlinedocs/gcc/Warning-Options.html#index-Wunused-variable-Wunused-variable]8;;[m[K]
[14.429s]    51 |     float [01;35m[Ky_orient[m[K = msg_odom->pose.pose.orientation.y;
[14.430s]       |           [01;35m[K^~~~~~~~[m[K
[14.431s] [01m[K/home/daniel/ros2_ws/src/edu_robocub_rescue_stack/src/localistionControlNode.cpp:52:11:[m[K [01;35m[Kwarning: [m[Kunused variable â€˜[01m[Kz_orient[m[Kâ€™ [[01;35m[K]8;;https://gcc.gnu.org/onlinedocs/gcc/Warning-Options.html#index-Wunused-variable-Wunused-variable]8;;[m[K]
[14.431s]    52 |     float [01;35m[Kz_orient[m[K = msg_odom->pose.pose.orientation.z;
[14.432s]       |           [01;35m[K^~~~~~~~[m[K
[14.432s] [01m[K/home/daniel/ros2_ws/src/edu_robocub_rescue_stack/src/localistionControlNode.cpp:53:11:[m[K [01;35m[Kwarning: [m[Kunused variable â€˜[01m[Kw_orient[m[Kâ€™ [[01;35m[K]8;;https://gcc.gnu.org/onlinedocs/gcc/Warning-Options.html#index-Wunused-variable-Wunused-variable]8;;[m[K]
[14.433s]    53 |     float [01;35m[Kw_orient[m[K = msg_odom->pose.pose.orientation.w;
[14.433s]       |           [01;35m[K^~~~~~~~[m[K
[14.434s] [01m[K/home/daniel/ros2_ws/src/edu_robocub_rescue_stack/src/localistionControlNode.cpp:[m[K In member function â€˜[01m[Kvoid LocalisationControlNode::timer_callback()[m[Kâ€™:
[14.434s] [01m[K/home/daniel/ros2_ws/src/edu_robocub_rescue_stack/src/localistionControlNode.cpp:69:10:[m[K [01;35m[Kwarning: [m[Kvariable â€˜[01m[Kmessage[m[Kâ€™ set but not used [[01;35m[K]8;;https://gcc.gnu.org/onlinedocs/gcc/Warning-Options.html#index-Wunused-but-set-variable-Wunused-but-set-variable]8;;[m[K]
[14.435s]    69 |     auto [01;35m[Kmessage[m[K = geometry_msgs::msg::Twist();
[14.435s]       |          [01;35m[K^~~~~~~[m[K
[14.436s] [01m[K/home/daniel/ros2_ws/src/edu_robocub_rescue_stack/src/localistionControlNode.cpp:[m[K In member function â€˜[01m[Kvoid LocalisationControlNode::velocity_callback(geometry_msgs::msg::Twist_<std::allocator<void> >::SharedPtr)[m[Kâ€™:
[14.437s] [01m[K/home/daniel/ros2_ws/src/edu_robocub_rescue_stack/src/localistionControlNode.cpp:89:92:[m[K [01;35m[Kwarning: [m[Kunused parameter â€˜[01m[Kmsg_vel[m[Kâ€™ [[01;35m[K]8;;https://gcc.gnu.org/onlinedocs/gcc/Warning-Options.html#index-Wunused-parameter-Wunused-parameter]8;;[m[K]
[14.437s]    89 | void LocalisationControlNode::velocity_callback([01;35m[Kconst geometry_msgs::msg::Twist::SharedPtr msg_vel[m[K)
[14.438s]       |                                                 [01;35m[K~~~~~~~~~~~~~~~~~~~~~~~~~~~~~~~~~~~~~~~~~~~^~~~~~~[m[K
[75.682s] gmake[1]: *** [CMakeFiles/Makefile2:137: CMakeFiles/edu_robocup_rescue_stack_node.dir/all] Error 2
[75.682s] gmake: *** [Makefile:146: all] Error 2
[75.690s] Invoked command in '/home/daniel/ros2_ws/src/edu_robocub_rescue_stack/build/edu_robocup_rescue_stack' returned '2': CMAKE_PREFIX_PATH=${CMAKE_PREFIX_PATH}:/home/daniel/ros2_ws/install/statistics_msgs:/home/daniel/ros2_ws/install/nav2_simple_commander:/home/daniel/ros2_ws/install/action_msgs:/opt/ros/humble /usr/bin/cmake --build /home/daniel/ros2_ws/src/edu_robocub_rescue_stack/build/edu_robocup_rescue_stack -- -j8 -l8
